#
# A fatal error has been detected by the Java Runtime Environment:
#
#  EXCEPTION_ACCESS_VIOLATION (0xc0000005) at pc=0x00007fff8ccd29e4, pid=12584, tid=8248
#
# JRE version: OpenJDK Runtime Environment Temurin-21.0.3+9 (21.0.3+9) (build 21.0.3+9-LTS)
# Java VM: OpenJDK 64-Bit Server VM Temurin-21.0.3+9 (21.0.3+9-LTS, mixed mode, emulated-client, sharing, tiered, compressed oops, compressed class ptrs, g1 gc, windows-amd64)
# Problematic frame:
# V  [jvm.dll+0x3629e4]
#
# No core dump will be written. Minidumps are not enabled by default on client versions of Windows
#
# If you would like to submit a bug report, please visit:
#   https://github.com/adoptium/adoptium-support/issues
#

---------------  S U M M A R Y ------------

Command Line: -XX:+ShowCodeDetailsInExceptionMessages -agentlib:jdwp=transport=dt_socket,suspend=y,address=localhost:51472 -Dcom.sun.management.jmxremote -Dcom.sun.management.jmxremote.port=51471 -Dcom.sun.management.jmxremote.authenticate=false -Dcom.sun.management.jmxremote.ssl=false -Djava.rmi.server.hostname=localhost -Dspring.jmx.enabled=true -Dmanagement.endpoints.jmx.exposure.include=* -Dspring.application.admin.enabled=true -XX:TieredStopAtLevel=1 -Dspring.boot.project.name=spring-chap8-ec -javaagent:C:\pleiades\2024-06\eclipse\configuration\org.eclipse.osgi\251\0\.cp\lib\javaagent-shaded.jar -Dfile.encoding=UTF-8 -Dstdout.encoding=UTF-8 -Dstderr.encoding=UTF-8 com.example.demo.SpringChap8EcApplication --spring.output.ansi.enabled=always

Host: Intel(R) Core(TM) i5-10210U CPU @ 1.60GHz, 8 cores, 15G,  Windows 11 , 64 bit Build 26100 (10.0.26100.3624)
Time: Tue May 20 16:59:24 2025  Windows 11 , 64 bit Build 26100 (10.0.26100.3624) elapsed time: 6648.150875 seconds (0d 1h 50m 48s)

---------------  T H R E A D  ---------------

Current thread (0x0000027bdd426180):  WorkerThread "GC Thread#1"    [id=8248, stack(0x000000c280500000,0x000000c280600000) (1024K)]

Stack: [0x000000c280500000,0x000000c280600000],  sp=0x000000c2805fe0f0,  free space=1016k
Native frames: (J=compiled Java code, j=interpreted, Vv=VM code, C=native code)
V  [jvm.dll+0x3629e4]
V  [jvm.dll+0x312f5b]
V  [jvm.dll+0x3129ad]
V  [jvm.dll+0x3eace5]
V  [jvm.dll+0x84c2f6]
V  [jvm.dll+0x855c91]
V  [jvm.dll+0x36310a]
V  [jvm.dll+0x362f9a]
V  [jvm.dll+0x36a864]
V  [jvm.dll+0x36a9db]
V  [jvm.dll+0x8cf697]
V  [jvm.dll+0x84bf8b]
V  [jvm.dll+0x6c6dcd]
C  [ucrtbase.dll+0x37b0]
C  [KERNEL32.DLL+0x2e8d7]
C  [ntdll.dll+0xb14fc]

JavaThread 0x0000027bde0d2400 (nid = 5080) was being processed
Java frames: (J=compiled Java code, j=interpreted, Vv=VM code)
j  java.lang.invoke.DirectMethodHandle$Holder.newInvokeSpecial(Ljava/lang/Object;)Ljava/lang/Object;+15 java.base@21.0.3
J 898 c1 jdk.internal.reflect.DirectConstructorHandleAccessor.newInstance([Ljava/lang/Object;)Ljava/lang/Object; java.base@21.0.3 (130 bytes) @ 0x0000027b8c7316ec [0x0000027b8c7314e0+0x000000000000020c]
J 897 c1 java.lang.reflect.Constructor.newInstanceWithCaller([Ljava/lang/Object;ZLjava/lang/Class;)Ljava/lang/Object; java.base@21.0.3 (51 bytes) @ 0x0000027b8c72d53c [0x0000027b8c72d460+0x00000000000000dc]
J 3414 c1 org.springframework.beans.BeanUtils.instantiateClass(Ljava/lang/reflect/Constructor;[Ljava/lang/Object;)Ljava/lang/Object; (208 bytes) @ 0x0000027b8cba6c0c [0x0000027b8cba6680+0x000000000000058c]
J 8381 c1 org.springframework.beans.factory.support.SimpleInstantiationStrategy.instantiate(Lorg/springframework/beans/factory/support/RootBeanDefinition;Ljava/lang/String;Lorg/springframework/beans/factory/BeanFactory;)Ljava/lang/Object; (123 bytes) @ 0x0000027b8c676f6c [0x0000027b8c676aa0+0x00000000000004cc]
J 8380 c1 org.springframework.beans.factory.support.AbstractAutowireCapableBeanFactory.instantiateBean(Ljava/lang/String;Lorg/springframework/beans/factory/support/RootBeanDefinition;)Lorg/springframework/beans/BeanWrapper; (51 bytes) @ 0x0000027b8c7a5e74 [0x0000027b8c7a5dc0+0x00000000000000b4]
J 6438 c1 org.springframework.beans.factory.support.AbstractAutowireCapableBeanFactory.createBeanInstance(Ljava/lang/String;Lorg/springframework/beans/factory/support/RootBeanDefinition;[Ljava/lang/Object;)Lorg/springframework/beans/BeanWrapper; (245 bytes) @ 0x0000027b8d08d404 [0x0000027b8d08cdc0+0x0000000000000644]
J 6437 c1 org.springframework.beans.factory.support.AbstractAutowireCapableBeanFactory.doCreateBean(Ljava/lang/String;Lorg/springframework/beans/factory/support/RootBeanDefinition;[Ljava/lang/Object;)Ljava/lang/Object; (465 bytes) @ 0x0000027b8d08ebac [0x0000027b8d08ea00+0x00000000000001ac]
J 6436 c1 org.springframework.beans.factory.support.AbstractAutowireCapableBeanFactory.createBean(Ljava/lang/String;Lorg/springframework/beans/factory/support/RootBeanDefinition;[Ljava/lang/Object;)Ljava/lang/Object; (214 bytes) @ 0x0000027b8d086ebc [0x0000027b8d0869c0+0x00000000000004fc]
J 8073 c1 org.springframework.beans.factory.support.AbstractBeanFactory$$Lambda+0x0000027b99278228.getObject()Ljava/lang/Object; (20 bytes) @ 0x0000027b8c7d4a3c [0x0000027b8c7d49a0+0x000000000000009c]
J 6434 c1 org.springframework.beans.factory.support.DefaultSingletonBeanRegistry.getSingleton(Ljava/lang/String;Lorg/springframework/beans/factory/ObjectFactory;)Ljava/lang/Object; (461 bytes) @ 0x0000027b8d088ac4 [0x0000027b8d088480+0x0000000000000644]
J 3206 c1 org.springframework.beans.factory.support.AbstractBeanFactory.doGetBean(Ljava/lang/String;Ljava/lang/Class;[Ljava/lang/Object;Z)Ljava/lang/Object; (787 bytes) @ 0x0000027b8cb4602c [0x0000027b8cb459a0+0x000000000000068c]
J 13612 c1 org.springframework.beans.factory.support.DefaultListableBeanFactory.instantiateSingleton(Ljava/lang/String;)V (56 bytes) @ 0x0000027b8d1a4e74 [0x0000027b8d1a4a20+0x0000000000000454]
J 13609 c1 org.springframework.beans.factory.support.DefaultListableBeanFactory.preInstantiateSingleton(Ljava/lang/String;Lorg/springframework/beans/factory/support/RootBeanDefinition;)Ljava/util/concurrent/CompletableFuture; (146 bytes) @ 0x0000027b8d16861c [0x0000027b8d168360+0x00000000000002bc]
j  org.springframework.beans.factory.support.DefaultListableBeanFactory.preInstantiateSingletons()V+118
j  org.springframework.context.support.AbstractApplicationContext.finishBeanFactoryInitialization(Lorg/springframework/beans/factory/config/ConfigurableListableBeanFactory;)V+284
j  org.springframework.context.support.AbstractApplicationContext.refresh()V+94
j  org.springframework.boot.web.servlet.context.ServletWebServerApplicationContext.refresh()V+1
j  org.springframework.boot.SpringApplication.refresh(Lorg/springframework/context/ConfigurableApplicationContext;)V+1
j  org.springframework.boot.SpringApplication.refreshContext(Lorg/springframework/context/ConfigurableApplicationContext;)V+19
j  org.springframework.boot.SpringApplication.run([Ljava/lang/String;)Lorg/springframework/context/ConfigurableApplicationContext;+113
j  org.springframework.boot.SpringApplication.run([Ljava/lang/Class;[Ljava/lang/String;)Lorg/springframework/context/ConfigurableApplicationContext;+9
j  org.springframework.boot.SpringApplication.run(Ljava/lang/Class;[Ljava/lang/String;)Lorg/springframework/context/ConfigurableApplicationContext;+9
j  com.example.demo.SpringChap8EcApplication.main([Ljava/lang/String;)V+3
j  java.lang.invoke.LambdaForm$DMH+0x0000027b99004c00.invokeStatic(Ljava/lang/Object;Ljava/lang/Object;)V+10 java.base@21.0.3
j  java.lang.invoke.LambdaForm$MH+0x0000027b99ac1c00.invoke(Ljava/lang/Object;Ljava/lang/Object;Ljava/lang/Object;)Ljava/lang/Object;+33 java.base@21.0.3
J 5021 c1 jdk.internal.reflect.DirectMethodHandleAccessor.invoke(Ljava/lang/Object;[Ljava/lang/Object;)Ljava/lang/Object; java.base@21.0.3 (92 bytes) @ 0x0000027b8ce540fc [0x0000027b8ce53d40+0x00000000000003bc]
J 5041 c1 java.lang.reflect.Method.invoke(Ljava/lang/Object;[Ljava/lang/Object;)Ljava/lang/Object; java.base@21.0.3 (108 bytes) @ 0x0000027b8ce5a274 [0x0000027b8ce5a080+0x00000000000001f4]
j  org.springframework.boot.devtools.restart.RestartLauncher.run()V+47
v  ~StubRoutines::call_stub 0x0000027b8c30100d

siginfo: EXCEPTION_ACCESS_VIOLATION (0xc0000005), reading address 0x0000027b8257de48


Registers:
RAX=0x0000000000061407, RBX=0x0000027bdde2b068, RCX=0x0000000000000015, RDX=0x0000027b824bb63a
RSP=0x000000c2805fe0f0, RBP=0x000000c2805fe220, RSI=0x000000c2805fe3f0, RDI=0x000000c280ffd5c0
R8 =0x000000c280ffd5c0, R9 =0x0000027b8246c280, R10=0x0000027b8c300000, R11=0x000000c2805fe298
R12=0x0000027b98544140, R13=0x0000027b9775c200, R14=0x0000027bdd2ad510, R15=0x0000000000000000
RIP=0x00007fff8ccd29e4, EFLAGS=0x0000000000010203


Register to memory mapping:

RAX=0x0000000000061407 is an unknown value
RBX=0x0000027bdde2b068 points into unknown readable memory: 0x00007fff8d393540 | 40 35 39 8d ff 7f 00 00
RCX=0x0000000000000015 is an unknown value
RDX=0x0000027b824bb63a points into unknown readable memory: 00 00 00 00 00 00
RSP=0x000000c2805fe0f0 points into unknown readable memory: 0x000000c2805fe1b0 | b0 e1 5f 80 c2 00 00 00
RBP=0x000000c2805fe220 points into unknown readable memory: 0x000000c200000000 | 00 00 00 00 c2 00 00 00
RSI=0x000000c2805fe3f0 points into unknown readable memory: 0x000000c280ffd5b8 | b8 d5 ff 80 c2 00 00 00
RDI=0x000000c280ffd5c0 is pointing into the stack for thread: 0x0000027bde0d2400
R8 =0x000000c280ffd5c0 is pointing into the stack for thread: 0x0000027bde0d2400
R9 =0x0000027b8246c280 points into unknown readable memory: 0x00007fff8d38a5e8 | e8 a5 38 8d ff 7f 00 00
R10=0x0000027b8c300000 points into unknown readable memory: 0x0000000000000006 | 06 00 00 00 00 00 00 00
R11=0x000000c2805fe298 points into unknown readable memory: 0x00007fff8cc829ad | ad 29 c8 8c ff 7f 00 00
R12=0x0000027b98544140 is pointing into metadata
R13=0x0000027b9775c200 points into unknown readable memory: 0x0000000000000000 | 00 00 00 00 00 00 00 00
R14=0x0000027bdd2ad510 points into unknown readable memory: 0x01300cb0012f0c02 | 02 0c 2f 01 b0 0c 30 01
R15=0x0 is null

Top of Stack: (sp=0x000000c2805fe0f0)
0x000000c2805fe0f0:   000000c2805fe1b0 000000c2805fe3f0
0x000000c2805fe100:   0000027b98480090 0000000000000000
0x000000c2805fe110:   0000027bdde2b068 00007fff8cc82f5b
0x000000c2805fe120:   0000000000000001 0000027b980b6430
0x000000c2805fe130:   0000027bdde2b068 000000c2805fe3f0
0x000000c2805fe140:   0000000f8c4c8a01 0000027b980b6430
0x000000c2805fe150:   0000027bdd426180 0000027b00000003
0x000000c2805fe160:   00000000000003d8 0000027b9775c210
0x000000c2805fe170:   0000027b9775c5e8 0000027b9872d07f
0x000000c2805fe180:   0000027b000000b8 0000027b980b6430
0x000000c2805fe190:   00007fff8d388fa0 000000c2805fe3f0
0x000000c2805fe1a0:   0000027bdde2b068 0000000400000003
0x000000c2805fe1b0:   0000027b98544140 0000001300000001
0x000000c2805fe1c0:   0000000000000032 000000010000000c
0x000000c2805fe1d0:   0000027b98480090 0000000000000000
0x000000c2805fe1e0:   0000027be001f724 0000b30200000002
0x000000c2805fe1f0:   0000000300000001 0000ffff0948e200
0x000000c2805fe200:   00007fff8d1c4c70 0000027bdde2b068
0x000000c2805fe210:   0000027b98017600 0000000697750013
0x000000c2805fe220:   000000c200000000 0000000000000015
0x000000c2805fe230:   0000027bdde2b068 00007fff8ccd2a6e
0x000000c2805fe240:   0000000000000000 000000c200000003
0x000000c2805fe250:   0000b3028e2cb8c8 00007fff8cc93617
0x000000c2805fe260:   0000027bdde2b068 00000000000003d8
0x000000c2805fe270:   0000027b9775c5e8 000000c2805fe3f0
0x000000c2805fe280:   0000027bdde2b110 00007fff8d1c4c70
0x000000c2805fe290:   0000027bdde2b068 00007fff8cc829ad
0x000000c2805fe2a0:   0000000000000000 0000027bdde2b110
0x000000c2805fe2b0:   0000000000000000 00007fff8cd5cc16
0x000000c2805fe2c0:   000000c2805fe320 0000000000000000
0x000000c2805fe2d0:   0000000000000000 0000000000000000
0x000000c2805fe2e0:   0000027bde0d2400 00007fff8d10a6a1 

Instructions: (pc=0x00007fff8ccd29e4)
0x00007fff8ccd28e4:   00 00 48 d3 e8 0f b7 14 42 0f b7 c2 66 c1 e8 08
0x00007fff8ccd28f4:   84 c0 78 3a 4c 8b 07 41 0f b6 c0 24 03 3c 03 75
0x00007fff8ccd2904:   06 49 83 e0 fc eb 12 48 8b 4b 10 4d 8b c8 4c 8b
0x00007fff8ccd2914:   c7 e8 96 1a ff ff 4c 8b c0 4c 2b 05 7c a6 8b 00
0x00007fff8ccd2924:   8b 0d 7e a6 8b 00 49 d3 e8 44 89 06 eb 5a 3c fd
0x00007fff8ccd2934:   75 37 41 8b 88 18 02 00 00 48 8b d7 49 8b 80 10
0x00007fff8ccd2944:   02 00 00 48 d3 e0 8b 0d 80 78 92 00 48 2b d0 49
0x00007fff8ccd2954:   8b 80 90 05 00 00 48 d3 ea 8b ca 80 7c 48 01 fd
0x00007fff8ccd2964:   75 17 c6 44 48 01 ff eb 10 3c fc 75 0c 48 8b 4b
0x00007fff8ccd2974:   10 48 8b d6 e8 f3 f2 ff ff 8b 53 18 4c 8b c7 48
0x00007fff8ccd2984:   8b 4b 28 e8 54 59 fb ff 48 8b 4b 10 e8 cb f3 fe
0x00007fff8ccd2994:   ff 48 8b 7c 24 30 48 8b 5c 24 38 48 83 c4 20 5e
0x00007fff8ccd29a4:   c3 cc cc cc cc cc cc cc cc cc cc cc 48 89 5c 24
0x00007fff8ccd29b4:   08 57 48 83 ec 20 4c 8b 02 48 8b fa 48 8b d9 4d
0x00007fff8ccd29c4:   85 c0 0f 84 a2 00 00 00 4c 8b 49 08 49 8b c0 41
0x00007fff8ccd29d4:   8b 89 b0 05 00 00 49 8b 91 a0 05 00 00 48 d3 e8
0x00007fff8ccd29e4:   0f b7 14 42 0f b7 c2 66 c1 e8 08 84 c0 78 29 49
0x00007fff8ccd29f4:   8b 08 0f b6 c1 24 03 3c 03 75 09 48 83 e1 fc 48
0x00007fff8ccd2a04:   89 0f eb 5d 4c 8b c9 48 8b 4b 10 e8 9c 19 ff ff
0x00007fff8ccd2a14:   48 8b c8 48 89 07 eb 49 3c fd 75 35 41 8b 89 18
0x00007fff8ccd2a24:   02 00 00 49 8b 81 10 02 00 00 48 d3 e0 8b 0d 99
0x00007fff8ccd2a34:   77 92 00 4c 2b c0 49 8b 81 90 05 00 00 49 d3 e8
0x00007fff8ccd2a44:   41 8b c8 80 7c 48 01 fd 75 17 c6 44 48 01 ff eb
0x00007fff8ccd2a54:   10 3c fc 75 0c 48 8b 4b 10 48 8b d7 e8 ab f1 ff
0x00007fff8ccd2a64:   ff 48 8b 4b 10 e8 f2 f2 fe ff 48 8b 5c 24 30 48
0x00007fff8ccd2a74:   83 c4 20 5f c3 cc cc cc cc cc cc cc 48 89 5c 24
0x00007fff8ccd2a84:   08 57 48 83 ec 20 8b 02 48 8b fa 48 8b d9 85 c0
0x00007fff8ccd2a94:   0f 84 c6 00 00 00 8b 0d 08 a5 8b 00 44 8b d0 4c
0x00007fff8ccd2aa4:   8b 43 08 49 d3 e2 4c 03 15 ef a4 8b 00 49 8b c2
0x00007fff8ccd2ab4:   41 8b 88 b0 05 00 00 49 8b 90 a0 05 00 00 48 d3
0x00007fff8ccd2ac4:   e8 0f b7 14 42 0f b7 c2 66 c1 e8 08 84 c0 78 3a
0x00007fff8ccd2ad4:   4d 8b 02 41 0f b6 c0 24 03 3c 03 75 06 49 83 e0 


Stack slot to memory mapping:

stack at sp + 0 slots: 0x000000c2805fe1b0 points into unknown readable memory: 0x0000027b98544140 | 40 41 54 98 7b 02 00 00
stack at sp + 1 slots: 0x000000c2805fe3f0 points into unknown readable memory: 0x000000c280ffd5b8 | b8 d5 ff 80 c2 00 00 00
stack at sp + 2 slots: 0x0000027b98480090 is pointing into metadata
stack at sp + 3 slots: 0x0 is null
stack at sp + 4 slots: 0x0000027bdde2b068 points into unknown readable memory: 0x00007fff8d393540 | 40 35 39 8d ff 7f 00 00
stack at sp + 5 slots: 0x00007fff8cc82f5b jvm.dll
stack at sp + 6 slots: 0x0000000000000001 is an unknown value
stack at sp + 7 slots: {method} {0x0000027b980b6438} 'newInvokeSpecial' '(Ljava/lang/Object;)Ljava/lang/Object;' in 'java/lang/invoke/DirectMethodHandle$Holder'


---------------  P R O C E S S  ---------------

Threads class SMR info:
_java_thread_list=0x0000027be094aa60, length=31, elements={
0x0000027b97582270, 0x0000027b975839f0, 0x0000027b97588980, 0x0000027b9758c090,
0x0000027b975933b0, 0x0000027b97598fc0, 0x0000027b975abbc0, 0x0000027b97595b40,
0x0000027b977b6560, 0x0000027b977d8260, 0x0000027b977da8f0, 0x0000027b975961d0,
0x0000027b97597580, 0x0000027b97596860, 0x0000027b97598930, 0x0000027bdd9d93f0,
0x0000027bdd9d9a80, 0x0000027bdd9de2b0, 0x0000027bde0ce260, 0x0000027bde0ce8f0,
0x0000027bde0d0330, 0x0000027bde0d16e0, 0x0000027bde0d09c0, 0x0000027bde0d2a90,
0x0000027bde0d51f0, 0x0000027b97596ef0, 0x0000027bde0d2400, 0x0000027bde0d1050,
0x0000027bde0cfca0, 0x0000027bde0d1d70, 0x0000027bde0cef80
}

Java Threads: ( => current thread )
  0x0000027b97582270 JavaThread "Reference Handler"          daemon [_thread_blocked, id=7560, stack(0x000000c2ff600000,0x000000c2ff700000) (1024K)]
  0x0000027b975839f0 JavaThread "Finalizer"                  daemon [_thread_blocked, id=14884, stack(0x000000c2ff700000,0x000000c2ff800000) (1024K)]
  0x0000027b97588980 JavaThread "Signal Dispatcher"          daemon [_thread_blocked, id=13404, stack(0x000000c2ff800000,0x000000c2ff900000) (1024K)]
  0x0000027b9758c090 JavaThread "Attach Listener"            daemon [_thread_blocked, id=3008, stack(0x000000c2ff900000,0x000000c2ffa00000) (1024K)]
  0x0000027b975933b0 JavaThread "Service Thread"             daemon [_thread_blocked, id=7056, stack(0x000000c2ffa00000,0x000000c2ffb00000) (1024K)]
  0x0000027b97598fc0 JavaThread "Monitor Deflation Thread"   daemon [_thread_blocked, id=15792, stack(0x000000c2ffb00000,0x000000c2ffc00000) (1024K)]
  0x0000027b975abbc0 JavaThread "C1 CompilerThread0"         daemon [_thread_blocked, id=14840, stack(0x000000c2ffc00000,0x000000c2ffd00000) (1024K)]
  0x0000027b97595b40 JavaThread "Common-Cleaner"             daemon [_thread_blocked, id=8012, stack(0x000000c2ffd00000,0x000000c2ffe00000) (1024K)]
  0x0000027b977b6560 JavaThread "JDWP Transport Listener: dt_socket" daemon [_thread_blocked, id=16956, stack(0x000000c280100000,0x000000c280200000) (1024K)]
  0x0000027b977d8260 JavaThread "JDWP Event Helper Thread"   daemon [_thread_blocked, id=14296, stack(0x000000c280200000,0x000000c280300000) (1024K)]
  0x0000027b977da8f0 JavaThread "JDWP Command Reader"        daemon [_thread_in_native, id=14944, stack(0x000000c280300000,0x000000c280400000) (1024K)]
  0x0000027b975961d0 JavaThread "Notification Thread"        daemon [_thread_blocked, id=1088, stack(0x000000c280400000,0x000000c280500000) (1024K)]
  0x0000027b97597580 JavaThread "RMI TCP Accept-0"           daemon [_thread_in_native, id=5024, stack(0x000000c280c00000,0x000000c280d00000) (1024K)]
  0x0000027b97596860 JavaThread "RMI TCP Accept-51471"       daemon [_thread_in_native, id=15376, stack(0x000000c280d00000,0x000000c280e00000) (1024K)]
  0x0000027b97598930 JavaThread "RMI TCP Accept-0"           daemon [_thread_in_native, id=16712, stack(0x000000c280e00000,0x000000c280f00000) (1024K)]
  0x0000027bdd9d93f0 JavaThread "RMI Scheduler(0)"           daemon [_thread_blocked, id=12060, stack(0x000000c281200000,0x000000c281300000) (1024K)]
  0x0000027bdd9d9a80 JavaThread "JMX server connection timeout 41" daemon [_thread_blocked, id=11840, stack(0x000000c281400000,0x000000c281500000) (1024K)]
  0x0000027bdd9de2b0 JavaThread "Live Reload Server"         daemon [_thread_in_native, id=7852, stack(0x000000c281f00000,0x000000c282000000) (1024K)]
  0x0000027bde0ce260 JavaThread "DestroyJavaVM"                     [_thread_blocked, id=15952, stack(0x000000c2fee00000,0x000000c2fef00000) (1024K)]
  0x0000027bde0ce8f0 JavaThread "File Watcher"               daemon [_thread_blocked, id=17192, stack(0x000000c281000000,0x000000c281100000) (1024K)]
  0x0000027bde0d0330 JavaThread "File Watcher"               daemon [_thread_blocked, id=14864, stack(0x000000c281300000,0x000000c281400000) (1024K)]
  0x0000027bde0d16e0 JavaThread "File Watcher"               daemon [_thread_blocked, id=7520, stack(0x000000c281500000,0x000000c281600000) (1024K)]
  0x0000027bde0d09c0 JavaThread "File Watcher"               daemon [_thread_blocked, id=8232, stack(0x000000c281700000,0x000000c281800000) (1024K)]
  0x0000027bde0d2a90 JavaThread "PostgreSQL-JDBC-Cleaner"    daemon [_thread_blocked, id=14448, stack(0x000000c281c00000,0x000000c281d00000) (1024K)]
  0x0000027bde0d51f0 JavaThread "RMI TCP Connection(idle)"   daemon [_thread_blocked, id=8996, stack(0x000000c281100000,0x000000c281200000) (1024K)]
  0x0000027b97596ef0 JavaThread "Thread-47"                         [_thread_blocked, id=16492, stack(0x000000c280000000,0x000000c280100000) (1024K)]
  0x0000027bde0d2400 JavaThread "restartedMain"                     [_thread_blocked, id=5080, stack(0x000000c280f00000,0x000000c281000000) (1024K)]
  0x0000027bde0d1050 JavaThread "Catalina-utility-1"                [_thread_blocked, id=17152, stack(0x000000c281800000,0x000000c281900000) (1024K)]
  0x0000027bde0cfca0 JavaThread "Catalina-utility-2"                [_thread_blocked, id=396, stack(0x000000c281a00000,0x000000c281b00000) (1024K)]
  0x0000027bde0d1d70 JavaThread "container-4"                       [_thread_blocked, id=7364, stack(0x000000c281b00000,0x000000c281c00000) (1024K)]
  0x0000027bde0cef80 JavaThread "HikariPool-14 housekeeper"  daemon [_thread_blocked, id=11708, stack(0x000000c281d00000,0x000000c281e00000) (1024K)]
Total: 31

Other Threads:
  0x0000027b9755fb10 VMThread "VM Thread"                           [id=15984, stack(0x000000c2ff500000,0x000000c2ff600000) (1024K)]
  0x0000027b9754d7f0 WatcherThread "VM Periodic Task Thread"        [id=1616, stack(0x000000c2ff400000,0x000000c2ff500000) (1024K)]
  0x0000027b824c36b0 WorkerThread "GC Thread#0"                     [id=4492, stack(0x000000c2fef00000,0x000000c2ff000000) (1024K)]
=>0x0000027bdd426180 WorkerThread "GC Thread#1"                     [id=8248, stack(0x000000c280500000,0x000000c280600000) (1024K)]
  0x0000027bdd426520 WorkerThread "GC Thread#2"                     [id=8972, stack(0x000000c280600000,0x000000c280700000) (1024K)]
  0x0000027bdd4268c0 WorkerThread "GC Thread#3"                     [id=7224, stack(0x000000c280700000,0x000000c280800000) (1024K)]
  0x0000027bdd41ff40 WorkerThread "GC Thread#4"                     [id=15340, stack(0x000000c280800000,0x000000c280900000) (1024K)]
  0x0000027bdd4202e0 WorkerThread "GC Thread#5"                     [id=4656, stack(0x000000c280900000,0x000000c280a00000) (1024K)]
  0x0000027bdd4506e0 WorkerThread "GC Thread#6"                     [id=16924, stack(0x000000c280a00000,0x000000c280b00000) (1024K)]
  0x0000027bdd4511c0 WorkerThread "GC Thread#7"                     [id=2196, stack(0x000000c280b00000,0x000000c280c00000) (1024K)]
  0x0000027b824d4220 ConcurrentGCThread "G1 Main Marker"            [id=6960, stack(0x000000c2ff000000,0x000000c2ff100000) (1024K)]
  0x0000027b824d7350 WorkerThread "G1 Conc#0"                       [id=16076, stack(0x000000c2ff100000,0x000000c2ff200000) (1024K)]
  0x0000027bdd451900 WorkerThread "G1 Conc#1"                       [id=9524, stack(0x000000c281600000,0x000000c281700000) (1024K)]
  0x0000027b8250e3e0 ConcurrentGCThread "G1 Refine#0"               [id=1252, stack(0x000000c2ff200000,0x000000c2ff300000) (1024K)]
  0x0000027b9741d1a0 ConcurrentGCThread "G1 Service"                [id=12252, stack(0x000000c2ff300000,0x000000c2ff400000) (1024K)]
Total: 15

Threads with active compile tasks:
Total: 0

VM state: at safepoint (normal execution)

VM Mutex/Monitor currently owned by a thread:  ([mutex/lock_event])
[0x00007fff8d612128] Threads_lock - owner thread: 0x0000027b9755fb10
[0x00007fff8d612228] Heap_lock - owner thread: 0x0000027bde0d16e0

Heap address: 0x0000000704600000, size: 4026 MB, Compressed Oops mode: Zero based, Oop shift amount: 3

CDS archive(s) mapped at: [0x0000027b98000000-0x0000027b98c90000-0x0000027b98c90000), size 13172736, SharedBaseAddress: 0x0000027b98000000, ArchiveRelocationMode: 1.
Compressed class space mapped at: 0x0000027b99000000-0x0000027bd9000000, reserved size: 1073741824
Narrow klass base: 0x0000027b98000000, Narrow klass shift: 0, Narrow klass range: 0x100000000

GC Precious Log:
 CardTable entry size: 512
 Card Set container configuration: InlinePtr #cards 4 size 8 Array Of Cards #cards 16 size 48 Howl #buckets 8 coarsen threshold 3686 Howl Bitmap #cards 512 size 80 coarsen threshold 460 Card regions per heap region 1 cards per card region 4096
 CPUs: 8 total, 8 available
 Memory: 16101M
 Large Page Support: Disabled
 NUMA Support: Disabled
 Compressed Oops: Enabled (Zero based)
 Heap Region Size: 2M
 Heap Min Capacity: 8M
 Heap Initial Capacity: 252M
 Heap Max Capacity: 4026M
 Pre-touch: Disabled
 Parallel Workers: 8
 Concurrent Workers: 2
 Concurrent Refinement Workers: 8
 Periodic GC: Disabled

Heap:
 garbage-first heap   total 110592K, used 95456K [0x0000000704600000, 0x0000000800000000)
  region size 2048K, 31 young (63488K), 1 survivors (2048K)
 Metaspace       used 78673K, committed 79616K, reserved 1179648K
  class space    used 10618K, committed 11008K, reserved 1048576K

Heap Regions: E=young(eden), S=young(survivor), O=old, HS=humongous(starts), HC=humongous(continues), CS=collection set, F=free, TAMS=top-at-mark-start, PB=parsable bottom
|   0|0x0000000704600000, 0x0000000704800000, 0x0000000704800000|100%| O|  |TAMS 0x0000000704600000| PB 0x0000000704600000| Untracked 
|   1|0x0000000704800000, 0x0000000704a00000, 0x0000000704a00000|100%| O|  |TAMS 0x0000000704800000| PB 0x0000000704800000| Untracked 
|   2|0x0000000704a00000, 0x0000000704bffff8, 0x0000000704c00000| 99%| O|  |TAMS 0x0000000704a00000| PB 0x0000000704a00000| Untracked 
|   3|0x0000000704c00000, 0x0000000704dfffc8, 0x0000000704e00000| 99%| O|  |TAMS 0x0000000704c00000| PB 0x0000000704c00000| Untracked 
|   4|0x0000000704e00000, 0x0000000704fffff8, 0x0000000705000000| 99%| O|  |TAMS 0x0000000704e00000| PB 0x0000000704e00000| Untracked 
|   5|0x0000000705000000, 0x00000007051ffff0, 0x0000000705200000| 99%| O|  |TAMS 0x0000000705000000| PB 0x0000000705000000| Untracked 
|   6|0x0000000705200000, 0x0000000705400000, 0x0000000705400000|100%| O|  |TAMS 0x0000000705200000| PB 0x0000000705200000| Untracked 
|   7|0x0000000705400000, 0x00000007055fffe8, 0x0000000705600000| 99%| O|  |TAMS 0x0000000705400000| PB 0x0000000705400000| Untracked 
|   8|0x0000000705600000, 0x00000007057fffc0, 0x0000000705800000| 99%| O|  |TAMS 0x0000000705600000| PB 0x0000000705600000| Untracked 
|   9|0x0000000705800000, 0x0000000705a00000, 0x0000000705a00000|100%| O|  |TAMS 0x0000000705800000| PB 0x0000000705800000| Untracked 
|  10|0x0000000705a00000, 0x0000000705b68680, 0x0000000705c00000| 70%| O|  |TAMS 0x0000000705a00000| PB 0x0000000705a00000| Untracked 
|  11|0x0000000705c00000, 0x0000000705dfff00, 0x0000000705e00000| 99%| O|  |TAMS 0x0000000705c00000| PB 0x0000000705c00000| Untracked 
|  12|0x0000000705e00000, 0x0000000705ffff28, 0x0000000706000000| 99%| O|  |TAMS 0x0000000705e00000| PB 0x0000000705e00000| Untracked 
|  13|0x0000000706000000, 0x00000007060a6738, 0x0000000706200000| 32%| O|  |TAMS 0x0000000706000000| PB 0x0000000706000000| Untracked 
|  14|0x0000000706200000, 0x0000000706400000, 0x0000000706400000|100%| O|  |TAMS 0x0000000706200000| PB 0x0000000706200000| Untracked 
|  15|0x0000000706400000, 0x0000000706400000, 0x0000000706600000|  0%| F|  |TAMS 0x0000000706400000| PB 0x0000000706400000| Untracked 
|  16|0x0000000706600000, 0x000000070661a498, 0x0000000706800000|  5%| O|Cm|TAMS 0x0000000706600000| PB 0x0000000706600000| Complete 
|  17|0x0000000706800000, 0x0000000706a00000, 0x0000000706a00000|100%| O|  |TAMS 0x0000000706800000| PB 0x0000000706800000| Untracked 
|  18|0x0000000706a00000, 0x0000000706b4d780, 0x0000000706c00000| 65%| O|  |TAMS 0x0000000706a00000| PB 0x0000000706a00000| Untracked 
|  19|0x0000000706c00000, 0x0000000706c00000, 0x0000000706e00000|  0%| F|  |TAMS 0x0000000706c00000| PB 0x0000000706c00000| Untracked 
|  20|0x0000000706e00000, 0x0000000706e00000, 0x0000000707000000|  0%| F|  |TAMS 0x0000000706e00000| PB 0x0000000706e00000| Untracked 
|  21|0x0000000707000000, 0x0000000707000000, 0x0000000707200000|  0%| F|  |TAMS 0x0000000707000000| PB 0x0000000707000000| Untracked 
|  22|0x0000000707200000, 0x00000007073ab008, 0x0000000707400000| 83%| S|  |TAMS 0x0000000707200000| PB 0x0000000707200000| Complete 
|  23|0x0000000707400000, 0x0000000707600000, 0x0000000707600000|100%| E|CS|TAMS 0x0000000707400000| PB 0x0000000707400000| Complete 
|  24|0x0000000707600000, 0x00000007077c1930, 0x0000000707800000| 87%| E|CS|TAMS 0x0000000707600000| PB 0x0000000707600000| Complete 
|  25|0x0000000707800000, 0x0000000707a00000, 0x0000000707a00000|100%| E|CS|TAMS 0x0000000707800000| PB 0x0000000707800000| Complete 
|  26|0x0000000707a00000, 0x0000000707c00000, 0x0000000707c00000|100%| E|CS|TAMS 0x0000000707a00000| PB 0x0000000707a00000| Complete 
|  27|0x0000000707c00000, 0x0000000707e00000, 0x0000000707e00000|100%| E|CS|TAMS 0x0000000707c00000| PB 0x0000000707c00000| Complete 
|  28|0x0000000707e00000, 0x0000000708000000, 0x0000000708000000|100%| E|CS|TAMS 0x0000000707e00000| PB 0x0000000707e00000| Complete 
|  29|0x0000000708000000, 0x0000000708200000, 0x0000000708200000|100%| E|CS|TAMS 0x0000000708000000| PB 0x0000000708000000| Complete 
|  30|0x0000000708200000, 0x0000000708400000, 0x0000000708400000|100%| E|CS|TAMS 0x0000000708200000| PB 0x0000000708200000| Complete 
|  31|0x0000000708400000, 0x0000000708600000, 0x0000000708600000|100%| E|CS|TAMS 0x0000000708400000| PB 0x0000000708400000| Complete 
|  32|0x0000000708600000, 0x0000000708800000, 0x0000000708800000|100%| E|CS|TAMS 0x0000000708600000| PB 0x0000000708600000| Complete 
|  33|0x0000000708800000, 0x0000000708a00000, 0x0000000708a00000|100%| E|CS|TAMS 0x0000000708800000| PB 0x0000000708800000| Complete 
|  34|0x0000000708a00000, 0x0000000708c00000, 0x0000000708c00000|100%| E|CS|TAMS 0x0000000708a00000| PB 0x0000000708a00000| Complete 
|  35|0x0000000708c00000, 0x0000000708e00000, 0x0000000708e00000|100%| E|CS|TAMS 0x0000000708c00000| PB 0x0000000708c00000| Complete 
|  36|0x0000000708e00000, 0x0000000709000000, 0x0000000709000000|100%| E|CS|TAMS 0x0000000708e00000| PB 0x0000000708e00000| Complete 
|  37|0x0000000709000000, 0x0000000709200000, 0x0000000709200000|100%| E|CS|TAMS 0x0000000709000000| PB 0x0000000709000000| Complete 
|  38|0x0000000709200000, 0x0000000709400000, 0x0000000709400000|100%| E|CS|TAMS 0x0000000709200000| PB 0x0000000709200000| Complete 
|  39|0x0000000709400000, 0x0000000709600000, 0x0000000709600000|100%| E|CS|TAMS 0x0000000709400000| PB 0x0000000709400000| Complete 
|  40|0x0000000709600000, 0x0000000709800000, 0x0000000709800000|100%| E|CS|TAMS 0x0000000709600000| PB 0x0000000709600000| Complete 
|  41|0x0000000709800000, 0x0000000709a00000, 0x0000000709a00000|100%| E|CS|TAMS 0x0000000709800000| PB 0x0000000709800000| Complete 
|  42|0x0000000709a00000, 0x0000000709c00000, 0x0000000709c00000|100%| E|CS|TAMS 0x0000000709a00000| PB 0x0000000709a00000| Complete 
|  43|0x0000000709c00000, 0x0000000709e00000, 0x0000000709e00000|100%| E|CS|TAMS 0x0000000709c00000| PB 0x0000000709c00000| Complete 
|  44|0x0000000709e00000, 0x000000070a000000, 0x000000070a000000|100%| E|CS|TAMS 0x0000000709e00000| PB 0x0000000709e00000| Complete 
|  45|0x000000070a000000, 0x000000070a200000, 0x000000070a200000|100%| E|CS|TAMS 0x000000070a000000| PB 0x000000070a000000| Complete 
|  46|0x000000070a200000, 0x000000070a400000, 0x000000070a400000|100%| E|CS|TAMS 0x000000070a200000| PB 0x000000070a200000| Complete 
|  47|0x000000070a400000, 0x000000070a600000, 0x000000070a600000|100%| E|CS|TAMS 0x000000070a400000| PB 0x000000070a400000| Complete 
|  48|0x000000070a600000, 0x000000070a800000, 0x000000070a800000|100%| E|CS|TAMS 0x000000070a600000| PB 0x000000070a600000| Complete 
|  49|0x000000070a800000, 0x000000070aa00000, 0x000000070aa00000|100%| E|CS|TAMS 0x000000070a800000| PB 0x000000070a800000| Complete 
|  50|0x000000070aa00000, 0x000000070ac00000, 0x000000070ac00000|100%| E|CS|TAMS 0x000000070aa00000| PB 0x000000070aa00000| Complete 
|  51|0x000000070ac00000, 0x000000070ae00000, 0x000000070ae00000|100%| E|CS|TAMS 0x000000070ac00000| PB 0x000000070ac00000| Complete 
|  52|0x000000070ae00000, 0x000000070b000000, 0x000000070b000000|100%| E|CS|TAMS 0x000000070ae00000| PB 0x000000070ae00000| Complete 
|  53|0x000000070b000000, 0x000000070b200000, 0x000000070b200000|100%| E|CS|TAMS 0x000000070b000000| PB 0x000000070b000000| Complete 

Card table byte_map: [0x0000027b903d0000,0x0000027b90bb0000] _byte_map_base: 0x0000027b8cbad000

Marking Bits: (CMBitMap*) 0x0000027b824c3db0
 Bits: [0x0000027b90bb0000, 0x0000027b94a98000)

Polling page: 0x0000027b823e0000

Metaspace:

Usage:
  Non-class:     66.46 MB used.
      Class:     10.37 MB used.
       Both:     76.83 MB used.

Virtual space:
  Non-class space:      128.00 MB reserved,      67.00 MB ( 52%) committed,  2 nodes.
      Class space:        1.00 GB reserved,      10.75 MB (  1%) committed,  1 nodes.
             Both:        1.12 GB reserved,      77.75 MB (  7%) committed. 

Chunk freelists:
   Non-Class:  12.94 MB
       Class:  5.26 MB
        Both:  18.20 MB

MaxMetaspaceSize: unlimited
CompressedClassSpaceSize: 1.00 GB
Initial GC threshold: 21.00 MB
Current GC threshold: 129.62 MB
CDS: on
 - commit_granule_bytes: 65536.
 - commit_granule_words: 8192.
 - virtual_space_node_default_size: 8388608.
 - enlarge_chunks_in_place: 1.
 - use_allocation_guard: 0.


Internal statistics:

num_allocs_failed_limit: 9.
num_arena_births: 2624.
num_arena_deaths: 1662.
num_vsnodes_births: 3.
num_vsnodes_deaths: 0.
num_space_committed: 1244.
num_space_uncommitted: 0.
num_chunks_returned_to_freelist: 2221.
num_chunks_taken_from_freelist: 6625.
num_chunk_merges: 386.
num_chunk_splits: 3522.
num_chunks_enlarged: 2398.
num_inconsistent_stats: 0.

CodeCache: size=49152Kb used=20041Kb max_used=22027Kb free=29110Kb
 bounds [0x0000027b8c300000, 0x0000027b8d950000, 0x0000027b8f300000]
 total_blobs=10409 nmethods=9698 adapters=633
 compilation: enabled
              stopped_count=0, restarted_count=0
 full_count=0

Compilation events (20 events):
Event: 6001.940 Thread 0x0000027b975abbc0 16244       1       java.net.Socket::getInputStream (102 bytes)
Event: 6001.941 Thread 0x0000027b975abbc0 nmethod 16244 0x0000027b8d5aca90 code [0x0000027b8d5accc0, 0x0000027b8d5ad398]
Event: 6001.941 Thread 0x0000027b975abbc0 16245       1       java.net.Socket::isInputShutdown (14 bytes)
Event: 6001.941 Thread 0x0000027b975abbc0 nmethod 16245 0x0000027b8d5ac790 code [0x0000027b8d5ac920, 0x0000027b8d5ac9e0]
Event: 6001.941 Thread 0x0000027b975abbc0 16246       1       sun.nio.ch.NioSocketImpl::getInputStream (9 bytes)
Event: 6001.942 Thread 0x0000027b975abbc0 nmethod 16246 0x0000027b8d5ac390 code [0x0000027b8d5ac520, 0x0000027b8d5ac698]
Event: 6001.942 Thread 0x0000027b975abbc0 16247       1       sun.nio.ch.NioSocketImpl$1::<init> (10 bytes)
Event: 6001.942 Thread 0x0000027b975abbc0 nmethod 16247 0x0000027b8d5ac010 code [0x0000027b8d5ac1a0, 0x0000027b8d5ac2b8]
Event: 6001.942 Thread 0x0000027b975abbc0 16248       1       java.net.Socket$SocketInputStream::<init> (15 bytes)
Event: 6001.942 Thread 0x0000027b975abbc0 nmethod 16248 0x0000027b8d5abc90 code [0x0000027b8d5abe20, 0x0000027b8d5abf90]
Event: 6001.942 Thread 0x0000027b975abbc0 16249       1       java.net.Socket::getOutputStream (102 bytes)
Event: 6001.943 Thread 0x0000027b975abbc0 nmethod 16249 0x0000027b8d5ab010 code [0x0000027b8d5ab240, 0x0000027b8d5ab918]
Event: 6085.679 Thread 0x0000027b975abbc0 16250   !   1       sun.nio.ch.NioSocketImpl::close (198 bytes)
Event: 6085.680 Thread 0x0000027b975abbc0 nmethod 16250 0x0000027b8d5aa590 code [0x0000027b8d5aa780, 0x0000027b8d5aac88]
Event: 6085.680 Thread 0x0000027b975abbc0 16251   !   1       sun.nio.ch.NioSocketImpl::tryClose (85 bytes)
Event: 6085.680 Thread 0x0000027b975abbc0 nmethod 16251 0x0000027b8d5a9e10 code [0x0000027b8d5aa000, 0x0000027b8d5aa2b8]
Event: 6085.680 Thread 0x0000027b975abbc0 16252       1       sun.nio.ch.NioSocketImpl$$Lambda/0x0000027b990b6368::run (8 bytes)
Event: 6085.680 Thread 0x0000027b975abbc0 nmethod 16252 0x0000027b8d5a9910 code [0x0000027b8d5a9ac0, 0x0000027b8d5a9c90]
Event: 6085.680 Thread 0x0000027b975abbc0 16253   !   1       sun.nio.ch.NioSocketImpl::lambda$closerFor$0 (21 bytes)
Event: 6085.680 Thread 0x0000027b975abbc0 nmethod 16253 0x0000027b8d5a9490 code [0x0000027b8d5a9640, 0x0000027b8d5a97e8]

GC Heap History (20 events):
Event: 4555.022 GC heap after
{Heap after GC invocations=93 (full 8):
 garbage-first heap   total 110592K, used 34175K [0x0000000704600000, 0x0000000800000000)
  region size 2048K, 2 young (4096K), 2 survivors (4096K)
 Metaspace       used 78262K, committed 79104K, reserved 1179648K
  class space    used 10599K, committed 10944K, reserved 1048576K
}
Event: 4555.386 GC heap before
{Heap before GC invocations=93 (full 8):
 garbage-first heap   total 110592K, used 89471K [0x0000000704600000, 0x0000000800000000)
  region size 2048K, 29 young (59392K), 2 survivors (4096K)
 Metaspace       used 78444K, committed 79360K, reserved 1179648K
  class space    used 10618K, committed 11008K, reserved 1048576K
}
Event: 4555.390 GC heap after
{Heap after GC invocations=94 (full 8):
 garbage-first heap   total 110592K, used 36212K [0x0000000704600000, 0x0000000800000000)
  region size 2048K, 2 young (4096K), 2 survivors (4096K)
 Metaspace       used 78444K, committed 79360K, reserved 1179648K
  class space    used 10618K, committed 11008K, reserved 1048576K
}
Event: 4601.298 GC heap before
{Heap before GC invocations=94 (full 8):
 garbage-first heap   total 110592K, used 93556K [0x0000000704600000, 0x0000000800000000)
  region size 2048K, 30 young (61440K), 2 survivors (4096K)
 Metaspace       used 78500K, committed 79360K, reserved 1179648K
  class space    used 10628K, committed 11008K, reserved 1048576K
}
Event: 4601.303 GC heap after
{Heap after GC invocations=95 (full 8):
 garbage-first heap   total 110592K, used 37270K [0x0000000704600000, 0x0000000800000000)
  region size 2048K, 3 young (6144K), 3 survivors (6144K)
 Metaspace       used 78500K, committed 79360K, reserved 1179648K
  class space    used 10628K, committed 11008K, reserved 1048576K
}
Event: 4867.949 GC heap before
{Heap before GC invocations=96 (full 8):
 garbage-first heap   total 110592K, used 90518K [0x0000000704600000, 0x0000000800000000)
  region size 2048K, 29 young (59392K), 3 survivors (6144K)
 Metaspace       used 78457K, committed 79360K, reserved 1179648K
  class space    used 10617K, committed 11008K, reserved 1048576K
}
Event: 4867.955 GC heap after
{Heap after GC invocations=97 (full 8):
 garbage-first heap   total 110592K, used 38631K [0x0000000704600000, 0x0000000800000000)
  region size 2048K, 3 young (6144K), 3 survivors (6144K)
 Metaspace       used 78457K, committed 79360K, reserved 1179648K
  class space    used 10617K, committed 11008K, reserved 1048576K
}
Event: 5156.789 GC heap before
{Heap before GC invocations=97 (full 8):
 garbage-first heap   total 110592K, used 89831K [0x0000000704600000, 0x0000000800000000)
  region size 2048K, 28 young (57344K), 3 survivors (6144K)
 Metaspace       used 78457K, committed 79360K, reserved 1179648K
  class space    used 10617K, committed 11008K, reserved 1048576K
}
Event: 5156.795 GC heap after
{Heap after GC invocations=98 (full 8):
 garbage-first heap   total 110592K, used 36357K [0x0000000704600000, 0x0000000800000000)
  region size 2048K, 2 young (4096K), 2 survivors (4096K)
 Metaspace       used 78457K, committed 79360K, reserved 1179648K
  class space    used 10617K, committed 11008K, reserved 1048576K
}
Event: 5370.356 GC heap before
{Heap before GC invocations=98 (full 8):
 garbage-first heap   total 110592K, used 73221K [0x0000000704600000, 0x0000000800000000)
  region size 2048K, 21 young (43008K), 2 survivors (4096K)
 Metaspace       used 78460K, committed 79360K, reserved 1179648K
  class space    used 10617K, committed 11008K, reserved 1048576K
}
Event: 5370.420 GC heap after
{Heap after GC invocations=99 (full 9):
 garbage-first heap   total 110592K, used 26818K [0x0000000704600000, 0x0000000800000000)
  region size 2048K, 0 young (0K), 0 survivors (0K)
 Metaspace       used 78270K, committed 79360K, reserved 1179648K
  class space    used 10573K, committed 11008K, reserved 1048576K
}
Event: 5371.878 GC heap before
{Heap before GC invocations=99 (full 9):
 garbage-first heap   total 110592K, used 90306K [0x0000000704600000, 0x0000000800000000)
  region size 2048K, 32 young (65536K), 0 survivors (0K)
 Metaspace       used 78462K, committed 79360K, reserved 1179648K
  class space    used 10616K, committed 11008K, reserved 1048576K
}
Event: 5371.883 GC heap after
{Heap after GC invocations=100 (full 9):
 garbage-first heap   total 110592K, used 32203K [0x0000000704600000, 0x0000000800000000)
  region size 2048K, 3 young (6144K), 3 survivors (6144K)
 Metaspace       used 78462K, committed 79360K, reserved 1179648K
  class space    used 10616K, committed 11008K, reserved 1048576K
}
Event: 5401.777 GC heap before
{Heap before GC invocations=101 (full 9):
 garbage-first heap   total 110592K, used 89547K [0x0000000704600000, 0x0000000800000000)
  region size 2048K, 31 young (63488K), 3 survivors (6144K)
 Metaspace       used 78746K, committed 79616K, reserved 1179648K
  class space    used 10638K, committed 11008K, reserved 1048576K
}
Event: 5401.783 GC heap after
{Heap after GC invocations=102 (full 9):
 garbage-first heap   total 110592K, used 34208K [0x0000000704600000, 0x0000000800000000)
  region size 2048K, 2 young (4096K), 2 survivors (4096K)
 Metaspace       used 78746K, committed 79616K, reserved 1179648K
  class space    used 10638K, committed 11008K, reserved 1048576K
}
Event: 5797.774 GC heap before
{Heap before GC invocations=102 (full 9):
 garbage-first heap   total 110592K, used 89504K [0x0000000704600000, 0x0000000800000000)
  region size 2048K, 29 young (59392K), 2 survivors (4096K)
 Metaspace       used 78759K, committed 79616K, reserved 1179648K
  class space    used 10640K, committed 11008K, reserved 1048576K
}
Event: 5797.777 GC heap after
{Heap after GC invocations=103 (full 9):
 garbage-first heap   total 110592K, used 34392K [0x0000000704600000, 0x0000000800000000)
  region size 2048K, 2 young (4096K), 2 survivors (4096K)
 Metaspace       used 78759K, committed 79616K, reserved 1179648K
  class space    used 10640K, committed 11008K, reserved 1048576K
}
Event: 6207.806 GC heap before
{Heap before GC invocations=103 (full 9):
 garbage-first heap   total 110592K, used 91736K [0x0000000704600000, 0x0000000800000000)
  region size 2048K, 30 young (61440K), 2 survivors (4096K)
 Metaspace       used 78759K, committed 79616K, reserved 1179648K
  class space    used 10640K, committed 11008K, reserved 1048576K
}
Event: 6207.811 GC heap after
{Heap after GC invocations=104 (full 9):
 garbage-first heap   total 110592K, used 34016K [0x0000000704600000, 0x0000000800000000)
  region size 2048K, 1 young (2048K), 1 survivors (2048K)
 Metaspace       used 78759K, committed 79616K, reserved 1179648K
  class space    used 10640K, committed 11008K, reserved 1048576K
}
Event: 6648.130 GC heap before
{Heap before GC invocations=105 (full 9):
 garbage-first heap   total 110592K, used 95456K [0x0000000704600000, 0x0000000800000000)
  region size 2048K, 31 young (63488K), 1 survivors (2048K)
 Metaspace       used 78673K, committed 79616K, reserved 1179648K
  class space    used 10618K, committed 11008K, reserved 1048576K
}

Dll operation events (12 events):
Event: 0.009 Loaded shared library C:\pleiades\2024-06\java\21\bin\java.dll
Event: 0.215 Loaded shared library C:\pleiades\2024-06\java\21\bin\zip.dll
Event: 0.220 Loaded shared library C:\pleiades\2024-06\java\21\bin\instrument.dll
Event: 0.225 Loaded shared library C:\pleiades\2024-06\java\21\bin\net.dll
Event: 0.227 Loaded shared library C:\pleiades\2024-06\java\21\bin\nio.dll
Event: 0.229 Loaded shared library C:\pleiades\2024-06\java\21\bin\zip.dll
Event: 0.367 Loaded shared library C:\pleiades\2024-06\java\21\bin\jimage.dll
Event: 0.412 Loaded shared library C:\pleiades\2024-06\java\21\bin\management.dll
Event: 0.421 Loaded shared library C:\pleiades\2024-06\java\21\bin\management_ext.dll
Event: 0.590 Loaded shared library C:\pleiades\2024-06\java\21\bin\verify.dll
Event: 0.680 Loaded shared library C:\pleiades\2024-06\java\21\bin\extnet.dll
Event: 1.734 Loaded shared library C:\pleiades\2024-06\java\21\bin\sunmscapi.dll

Deoptimization events (20 events):
Event: 5455.676 Thread 0x0000027bde0d51f0 DEOPT PACKING pc=0x0000027b8d37c63c sp=0x000000c2811fcd70
Event: 5455.676 Thread 0x0000027bde0d51f0 DEOPT UNPACKING pc=0x0000027b8c354e42 sp=0x000000c2811fc298 mode 1
Event: 5455.676 Thread 0x0000027bde0d51f0 DEOPT PACKING pc=0x0000027b8d02ae74 sp=0x000000c2811fcc60
Event: 5455.676 Thread 0x0000027bde0d51f0 DEOPT UNPACKING pc=0x0000027b8c354e42 sp=0x000000c2811fc1b0 mode 1
Event: 5455.676 Thread 0x0000027bde0d51f0 DEOPT PACKING pc=0x0000027b8d37c63c sp=0x000000c2811fcd70
Event: 5455.676 Thread 0x0000027bde0d51f0 DEOPT UNPACKING pc=0x0000027b8c354e42 sp=0x000000c2811fc298 mode 1
Event: 5455.676 Thread 0x0000027bde0d51f0 DEOPT PACKING pc=0x0000027b8d02ae74 sp=0x000000c2811fcc40
Event: 5455.676 Thread 0x0000027bde0d51f0 DEOPT UNPACKING pc=0x0000027b8c354e42 sp=0x000000c2811fc190 mode 1
Event: 5455.676 Thread 0x0000027bde0d51f0 DEOPT PACKING pc=0x0000027b8d833e0c sp=0x000000c2811fcd50
Event: 5455.676 Thread 0x0000027bde0d51f0 DEOPT UNPACKING pc=0x0000027b8c354e42 sp=0x000000c2811fc290 mode 1
Event: 5455.676 Thread 0x0000027bde0d51f0 DEOPT PACKING pc=0x0000027b8d02ae74 sp=0x000000c2811fcca0
Event: 5455.676 Thread 0x0000027bde0d51f0 DEOPT UNPACKING pc=0x0000027b8c354e42 sp=0x000000c2811fc208 mode 1
Event: 5455.676 Thread 0x0000027bde0d51f0 DEOPT PACKING pc=0x0000027b8d02ae74 sp=0x000000c2811fcc40
Event: 5455.676 Thread 0x0000027bde0d51f0 DEOPT UNPACKING pc=0x0000027b8c354e42 sp=0x000000c2811fc190 mode 1
Event: 5455.676 Thread 0x0000027bde0d51f0 DEOPT PACKING pc=0x0000027b8d833e0c sp=0x000000c2811fcd50
Event: 5455.676 Thread 0x0000027bde0d51f0 DEOPT UNPACKING pc=0x0000027b8c354e42 sp=0x000000c2811fc290 mode 1
Event: 5455.676 Thread 0x0000027bde0d51f0 DEOPT PACKING pc=0x0000027b8d02ae74 sp=0x000000c2811fcca0
Event: 5455.676 Thread 0x0000027bde0d51f0 DEOPT UNPACKING pc=0x0000027b8c354e42 sp=0x000000c2811fc208 mode 1
Event: 6300.290 Thread 0x0000027bde0d2400 DEOPT PACKING pc=0x0000027b8c730634 sp=0x000000c280ffd5c0
Event: 6300.290 Thread 0x0000027bde0d2400 DEOPT UNPACKING pc=0x0000027b8c354e42 sp=0x000000c280ffca78 mode 0

Classes loaded (20 events):
Event: 1663.605 Loading class java/time/DurationEditor
Event: 1663.605 Loading class java/time/DurationEditor done
Event: 3195.260 Loading class java/time/DurationEditor
Event: 3195.260 Loading class java/time/DurationEditor done
Event: 3533.203 Loading class java/time/DurationEditor
Event: 3533.203 Loading class java/time/DurationEditor done
Event: 3884.277 Loading class java/util/stream/ReferencePipeline$4
Event: 3884.277 Loading class java/util/stream/ReferencePipeline$4 done
Event: 3884.277 Loading class java/util/function/IntBinaryOperator
Event: 3884.277 Loading class java/util/function/IntBinaryOperator done
Event: 3884.278 Loading class java/util/stream/ReduceOps$7
Event: 3884.278 Loading class java/util/stream/ReduceOps$7 done
Event: 3884.278 Loading class java/util/stream/ReduceOps$6ReducingSink
Event: 3884.278 Loading class java/util/stream/ReduceOps$6ReducingSink done
Event: 3884.278 Loading class java/util/stream/ReferencePipeline$4$1
Event: 3884.278 Loading class java/util/stream/ReferencePipeline$4$1 done
Event: 3884.283 Loading class java/lang/Throwable$WrappedPrintWriter
Event: 3884.283 Loading class java/lang/Throwable$WrappedPrintWriter done
Event: 4555.163 Loading class java/time/DurationEditor
Event: 4555.163 Loading class java/time/DurationEditor done

Classes unloaded (20 events):
Event: 6207.846 Thread 0x0000027b9755fb10 Unloading class 0x0000027b99a9d800 'java/lang/invoke/LambdaForm$MH+0x0000027b99a9d800'
Event: 6207.846 Thread 0x0000027b9755fb10 Unloading class 0x0000027b99aa3c00 'java/lang/invoke/LambdaForm$MH+0x0000027b99aa3c00'
Event: 6207.846 Thread 0x0000027b9755fb10 Unloading class 0x0000027b99aa4800 'java/lang/invoke/LambdaForm$MH+0x0000027b99aa4800'
Event: 6207.846 Thread 0x0000027b9755fb10 Unloading class 0x0000027b99374000 'java/lang/invoke/LambdaForm$MH+0x0000027b99374000'
Event: 6207.846 Thread 0x0000027b9755fb10 Unloading class 0x0000027b99a38400 'java/lang/invoke/LambdaForm$MH+0x0000027b99a38400'
Event: 6207.846 Thread 0x0000027b9755fb10 Unloading class 0x0000027b99461000 'java/lang/invoke/LambdaForm$BMH+0x0000027b99461000'
Event: 6207.846 Thread 0x0000027b9755fb10 Unloading class 0x0000027b99103000 'java/lang/invoke/LambdaForm$MH+0x0000027b99103000'
Event: 6207.846 Thread 0x0000027b9755fb10 Unloading class 0x0000027b99a8c400 'java/lang/invoke/LambdaForm$DMH+0x0000027b99a8c400'
Event: 6207.846 Thread 0x0000027b9755fb10 Unloading class 0x0000027b99abcc00 'java/lang/invoke/LambdaForm$MH+0x0000027b99abcc00'
Event: 6207.846 Thread 0x0000027b9755fb10 Unloading class 0x0000027b99abd400 'java/lang/invoke/LambdaForm$MH+0x0000027b99abd400'
Event: 6207.846 Thread 0x0000027b9755fb10 Unloading class 0x0000027b99abf000 'java/lang/invoke/LambdaForm$MH+0x0000027b99abf000'
Event: 6207.846 Thread 0x0000027b9755fb10 Unloading class 0x0000027b99abfc00 'java/lang/invoke/LambdaForm$MH+0x0000027b99abfc00'
Event: 6207.846 Thread 0x0000027b9755fb10 Unloading class 0x0000027b99ac1000 'java/lang/invoke/LambdaForm$MH+0x0000027b99ac1000'
Event: 6207.846 Thread 0x0000027b9755fb10 Unloading class 0x0000027b99ac2800 'java/lang/invoke/LambdaForm$MH+0x0000027b99ac2800'
Event: 6207.846 Thread 0x0000027b9755fb10 Unloading class 0x0000027b99ac5c00 'java/lang/invoke/LambdaForm$MH+0x0000027b99ac5c00'
Event: 6207.846 Thread 0x0000027b9755fb10 Unloading class 0x0000027b99a9b000 'java/lang/invoke/LambdaForm$MH+0x0000027b99a9b000'
Event: 6207.846 Thread 0x0000027b9755fb10 Unloading class 0x0000027b99182400 'jdk/internal/reflect/GeneratedSerializationConstructorAccessor140'
Event: 6207.846 Thread 0x0000027b9755fb10 Unloading class 0x0000027b9913a000 'jdk/internal/reflect/GeneratedSerializationConstructorAccessor139'
Event: 6207.846 Thread 0x0000027b9755fb10 Unloading class 0x0000027b990cac00 'jdk/internal/reflect/GeneratedSerializationConstructorAccessor138'
Event: 6207.846 Thread 0x0000027b9755fb10 Unloading class 0x0000027b99a76800 'jdk/internal/reflect/GeneratedSerializationConstructorAccessor137'

Classes redefined (0 events):
No events

Internal exceptions (20 events):
Event: 4554.342 Thread 0x0000027bdd9da110 Exception <a 'java/lang/NoSuchMethodError'{0x0000000708378420}: 'int java.lang.invoke.DelegatingMethodHandle$Holder.reinvoke_L(java.lang.Object, java.lang.Object, java.lang.Object, java.lang.Object)'> (0x0000000708378420) 
thrown [s\src\hotspot\share\interpreter\linkResolver.cpp, line 773]
Event: 4554.351 Thread 0x0000027bdd9da110 Exception <a 'java/io/FileNotFoundException'{0x00000007083d7b00}> (0x00000007083d7b00) 
thrown [s\src\hotspot\share\prims\jni.cpp, line 520]
Event: 4555.663 Thread 0x0000027bde0d4b60 Exception <a 'java/lang/NoSuchMethodError'{0x0000000708390800}: static [B.<clinit>()V> (0x0000000708390800) 
thrown [s\src\hotspot\share\prims\jni.cpp, line 1111]
Event: 5370.355 Thread 0x0000027bdd9d86d0 Exception <a 'java/lang/InterruptedException'{0x0000000708db4330}: sleep interrupted> (0x0000000708db4330) 
thrown [s\src\hotspot\share\prims\jvm.cpp, line 3074]
Event: 5370.438 Thread 0x0000027bde0d2400 Exception <a 'sun/nio/fs/WindowsException'{0x000000070b0b75b0}> (0x000000070b0b75b0) 
thrown [s\src\hotspot\share\prims\jni.cpp, line 520]
Event: 5370.769 Thread 0x0000027bde0d2400 Exception <a 'java/lang/NoClassDefFoundError'{0x0000000709647838}: org/flywaydb/core/Flyway> (0x0000000709647838) 
thrown [s\src\hotspot\share\oops\constantPool.cpp, line 873]
Event: 5371.448 Thread 0x0000027bde0d2400 Exception <a 'java/lang/NoClassDefFoundError'{0x0000000709647e98}: liquibase/integration/spring/SpringLiquibase> (0x0000000709647e98) 
thrown [s\src\hotspot\share\oops\constantPool.cpp, line 873]
Event: 5371.452 Thread 0x0000027bde0d2400 Exception <a 'java/lang/NoClassDefFoundError'{0x00000007096945f8}: org/springframework/batch/core/repository/JobRepository> (0x00000007096945f8) 
thrown [s\src\hotspot\share\oops\constantPool.cpp, line 873]
Event: 5371.453 Thread 0x0000027bde0d2400 Exception <a 'java/lang/NoClassDefFoundError'{0x0000000709694c50}: org/quartz/Scheduler> (0x0000000709694c50) 
thrown [s\src\hotspot\share\oops\constantPool.cpp, line 873]
Event: 5371.454 Thread 0x0000027bde0d2400 Exception <a 'java/lang/NoClassDefFoundError'{0x00000007096952d0}: org/springframework/session/jdbc/JdbcIndexedSessionRepository> (0x00000007096952d0) 
thrown [s\src\hotspot\share\oops\constantPool.cpp, line 873]
Event: 5371.458 Thread 0x0000027bde0d2400 Exception <a 'java/lang/NoClassDefFoundError'{0x00000007096fb0f0}: org/jooq/DSLContext> (0x00000007096fb0f0) 
thrown [s\src\hotspot\share\oops\constantPool.cpp, line 873]
Event: 5371.465 Thread 0x0000027bde0d2400 Exception <a 'java/lang/NoSuchMethodError'{0x00000007097a6150}: 'void java.lang.invoke.DelegatingMethodHandle$Holder.reinvoke_L(java.lang.Object, java.lang.Object, int)'> (0x00000007097a6150) 
thrown [s\src\hotspot\share\interpreter\linkResolver.cpp, line 773]
Event: 5371.472 Thread 0x0000027bde0d2400 Exception <a 'java/lang/ArrayIndexOutOfBoundsException'{0x00000007094600f8}> (0x00000007094600f8) 
thrown [s\src\hotspot\share\runtime\sharedRuntime.cpp, line 625]
Event: 5371.472 Thread 0x0000027bde0d2400 Exception <a 'java/lang/ArrayIndexOutOfBoundsException'{0x00000007094606d0}> (0x00000007094606d0) 
thrown [s\src\hotspot\share\runtime\sharedRuntime.cpp, line 625]
Event: 5371.473 Thread 0x0000027bde0d2400 Exception <a 'java/lang/ArrayIndexOutOfBoundsException'{0x000000070946f1e8}> (0x000000070946f1e8) 
thrown [s\src\hotspot\share\runtime\sharedRuntime.cpp, line 625]
Event: 5371.473 Thread 0x0000027bde0d2400 Exception <a 'java/lang/ArrayIndexOutOfBoundsException'{0x000000070946f7c0}> (0x000000070946f7c0) 
thrown [s\src\hotspot\share\runtime\sharedRuntime.cpp, line 625]
Event: 5371.573 Thread 0x0000027bde0d2400 Exception <a 'java/lang/NoSuchMethodError'{0x000000070836e700}: 'int java.lang.invoke.DirectMethodHandle$Holder.invokeVirtual(java.lang.Object, java.lang.Object, java.lang.Object, java.lang.Object)'> (0x000000070836e700) 
thrown [s\src\hotspot\share\interpreter\linkResolver.cpp, line 773]
Event: 5371.573 Thread 0x0000027bde0d2400 Exception <a 'java/lang/NoSuchMethodError'{0x0000000708371cc8}: 'int java.lang.invoke.DelegatingMethodHandle$Holder.reinvoke_L(java.lang.Object, java.lang.Object, java.lang.Object, java.lang.Object)'> (0x0000000708371cc8) 
thrown [s\src\hotspot\share\interpreter\linkResolver.cpp, line 773]
Event: 5371.583 Thread 0x0000027bde0d2400 Exception <a 'java/io/FileNotFoundException'{0x00000007083d1440}> (0x00000007083d1440) 
thrown [s\src\hotspot\share\prims\jni.cpp, line 520]
Event: 5455.676 Thread 0x0000027bde0d51f0 Exception <a 'java/lang/NoSuchMethodError'{0x000000070abbd810}: static [B.<clinit>()V> (0x000000070abbd810) 
thrown [s\src\hotspot\share\prims\jni.cpp, line 1111]

ZGC Phase Switch (0 events):
No events

VM Operations (20 events):
Event: 6300.289 Executing VM operation: ChangeSingleStep done
Event: 6300.290 Executing VM operation: ChangeSingleStep
Event: 6300.290 Executing VM operation: ChangeSingleStep done
Event: 6300.369 Executing VM operation: get/set locals
Event: 6300.369 Executing VM operation: get/set locals done
Event: 6300.370 Executing VM operation: get/set locals
Event: 6300.370 Executing VM operation: get/set locals done
Event: 6300.372 Executing VM operation: get/set locals
Event: 6300.372 Executing VM operation: get/set locals done
Event: 6300.373 Executing VM operation: get/set locals
Event: 6300.373 Executing VM operation: get/set locals done
Event: 6300.374 Executing VM operation: get/set locals
Event: 6300.374 Executing VM operation: get/set locals done
Event: 6300.375 Executing VM operation: get/set locals
Event: 6300.375 Executing VM operation: get/set locals done
Event: 6300.376 Executing VM operation: get/set locals
Event: 6300.376 Executing VM operation: get/set locals done
Event: 6300.377 Executing VM operation: get/set locals
Event: 6300.377 Executing VM operation: get/set locals done
Event: 6648.130 Executing VM operation: G1CollectForAllocation (G1 Evacuation Pause)

Events (20 events):
Event: 6207.859 Thread 0x0000027b9755fb10 flushing nmethod 0x0000027b8c9d1490
Event: 6207.859 Thread 0x0000027b9755fb10 flushing nmethod 0x0000027b8ca3b290
Event: 6207.859 Thread 0x0000027b9755fb10 flushing nmethod 0x0000027b8c9d8510
Event: 6207.859 Thread 0x0000027b9755fb10 flushing nmethod 0x0000027b8c9c1f90
Event: 6207.859 Thread 0x0000027b9755fb10 flushing nmethod 0x0000027b8c94b290
Event: 6207.859 Thread 0x0000027b9755fb10 flushing nmethod 0x0000027b8c958d90
Event: 6207.859 Thread 0x0000027b9755fb10 flushing nmethod 0x0000027b8c93d810
Event: 6207.859 Thread 0x0000027b9755fb10 flushing nmethod 0x0000027b8c8f0890
Event: 6207.859 Thread 0x0000027b9755fb10 flushing nmethod 0x0000027b8c8f7a10
Event: 6207.859 Thread 0x0000027b9755fb10 flushing nmethod 0x0000027b8c8f5f90
Event: 6207.859 Thread 0x0000027b9755fb10 flushing nmethod 0x0000027b8c84a790
Event: 6207.859 Thread 0x0000027b9755fb10 flushing nmethod 0x0000027b8c7cff10
Event: 6207.859 Thread 0x0000027b9755fb10 flushing nmethod 0x0000027b8c767090
Event: 6207.859 Thread 0x0000027b9755fb10 flushing nmethod 0x0000027b8c753410
Event: 6207.859 Thread 0x0000027b9755fb10 flushing nmethod 0x0000027b8c743b90
Event: 6207.859 Thread 0x0000027b9755fb10 flushing nmethod 0x0000027b8c701010
Event: 6207.859 Thread 0x0000027b9755fb10 flushing nmethod 0x0000027b8c6e3210
Event: 6207.859 Thread 0x0000027b9755fb10 flushing nmethod 0x0000027b8c690c10
Event: 6207.859 Thread 0x0000027b9755fb10 flushing nmethod 0x0000027b8c4e7310
Event: 6207.859 Thread 0x0000027b9755fb10 flushing nmethod 0x0000027b8c4cd290


Dynamic libraries:
0x00007ff7293f0000 - 0x00007ff7293fe000 	C:\pleiades\2024-06\java\21\bin\javaw.exe
0x00007fffe1900000 - 0x00007fffe1b60000 	C:\WINDOWS\SYSTEM32\ntdll.dll
0x00007fffdf9b0000 - 0x00007fffdfa77000 	C:\WINDOWS\System32\KERNEL32.DLL
0x00007fffdf1f0000 - 0x00007fffdf5bb000 	C:\WINDOWS\System32\KERNELBASE.dll
0x00007fffded50000 - 0x00007fffdee9b000 	C:\WINDOWS\System32\ucrtbase.dll
0x00007fffd6990000 - 0x00007fffd69ab000 	C:\pleiades\2024-06\java\21\bin\VCRUNTIME140.dll
0x00007fffd6f20000 - 0x00007fffd6f38000 	C:\pleiades\2024-06\java\21\bin\jli.dll
0x00007fffdf700000 - 0x00007fffdf8cc000 	C:\WINDOWS\System32\USER32.dll
0x00007fffcabb0000 - 0x00007fffcae47000 	C:\WINDOWS\WinSxS\amd64_microsoft.windows.common-controls_6595b64144ccf1df_6.0.26100.3624_none_3e086962e3345f24\COMCTL32.dll
0x00007fffdeba0000 - 0x00007fffdebc7000 	C:\WINDOWS\System32\win32u.dll
0x00007fffe07a0000 - 0x00007fffe0849000 	C:\WINDOWS\System32\msvcrt.dll
0x00007fffe1600000 - 0x00007fffe162a000 	C:\WINDOWS\System32\GDI32.dll
0x00007fffdef40000 - 0x00007fffdf071000 	C:\WINDOWS\System32\gdi32full.dll
0x00007fffdf5c0000 - 0x00007fffdf663000 	C:\WINDOWS\System32\msvcp_win.dll
0x00007fffe0f80000 - 0x00007fffe0faf000 	C:\WINDOWS\System32\IMM32.DLL
0x00007fffd6980000 - 0x00007fffd698c000 	C:\pleiades\2024-06\java\21\bin\vcruntime140_1.dll
0x00007fffcb5e0000 - 0x00007fffcb66e000 	C:\pleiades\2024-06\java\21\bin\msvcp140.dll
0x00007fff8c970000 - 0x00007fff8d6f2000 	C:\pleiades\2024-06\java\21\bin\server\jvm.dll
0x00007fffdf8d0000 - 0x00007fffdf983000 	C:\WINDOWS\System32\ADVAPI32.dll
0x00007fffe05f0000 - 0x00007fffe0696000 	C:\WINDOWS\System32\sechost.dll
0x00007fffdfba0000 - 0x00007fffdfcb6000 	C:\WINDOWS\System32\RPCRT4.dll
0x00007fffe1410000 - 0x00007fffe1484000 	C:\WINDOWS\System32\WS2_32.dll
0x00007fffde960000 - 0x00007fffde9be000 	C:\WINDOWS\SYSTEM32\POWRPROF.dll
0x00007fffd6250000 - 0x00007fffd625b000 	C:\WINDOWS\SYSTEM32\VERSION.dll
0x00007fffcd7b0000 - 0x00007fffcd7e6000 	C:\WINDOWS\SYSTEM32\WINMM.dll
0x00007fffde930000 - 0x00007fffde944000 	C:\WINDOWS\SYSTEM32\UMPDC.dll
0x00007fffdd8b0000 - 0x00007fffdd8ca000 	C:\WINDOWS\SYSTEM32\kernel.appcore.dll
0x00007fffda240000 - 0x00007fffda24a000 	C:\pleiades\2024-06\java\21\bin\jimage.dll
0x00007fffdc4f0000 - 0x00007fffdc731000 	C:\WINDOWS\SYSTEM32\DBGHELP.DLL
0x00007fffe0fc0000 - 0x00007fffe1343000 	C:\WINDOWS\System32\combase.dll
0x00007fffdfcc0000 - 0x00007fffdfd96000 	C:\WINDOWS\System32\OLEAUT32.dll
0x00007fff8c250000 - 0x00007fff8c289000 	C:\WINDOWS\SYSTEM32\dbgcore.DLL
0x00007fffdeea0000 - 0x00007fffdef39000 	C:\WINDOWS\System32\bcryptPrimitives.dll
0x00007fffd8220000 - 0x00007fffd825c000 	C:\pleiades\2024-06\java\21\bin\jdwp.dll
0x00007fffd8200000 - 0x00007fffd820f000 	C:\pleiades\2024-06\java\21\bin\instrument.dll
0x00007fffd6ee0000 - 0x00007fffd6eff000 	C:\pleiades\2024-06\java\21\bin\java.dll
0x00007fffe0850000 - 0x00007fffe0f79000 	C:\WINDOWS\System32\SHELL32.dll
0x00007fffdf080000 - 0x00007fffdf1e8000 	C:\WINDOWS\System32\wintypes.dll
0x00007fffdc760000 - 0x00007fffdcfb2000 	C:\WINDOWS\SYSTEM32\windows.storage.dll
0x00007fffdfda0000 - 0x00007fffdfe8d000 	C:\WINDOWS\System32\SHCORE.dll
0x00007fffe13a0000 - 0x00007fffe1404000 	C:\WINDOWS\System32\shlwapi.dll
0x00007fffde9f0000 - 0x00007fffdea1f000 	C:\WINDOWS\SYSTEM32\profapi.dll
0x00007fffd86d0000 - 0x00007fffd86db000 	C:\pleiades\2024-06\java\21\bin\dt_socket.dll
0x00007fffdd2c0000 - 0x00007fffdd2f3000 	C:\WINDOWS\SYSTEM32\IPHLPAPI.DLL
0x00007fffdddb0000 - 0x00007fffdde1a000 	C:\WINDOWS\system32\mswsock.dll
0x00007fffdd350000 - 0x00007fffdd475000 	C:\WINDOWS\SYSTEM32\DNSAPI.dll
0x00007fffe0410000 - 0x00007fffe041a000 	C:\WINDOWS\System32\NSI.dll
0x00007fffd6240000 - 0x00007fffd624b000 	C:\Windows\System32\rasadhlp.dll
0x00007fffd5700000 - 0x00007fffd5785000 	C:\WINDOWS\System32\fwpuclnt.dll
0x00007fffd6dd0000 - 0x00007fffd6de8000 	C:\pleiades\2024-06\java\21\bin\zip.dll
0x00007fffd72d0000 - 0x00007fffd72e0000 	C:\pleiades\2024-06\java\21\bin\net.dll
0x00007fffd6f50000 - 0x00007fffd706d000 	C:\WINDOWS\SYSTEM32\WINHTTP.dll
0x00007fffd6db0000 - 0x00007fffd6dc6000 	C:\pleiades\2024-06\java\21\bin\nio.dll
0x00007fffda4e0000 - 0x00007fffda4ea000 	C:\pleiades\2024-06\java\21\bin\management.dll
0x00007fffda4d0000 - 0x00007fffda4db000 	C:\pleiades\2024-06\java\21\bin\management_ext.dll
0x00007fffdf9a0000 - 0x00007fffdf9a8000 	C:\WINDOWS\System32\PSAPI.DLL
0x00007fff90530000 - 0x00007fff90548000 	C:\WINDOWS\system32\napinsp.dll
0x00007fff90510000 - 0x00007fff90522000 	C:\WINDOWS\System32\winrnr.dll
0x00007fff904d0000 - 0x00007fff90500000 	C:\WINDOWS\system32\nlansp_c.dll
0x00007fffd5b80000 - 0x00007fffd5b96000 	C:\WINDOWS\system32\wshbth.dll
0x00007fffd6970000 - 0x00007fffd6980000 	C:\pleiades\2024-06\java\21\bin\verify.dll
0x00007fffde160000 - 0x00007fffde17c000 	C:\WINDOWS\SYSTEM32\CRYPTSP.dll
0x00007fffdd810000 - 0x00007fffdd84a000 	C:\WINDOWS\system32\rsaenh.dll
0x00007fffdde50000 - 0x00007fffdde7b000 	C:\WINDOWS\SYSTEM32\USERENV.dll
0x00007fffde2f0000 - 0x00007fffde316000 	C:\WINDOWS\SYSTEM32\bcrypt.dll
0x00007fffddfe0000 - 0x00007fffddfec000 	C:\WINDOWS\SYSTEM32\CRYPTBASE.dll
0x00007fffda250000 - 0x00007fffda259000 	C:\pleiades\2024-06\java\21\bin\extnet.dll
0x00007fffd5950000 - 0x00007fffd595e000 	C:\pleiades\2024-06\java\21\bin\sunmscapi.dll
0x00007fffdebd0000 - 0x00007fffded47000 	C:\WINDOWS\System32\CRYPT32.dll
0x00007fffde2b0000 - 0x00007fffde2e0000 	C:\WINDOWS\SYSTEM32\ncrypt.dll
0x00007fffde260000 - 0x00007fffde29f000 	C:\WINDOWS\SYSTEM32\NTASN1.dll
0x00007fffaec90000 - 0x00007fffaec98000 	C:\WINDOWS\system32\wshunix.dll

dbghelp: loaded successfully - version: 4.0.5 - missing functions: none
symbol engine: initialized successfully - sym options: 0x614 - pdb path: .;C:\pleiades\2024-06\java\21\bin;C:\WINDOWS\SYSTEM32;C:\WINDOWS\WinSxS\amd64_microsoft.windows.common-controls_6595b64144ccf1df_6.0.26100.3624_none_3e086962e3345f24;C:\pleiades\2024-06\java\21\bin\server

VM Arguments:
jvm_args: -XX:+ShowCodeDetailsInExceptionMessages -agentlib:jdwp=transport=dt_socket,suspend=y,address=localhost:51472 -Dcom.sun.management.jmxremote -Dcom.sun.management.jmxremote.port=51471 -Dcom.sun.management.jmxremote.authenticate=false -Dcom.sun.management.jmxremote.ssl=false -Djava.rmi.server.hostname=localhost -Dspring.jmx.enabled=true -Dmanagement.endpoints.jmx.exposure.include=* -Dspring.application.admin.enabled=true -XX:TieredStopAtLevel=1 -Dspring.boot.project.name=spring-chap8-ec -javaagent:C:\pleiades\2024-06\eclipse\configuration\org.eclipse.osgi\251\0\.cp\lib\javaagent-shaded.jar -Dfile.encoding=UTF-8 -Dstdout.encoding=UTF-8 -Dstderr.encoding=UTF-8 
java_command: com.example.demo.SpringChap8EcApplication --spring.output.ansi.enabled=always
java_class_path (initial): C:\training\spring-workspace\spring-chap8-ec\bin\main;C:\Users\student\.gradle\caches\modules-2\files-2.1\org.springframework.boot\spring-boot-starter-data-jpa\3.4.1\f06be4354c339f3f880a5c66a6913cd2366eb225\spring-boot-starter-data-jpa-3.4.1.jar;C:\Users\student\.gradle\caches\modules-2\files-2.1\org.springframework.boot\spring-boot-starter-thymeleaf\3.4.1\a2903c33815dbc9c65c97f83e32dcea2d9935429\spring-boot-starter-thymeleaf-3.4.1.jar;C:\Users\student\.gradle\caches\modules-2\files-2.1\org.springframework.boot\spring-boot-starter-web\3.4.1\ff7227fc62338e0f6eba3f9f94c12eb952d4da95\spring-boot-starter-web-3.4.1.jar;C:\Users\student\.gradle\caches\modules-2\files-2.1\org.springframework.boot\spring-boot-starter-jdbc\3.4.1\307db83ee5f33fe810565cf980f73747b8f8f43b\spring-boot-starter-jdbc-3.4.1.jar;C:\Users\student\.gradle\caches\modules-2\files-2.1\org.springframework.boot\spring-boot-starter-json\3.4.1\c1d084f65d8d9f2de9daccab47c4f452fb0464de\spring-boot-starter-json-3.4.1.jar;C:\Users\student\.gradle\caches\modules-2\files-2.1\org.springframework.boot\spring-boot-starter\3.4.1\2c97b6fdc451ea69cd04dcfa54980439b7c7cb34\spring-boot-starter-3.4.1.jar;C:\Users\student\.gradle\caches\modules-2\files-2.1\org.hibernate.orm\hibernate-core\6.6.4.Final\95c6d2d58c40dbbfbbd58084941e5cbca4ddef2f\hibernate-core-6.6.4.Final.jar;C:\Users\student\.gradle\caches\modules-2\files-2.1\org.springframework.data\spring-data-jpa\3.4.1\1c704fa9169ea3745775568e733fddd0132070b2\spring-data-jpa-3.4.1.jar;C:\Users\student\.gradle\caches\modules-2\files-2.1\org.springframework\spring-aspects\6.2.1\50350218608abf215ae40ef00c87cc666737e199\spring-aspects-6.2.1.jar;C:\Users\student\.gradle\caches\modules-2\files-2.1\org.thymeleaf\thymeleaf-spring6\3.1.3.RELEASE\4b276ea2bd536a18e44b40ff1d9f4848965ff59c\thymeleaf-spring6-3.1.3.RELEASE.jar;C:\Users\student\.gradle\caches\modules-2\files-2.1\org.springframework.boot\spring-boot-starter-tomcat\3.4.1\ac4bb51582c57cfb0d2beb102a76fe1a4d8b8b21\spring-boot-starter-tomcat-3.4.1.jar;C:\Users\student\.gradle\caches\modules-2\files-2.1\org.springframework\spring-webmvc\6.2.1\44bdf7e5641d44044ac52d7bb5c1fc46004e7754\spring-webmvc-6.2.1.jar;C:\Users\student\.gradle\caches\modules-2\files-2.1\org.springframework\spring-web\6.2.1\877acb94c5b3a0c92e652b6bebdfdc7c60922ac8\spring-web-6.2.1.jar;C:\Users\student\.gradle\caches\modules-2\files-2.1\org.springframework.boot\spring-boot-autoconfigure\3.4.1\f17b54cc5816ec8f06d0aca9df11c330ead97f2a\spring-boot-autoconfigure-3.4.1.jar;C:\Users\student\.gradle\caches\modules-2\files-2.1\org.springframework.boot\spring-boot\3.4.1\5fb9890a5eb7c4e86c8f5c0f6960b79240daf3d5\spring-boot-3.4.1.jar;C:\Users\student\.gradle\caches\modules-2\files-2.1\org.springframework.boot\spring-boot-starter-logging\3.4.1\5cd01e208b15113c7f88b3ea40e843ea9989f38a\spring-boot-starter-logging-3.4.1.jar;C:\Users\student\.gradle\caches\modules-2\files-2.1\jakarta.annotation\jakarta.annotation-api\2.1.1\48b9bda22b091b1f48b13af03fe36db3be6e1ae3\jakarta.annotation-api-2.1.1.jar;C:\Users\student\.gradle\caches\modules-2\files-2.1\org.springframework\spring-orm\6.2.1\7fd75b4984d92c3c5e46ee94365cfc79d2daa821\spring-orm-6.2.1.jar;C:\Users\student\.gradle\caches\modules-2\files-2.1\org.springframework\spring-jdbc\6.2.1\def8d3d9bebafc36c19f8407645eddde32454c8a\spring-jdbc-6.2.1.jar;C:\Users\student\.gradle\caches\modules-2\files-2.1\org.springframework.data\spring-data-commons\3.4.1\3ae5f19bc2b1b30de85b0610ae25818c2e7c295a\spring-data-commons-3.4.1.jar;C:\Users\student\.gradle\caches\modules-2\files-2.1\org.springframework\spring-context\6.2.1\f56c7431b03860bfdb016e68f484c5c35531ef2e\spring-context-6.2.1.jar;C:\Users\student\.gradle\caches\modules-2\files-2.1\org.springframework\spring-aop\6.2.1\a9384de38fc00751084446ba014a0c4962240244\spring-aop-6.2.1.jar;C:\Users\student\.gradle\caches\modules-2\files-2.1\org.springframework\spring-tx\6.2.1\5ffde4fee85ff021ad613b9e86a9be893fb52572\spring-tx-6.2.1.jar;C:\Users\student\.gradle\caches\modules-2\files-2.1\org.springframework\spring-beans\6.2.1\ab57ec03ba6900075bf28e3cd70ccce173205b8d\spring-beans-6.2.1.jar;C:\Users\student\.gradle\caches\modules-2\files-2.1\org.springframework\spring-expression\6.2.1\91fcf6b9501705c31c8337e2713fe823bb512b24\spring-expression-6.2.1.jar;C:\Users\student\.gradle\caches\modules-2\files-2.1\org.springframework\spring-core\6.2.1\f42e6b51d9c0c2fcf95df9e5848470d173adc9af\spring-core-6.2.1.jar;C:\Users\student\.gradle\caches\modules-2\files-2.1\org.yaml\snakeyaml\2.3\936b36210e27320f920536f695cf1af210c44586\snakeyaml-2.3.jar;C:\Users\student\.gradle\caches\modules-2\files-2.1\com.zaxxer\HikariCP\5.1.0\8c96e36c14461fc436bb02b264b96ef3ca5dca8c\HikariCP-5.1.0.jar;C:\Users\student\.gradle\caches\modules-2\files-2.1\jakarta.persistence\jakarta.persistence-api\3.1.0\66901fa1c373c6aff65c13791cc11da72060a8d6\jakarta.persistence-api-3.1.0.jar;C:\Users\student\.gradle\caches\modules-2\files-2.1\jakarta.transaction\jakarta.transaction-api\2.0.1\51a520e3fae406abb84e2e1148e6746ce3f80a1a\jakarta.transaction-api-2.0.1.jar;C:\Users\student\.gradle\caches\modules-2\files-2.1\org.antlr\antlr4-runtime\4.13.0\5a02e48521624faaf5ff4d99afc88b01686af655\antlr4-runtime-4.13.0.jar;C:\Users\student\.gradle\caches\modules-2\files-2.1\org.thymeleaf\thymeleaf\3.1.3.RELEASE\51474f2a90b282ee97dabcd159c7faf24790f373\thymeleaf-3.1.3.RELEASE.jar;C:\Users\student\.gradle\caches\modules-2\files-2.1\ch.qos.logback\logback-classic\1.5.12\3790d1a62e868f7915776dfb392bd9a29ce8d954\logback-classic-1.5.12.jar;C:\Users\student\.gradle\caches\modules-2\files-2.1\org.apache.logging.log4j\log4j-to-slf4j\2.24.3\da1143e2a2531ee1c2d90baa98eb50a28a39d5a7\log4j-to-slf4j-2.24.3.jar;C:\Users\student\.gradle\caches\modules-2\files-2.1\org.slf4j\jul-to-slf4j\2.0.16\6d57da3e961daac65bcca0dd3def6cd11e48a24a\jul-to-slf4j-2.0.16.jar;C:\Users\student\.gradle\caches\modules-2\files-2.1\org.slf4j\slf4j-api\2.0.16\172931663a09a1fa515567af5fbef00897d3c04\slf4j-api-2.0.16.jar;C:\Users\student\.gradle\caches\modules-2\files-2.1\org.aspectj\aspectjweaver\1.9.22.1\bca243d0af0db4758fbae45c5f4995cb5dabb612\aspectjweaver-1.9.22.1.jar;C:\Users\student\.gradle\caches\modules-2\files-2.1\com.fasterxml.jackson.datatype\jackson-datatype-jsr310\2.18.2\7b6ff96adf421f4c6edbd694e797dd8fe434510a\jackson-datatype-jsr310-2.18.2.jar;C:\Users\student\.gradle\caches\modules-2\files-2.1\com.fasterxml.jackson.module\jackson-module-parameter-names\2.18.2\72960cb3277347a748911d100c3302d60e8a616a\jackson-module-parameter-names-2.18.2.jar;C:\Users\student\.gradle\caches\modules-2\files-2.1\com.fasterxml.jackson.core\jackson-annotations\2.18.2\985d77751ebc7fce5db115a986bc9aa82f973f4a\jackson-annotations-2.18.2.jar;C:\Users\student\.gradle\caches\modules-2\files-2.1\com.fasterxml.jackson.core\jackson-core\2.18.2\fb64ccac5c27dca8819418eb4e443a9f496d9ee7\jackson-core-2.18.2.jar;C:\Users\student\.gradle\caches\modules-2\files-2.1\com.fasterxml.jackson.datatype\jackson-datatype-jdk8\2.18.2\9ed6d538ebcc66864e114a7040953dce6ab6ea53\jackson-datatype-jdk8-2.18.2.jar;C:\Users\student\.gradle\caches\modules-2\files-2.1\com.fasterxml.jackson.core\jackson-databind\2.18.2\deef8697b92141fb6caf7aa86966cff4eec9b04f\jackson-databind-2.18.2.jar;C:\Users\student\.gradle\caches\modules-2\files-2.1\org.apache.tomcat.embed\tomcat-embed-websocket\10.1.34\eef6d430f34b6e393b8d9e40f10db9043732b4e5\tomcat-embed-websocket-10.1.34.jar;C:\Users\student\.gradle\caches\modules-2\files-2.1\org.apache.tomcat.embed\tomcat-embed-core\10.1.34\f610f84be607fbc82e393cc220f0ad45f92afc91\tomcat-embed-core-10.1.34.jar;C:\Users\student\.gradle\caches\modules-2\files-2.1\org.apache.tomcat.embed\tomcat-embed-el\10.1.34\d2b2daca3bc999c62e58ae36b45ba0582530fb25\tomcat-embed-el-10.1.34.jar;C:\Users\student\.gradle\caches\modules-2\files-2.1\io.micrometer\micrometer-observation\1.14.2\a9cad29cc04c0f7e30e3e58b454d4cd47ccc54bd\micrometer-observation-1.14.2.jar;C:\Users\student\.gradle\caches\modules-2\files-2.1\org.springframework\spring-jcl\6.2.1\a5d662d64470aff0ae51d210147bb6ede31a8ea3\spring-jcl-6.2.1.jar;C:\Users\student\.gradle\caches\modules-2\files-2.1\org.attoparser\attoparser\2.0.7.RELEASE\e5d0e988d9124139d645bb5872b24dfa23e283cc\attoparser-2.0.7.RELEASE.jar;C:\Users\student\.gradle\caches\modules-2\files-2.1\org.unbescape\unbescape\1.1.6.RELEASE\7b90360afb2b860e09e8347112800d12c12b2a13\unbescape-1.1.6.RELEASE.jar;C:\Users\student\.gradle\caches\modules-2\files-2.1\io.micrometer\micrometer-commons\1.14.2\69c454dbec59c7842cf59a534b7ec03618d75b91\micrometer-commons-1.14.2.jar;C:\Users\student\.gradle\caches\modules-2\files-2.1\ch.qos.logback\logback-core\1.5.12\65b1fa25fe8d8e4bdc140e79eb67ac6741f775e2\logback-core-1.5.12.jar;C:\Users\student\.gradle\caches\modules-2\files-2.1\org.apache.logging.log4j\log4j-api\2.24.3\b02c125db8b6d295adf72ae6e71af5d83bce2370\log4j-api-2.24.3.jar;C:\Users\student\.gradle\caches\modules-2\files-2.1\org.springframework.boot\spring-boot-devtools\3.4.1\3bdbab471c56ce1fece521e9db67102d018006c4\spring-boot-devtools-3.4.1.jar;C:\Users\student\.gradle\caches\modules-2\files-2.1\org.postgresql\postgresql\42.7.4\264310fd7b2cd76738787dc0b9f7ea2e3b11adc1\postgresql-42.7.4.jar;C:\Users\student\.gradle\caches\modules-2\files-2.1\org.checkerframework\checker-qual\3.42.0\638ec33f363a94d41a4f03c3e7d3dcfba64e402d\checker-qual-3.42.0.jar;C:\Users\student\.gradle\caches\modules-2\files-2.1\org.jboss.logging\jboss-logging\3.6.1.Final\886afbb445b4016a37c8960a7aef6ebd769ce7e5\jboss-logging-3.6.1.Final.jar;C:\Users\student\.gradle\caches\modules-2\files-2.1\org.hibernate.common\hibernate-commons-annotations\7.0.3.Final\e183c4be8bb41d12e9f19b374e00c34a0a85f439\hibernate-commons-annotations-7.0.3.Final.jar;C:\Users\student\.gradle\caches\modules-2\files-2.1\io.smallrye\jandex\3.2.0\f17ad860f62a08487b9edabde608f8ac55c62fa7\jandex-3.2.0.jar;C:\Users\student\.gradle\caches\modules-2\files-2.1\com.fasterxml\classmate\1.7.0\e98374da1f2143ac8e6e0a95036994bb19137a3\classmate-1.7.0.jar;C:\Users\student\.gradle\caches\modules-2\files-2.1\net.bytebuddy\byte-buddy\1.15.11\f61886478e0f9ee4c21d09574736f0ff45e0a46c\byte-buddy-1.15.11.jar;C:\Users\student\.gradle\caches\modules-2\files-2.1\org.glassfish.jaxb\jaxb-runtime\4.0.5\ca84c2a7169b5293e232b9d00d1e4e36d4c3914a\jaxb-runtime-4.0.5.jar;C:\Users\student\.gradle\caches\modules-2\files-2.1\org.glassfish.jaxb\jaxb-core\4.0.5\7b4b11ea5542eea4ad55e1080b23be436795b3\jaxb-core-4.0.5.jar;C:\Users\student\.gradle\caches\modules-2\files-2.1\jakarta.xml.bind\jakarta.xml.bind-api\4.0.2\6cd5a999b834b63238005b7144136379dc36cad2\jakarta.xml.bind-api-4.0.2.jar;C:\Users\student\.gradle\caches\modules-2\files-2.1\jakarta.inject\jakarta.inject-api\2.0.1\4c28afe1991a941d7702fe1362c365f0a8641d1e\jakarta.inject-api-2.0.1.jar;C:\Users\student\.gradle\caches\modules-2\files-2.1\org.eclipse.angus\angus-activation\2.0.2\41f1e0ddd157c856926ed149ab837d110955a9fc\angus-activation-2.0.2.jar;C:\Users\student\.gradle\caches\modules-2\files-2.1\jakarta.activation\jakarta.activation-api\2.1.3\fa165bd70cda600368eee31555222776a46b881f\jakarta.activation-api-2.1.3.jar;C:\Users\student\.gradle\caches\modules-2\files-2.1\org.glassfish.jaxb\txw2\4.0.5\f36a4ef12120a9bb06d766d6a0e54b144fd7ed98\txw2-4.0.5.jar;C:\Users\student\.gradle\caches\modules-2\files-2.1\com.sun.istack\istack-commons-runtime\4.1.2\18ec117c85f3ba0ac65409136afa8e42bc74e739\istack-commons-runtime-4.1.2.jar
Launcher Type: SUN_STANDARD

[Global flags]
     intx CICompilerCount                          = 4                                         {product} {ergonomic}
     uint ConcGCThreads                            = 2                                         {product} {ergonomic}
     uint G1ConcRefinementThreads                  = 8                                         {product} {ergonomic}
   size_t G1HeapRegionSize                         = 2097152                                   {product} {ergonomic}
    uintx GCDrainStackTargetSize                   = 64                                        {product} {ergonomic}
   size_t InitialHeapSize                          = 264241152                                 {product} {ergonomic}
     bool ManagementServer                         = true                                      {product} {command line}
   size_t MarkStackSize                            = 4194304                                   {product} {ergonomic}
   size_t MaxHeapSize                              = 4221566976                                {product} {ergonomic}
   size_t MaxNewSize                               = 2531262464                                {product} {ergonomic}
   size_t MinHeapDeltaBytes                        = 2097152                                   {product} {ergonomic}
   size_t MinHeapSize                              = 8388608                                   {product} {ergonomic}
    uintx NonNMethodCodeHeapSize                   = 4096                                   {pd product} {ergonomic}
    uintx NonProfiledCodeHeapSize                  = 0                                      {pd product} {ergonomic}
     bool ProfileInterpreter                       = false                                  {pd product} {command line}
    uintx ProfiledCodeHeapSize                     = 0                                      {pd product} {ergonomic}
     bool ShowCodeDetailsInExceptionMessages       = true                                   {manageable} {command line}
   size_t SoftMaxHeapSize                          = 4221566976                             {manageable} {ergonomic}
     intx TieredStopAtLevel                        = 1                                         {product} {command line}
     bool UseCompressedOops                        = true                           {product lp64_product} {ergonomic}
     bool UseG1GC                                  = true                                      {product} {ergonomic}
     bool UseLargePagesIndividualAllocation        = false                                  {pd product} {ergonomic}

Logging:
Log output configuration:
 #0: stdout all=warning uptime,level,tags foldmultilines=false
 #1: stderr all=off uptime,level,tags foldmultilines=false

Environment Variables:
PATH=C:/pleiades/2024-06/java/21/bin/server;C:/pleiades/2024-06/java/21/bin;C:\WINDOWS\system32;C:\WINDOWS;C:\WINDOWS\System32\Wbem;C:\WINDOWS\System32\WindowsPowerShell\v1.0\;C:\WINDOWS\System32\OpenSSH\;C:\Program Files\Git\cmd;C:\Program Files (x86)\Microsoft SQL Server\160\Tools\Binn\;C:\Program Files\Microsoft SQL Server\160\Tools\Binn\;C:\Program Files\Microsoft SQL Server\Client SDK\ODBC\170\Tools\Binn\;C:\Program Files\Microsoft SQL Server\160\DTS\Binn\;C:\Program Files (x86)\Microsoft SQL Server\160\DTS\Binn\;C:\Program Files\Microsoft SQL Server\150\Tools\Binn\;C:\Program Files\dotnet\;C:\Program Files\PostgreSQL\16\bin;C:\Users\student\AppData\Local\Programs\Eclipse Adoptium\jdk-21.0.5.11-hotspot\bin;C:\Ruby33-x64\bin;C:\Users\student\AppData\Local\Programs\Python\Python312\Scripts\;C:\Users\student\AppData\Local\Programs\Python\Python312\;C:\Users\student\AppData\Local\Microsoft\WindowsApps;C:\Users\student\AppData\Local\Programs\Microsoft VS Code\bin;C:\Users\student\.dotnet\tools;;C:\pleiades\2024-06\eclipse;
USERNAME=student
OS=Windows_NT
PROCESSOR_IDENTIFIER=Intel64 Family 6 Model 142 Stepping 12, GenuineIntel
TMP=C:\Users\student\AppData\Local\Temp
TEMP=C:\Users\student\AppData\Local\Temp




Periodic native trim disabled

---------------  S Y S T E M  ---------------

OS:
 Windows 11 , 64 bit Build 26100 (10.0.26100.3624)
OS uptime: 0 days 8:08 hours
Hyper-V role detected

CPU: total 8 (initial active 8) (4 cores per cpu, 2 threads per core) family 6 model 142 stepping 12 microcode 0xfc, cx8, cmov, fxsr, ht, mmx, 3dnowpref, sse, sse2, sse3, ssse3, sse4.1, sse4.2, popcnt, lzcnt, tsc, tscinvbit, avx, avx2, aes, erms, clmul, bmi1, bmi2, adx, fma, vzeroupper, clflush, clflushopt, hv, rdtscp, f16c
Processor Information for all 8 processors :
  Max Mhz: 2112, Current Mhz: 1609, Mhz Limit: 1605

Memory: 4k page, system-wide physical 16101M (8138M free)
TotalPageFile size 17125M (AvailPageFile size 6036M)
current process WorkingSet (physical memory assigned to process): 287M, peak: 303M
current process commit charge ("private bytes"): 342M, peak: 374M

vm_info: OpenJDK 64-Bit Server VM (21.0.3+9-LTS) for windows-amd64 JRE (21.0.3+9-LTS), built on 2024-04-16T00:00:00Z by "admin" with MS VC++ 17.7 (VS2022)

END.
