#
# A fatal error has been detected by the Java Runtime Environment:
#
#  EXCEPTION_ACCESS_VIOLATION (0xc0000005) at pc=0x00007fff8c97c1a6, pid=6148, tid=5308
#
# JRE version: OpenJDK Runtime Environment Temurin-21.0.3+9 (21.0.3+9) (build 21.0.3+9-LTS)
# Java VM: OpenJDK 64-Bit Server VM Temurin-21.0.3+9 (21.0.3+9-LTS, mixed mode, emulated-client, sharing, tiered, compressed oops, compressed class ptrs, g1 gc, windows-amd64)
# Problematic frame:
# V  [jvm.dll+0xc1a6]
#
# No core dump will be written. Minidumps are not enabled by default on client versions of Windows
#
# If you would like to submit a bug report, please visit:
#   https://github.com/adoptium/adoptium-support/issues
#

---------------  S U M M A R Y ------------

Command Line: -XX:+ShowCodeDetailsInExceptionMessages -agentlib:jdwp=transport=dt_socket,suspend=y,address=localhost:51008 -Dcom.sun.management.jmxremote -Dcom.sun.management.jmxremote.port=51007 -Dcom.sun.management.jmxremote.authenticate=false -Dcom.sun.management.jmxremote.ssl=false -Djava.rmi.server.hostname=localhost -Dspring.jmx.enabled=true -Dmanagement.endpoints.jmx.exposure.include=* -Dspring.application.admin.enabled=true -XX:TieredStopAtLevel=1 -Dspring.boot.project.name=spring-chap8-ec -javaagent:C:\pleiades\2024-06\eclipse\configuration\org.eclipse.osgi\251\0\.cp\lib\javaagent-shaded.jar -Dfile.encoding=UTF-8 -Dstdout.encoding=UTF-8 -Dstderr.encoding=UTF-8 com.example.demo.SpringChap8EcApplication --spring.output.ansi.enabled=always

Host: Intel(R) Core(TM) i5-10210U CPU @ 1.60GHz, 8 cores, 15G,  Windows 11 , 64 bit Build 26100 (10.0.26100.3624)
Time: Tue May 20 14:52:30 2025  Windows 11 , 64 bit Build 26100 (10.0.26100.3624) elapsed time: 3339.904347 seconds (0d 0h 55m 39s)

---------------  T H R E A D  ---------------

Current thread (0x000001fa92d39b00):  WorkerThread "GC Thread#0"    [id=5308, stack(0x00000001b0300000,0x00000001b0400000) (1024K)]

Stack: [0x00000001b0300000,0x00000001b0400000],  sp=0x00000001b03fe048,  free space=1016k
Native frames: (J=compiled Java code, j=interpreted, Vv=VM code, C=native code)
V  [jvm.dll+0xc1a6]

JavaThread 0x000001faef470ed0 (nid = 100) was being processed
Java frames: (J=compiled Java code, j=interpreted, Vv=VM code)
j  java.lang.invoke.DirectMethodHandle$Holder.newInvokeSpecial(Ljava/lang/Object;)Ljava/lang/Object;+15 java.base@21.0.3
J 895 c1 jdk.internal.reflect.DirectConstructorHandleAccessor.newInstance([Ljava/lang/Object;)Ljava/lang/Object; java.base@21.0.3 (130 bytes) @ 0x000001fa9b83316c [0x000001fa9b832f60+0x000000000000020c]
J 894 c1 java.lang.reflect.Constructor.newInstanceWithCaller([Ljava/lang/Object;ZLjava/lang/Class;)Ljava/lang/Object; java.base@21.0.3 (51 bytes) @ 0x000001fa9b82cfbc [0x000001fa9b82cee0+0x00000000000000dc]
J 3421 c1 org.springframework.beans.BeanUtils.instantiateClass(Ljava/lang/reflect/Constructor;[Ljava/lang/Object;)Ljava/lang/Object; (208 bytes) @ 0x000001fa9bd39f8c [0x000001fa9bd39a00+0x000000000000058c]
J 8581 c1 org.springframework.beans.factory.support.SimpleInstantiationStrategy.instantiate(Lorg/springframework/beans/factory/support/RootBeanDefinition;Ljava/lang/String;Lorg/springframework/beans/factory/BeanFactory;)Ljava/lang/Object; (123 bytes) @ 0x000001fa9bbd216c [0x000001fa9bbd1ca0+0x00000000000004cc]
J 8580 c1 org.springframework.beans.factory.support.AbstractAutowireCapableBeanFactory.instantiateBean(Ljava/lang/String;Lorg/springframework/beans/factory/support/RootBeanDefinition;)Lorg/springframework/beans/BeanWrapper; (51 bytes) @ 0x000001fa9bbbcef4 [0x000001fa9bbbce40+0x00000000000000b4]
J 6446 c1 org.springframework.beans.factory.support.AbstractAutowireCapableBeanFactory.createBeanInstance(Ljava/lang/String;Lorg/springframework/beans/factory/support/RootBeanDefinition;[Ljava/lang/Object;)Lorg/springframework/beans/BeanWrapper; (245 bytes) @ 0x000001fa9c227384 [0x000001fa9c226d40+0x0000000000000644]
J 6445 c1 org.springframework.beans.factory.support.AbstractAutowireCapableBeanFactory.doCreateBean(Ljava/lang/String;Lorg/springframework/beans/factory/support/RootBeanDefinition;[Ljava/lang/Object;)Ljava/lang/Object; (465 bytes) @ 0x000001fa9c229c2c [0x000001fa9c229a80+0x00000000000001ac]
J 6444 c1 org.springframework.beans.factory.support.AbstractAutowireCapableBeanFactory.createBean(Ljava/lang/String;Lorg/springframework/beans/factory/support/RootBeanDefinition;[Ljava/lang/Object;)Ljava/lang/Object; (214 bytes) @ 0x000001fa9c222c3c [0x000001fa9c222740+0x00000000000004fc]
J 8196 c1 org.springframework.beans.factory.support.AbstractBeanFactory$$Lambda+0x000001faa8260ee0.getObject()Ljava/lang/Object; (20 bytes) @ 0x000001fa9ba35fbc [0x000001fa9ba35f20+0x000000000000009c]
J 6442 c1 org.springframework.beans.factory.support.DefaultSingletonBeanRegistry.getSingleton(Ljava/lang/String;Lorg/springframework/beans/factory/ObjectFactory;)Ljava/lang/Object; (461 bytes) @ 0x000001fa9c224844 [0x000001fa9c224200+0x0000000000000644]
J 3195 c1 org.springframework.beans.factory.support.AbstractBeanFactory.doGetBean(Ljava/lang/String;Ljava/lang/Class;[Ljava/lang/Object;Z)Ljava/lang/Object; (787 bytes) @ 0x000001fa9bcd412c [0x000001fa9bcd3aa0+0x000000000000068c]
J 6476 c1 org.springframework.beans.factory.support.DefaultListableBeanFactory.instantiateSingleton(Ljava/lang/String;)V (56 bytes) @ 0x000001fa9c23f874 [0x000001fa9c23f420+0x0000000000000454]
J 6470 c1 org.springframework.beans.factory.support.DefaultListableBeanFactory.preInstantiateSingleton(Ljava/lang/String;Lorg/springframework/beans/factory/support/RootBeanDefinition;)Ljava/util/concurrent/CompletableFuture; (146 bytes) @ 0x000001fa9c23b19c [0x000001fa9c23aee0+0x00000000000002bc]
j  org.springframework.beans.factory.support.DefaultListableBeanFactory.preInstantiateSingletons()V+118
j  org.springframework.context.support.AbstractApplicationContext.finishBeanFactoryInitialization(Lorg/springframework/beans/factory/config/ConfigurableListableBeanFactory;)V+284
j  org.springframework.context.support.AbstractApplicationContext.refresh()V+94
j  org.springframework.boot.web.servlet.context.ServletWebServerApplicationContext.refresh()V+1
j  org.springframework.boot.SpringApplication.refresh(Lorg/springframework/context/ConfigurableApplicationContext;)V+1
j  org.springframework.boot.SpringApplication.refreshContext(Lorg/springframework/context/ConfigurableApplicationContext;)V+19
j  org.springframework.boot.SpringApplication.run([Ljava/lang/String;)Lorg/springframework/context/ConfigurableApplicationContext;+113
j  org.springframework.boot.SpringApplication.run([Ljava/lang/Class;[Ljava/lang/String;)Lorg/springframework/context/ConfigurableApplicationContext;+9
j  org.springframework.boot.SpringApplication.run(Ljava/lang/Class;[Ljava/lang/String;)Lorg/springframework/context/ConfigurableApplicationContext;+9
j  com.example.demo.SpringChap8EcApplication.main([Ljava/lang/String;)V+3
j  java.lang.invoke.LambdaForm$DMH+0x000001faa8004c00.invokeStatic(Ljava/lang/Object;Ljava/lang/Object;)V+10 java.base@21.0.3
j  java.lang.invoke.LambdaForm$MH+0x000001faa8a27c00.invoke(Ljava/lang/Object;Ljava/lang/Object;Ljava/lang/Object;)Ljava/lang/Object;+33 java.base@21.0.3
J 5020 c1 jdk.internal.reflect.DirectMethodHandleAccessor.invoke(Ljava/lang/Object;[Ljava/lang/Object;)Ljava/lang/Object; java.base@21.0.3 (92 bytes) @ 0x000001fa9bfe79fc [0x000001fa9bfe7640+0x00000000000003bc]
J 5044 c1 java.lang.reflect.Method.invoke(Ljava/lang/Object;[Ljava/lang/Object;)Ljava/lang/Object; java.base@21.0.3 (108 bytes) @ 0x000001fa9bfeeb74 [0x000001fa9bfee980+0x00000000000001f4]
j  org.springframework.boot.devtools.restart.RestartLauncher.run()V+47
v  ~StubRoutines::call_stub 0x000001fa9b49100d

siginfo: EXCEPTION_ACCESS_VIOLATION (0xc0000005), reading address 0x000001fb4e72d087


Registers:
RAX=0x0000000000000000, RBX=0x0000000000000000, RCX=0x00000001b01fdbd0, RDX=0x00000001b01fdbd0
RSP=0x00000001b03fe048, RBP=0x00000001b03fe220, RSI=0x00000001b01fdbd0, RDI=0x00000001b01fdbd0
R8 =0x000001fb4e72d07f, R9 =0x00000001b01fdbd0, R10=0x000001fa92ce1440, R11=0x00000001b03fe298
R12=0x000001faa7544140, R13=0x00000001b01fdbd0, R14=0x000001faecacdfb0, R15=0x000001fb4e72d07f
RIP=0x00007fff8c97c1a6, EFLAGS=0x0000000000010202


Register to memory mapping:

RAX=0x0 is null
RBX=0x0 is null
RCX=0x00000001b01fdbd0 is pointing into the stack for thread: 0x000001faef470ed0
RDX=0x00000001b01fdbd0 is pointing into the stack for thread: 0x000001faef470ed0
RSP=0x00000001b03fe048 points into unknown readable memory: 0x00007fff8ccc440b | 0b 44 cc 8c ff 7f 00 00
RBP=0x00000001b03fe220 points into unknown readable memory: 0x0000000100000000 | 00 00 00 00 01 00 00 00
RSI=0x00000001b01fdbd0 is pointing into the stack for thread: 0x000001faef470ed0
RDI=0x00000001b01fdbd0 is pointing into the stack for thread: 0x000001faef470ed0
R8 =0x000001fb4e72d07f is an unknown value
R9 =0x00000001b01fdbd0 is pointing into the stack for thread: 0x000001faef470ed0
R10=0x000001fa92ce1440 points into unknown readable memory: 0x00007fff8d38a5e8 | e8 a5 38 8d ff 7f 00 00
R11=0x00000001b03fe298 points into unknown readable memory: 0x00007fff8cc829ad | ad 29 c8 8c ff 7f 00 00
R12=0x000001faa7544140 is pointing into metadata
R13=0x00000001b01fdbd0 is pointing into the stack for thread: 0x000001faef470ed0
R14=0x000001faecacdfb0 points into unknown readable memory: 0x00007fff8d391878 | 78 18 39 8d ff 7f 00 00
R15=0x000001fb4e72d07f is an unknown value

Top of Stack: (sp=0x00000001b03fe048)
0x00000001b03fe048:   00007fff8ccc440b 0000000a3a239511
0x00000001b03fe058:   00007fff8d007013 000000000000012f
0x00000001b03fe068:   00007fff8d0272ef 000000000000012f
0x00000001b03fe078:   00007fff8cc88356 000001fa92ce0168
0x00000001b03fe088:   00007fff8d1016c1 00000001b1fff5b0
0x00000001b03fe098:   0000000000000008 000001faef1268f8
0x00000001b03fe0a8:   0000000000000000 000001fa92ce0a40
0x00000001b03fe0b8:   000001fa92cdfd80 000001faa7544140
0x00000001b03fe0c8:   00000001b01fdbd0 00000001b01fdbd0
0x00000001b03fe0d8:   00000001b03fe220 000001faef1268f8
0x00000001b03fe0e8:   00007fff8ccd281c 00000001b03fe1b0
0x00000001b03fe0f8:   00000001b03fe3f0 000001faa7480090
0x00000001b03fe108:   0000000000000000 000001faef1268f8
0x00000001b03fe118:   00007fff8cc82f5b 0000000000000001
0x00000001b03fe128:   00000001b03fe3f0 000001faef1268f8
0x00000001b03fe138:   00000001b03fe3f0 0000000f9b657701
0x00000001b03fe148:   000001faa70b6430 000001fa92d39b00
0x00000001b03fe158:   000001fa00000003 00000000000003d8
0x00000001b03fe168:   000001fa92cdfd90 000001fa92ce0168
0x00000001b03fe178:   000001faa772d07f 000001fa000000b8
0x00000001b03fe188:   000001faa70b6430 00007fff8d388fa0
0x00000001b03fe198:   00000001b03fe3f0 000001faef1268f8
0x00000001b03fe1a8:   0000000400000003 000001faa7544140
0x00000001b03fe1b8:   0000001300000001 0000000000000032
0x00000001b03fe1c8:   000000010000000c 000001faa7480090
0x00000001b03fe1d8:   0000000000000000 000001faa6a91bfc
0x00000001b03fe1e8:   0000793500000002 0000000300000001
0x00000001b03fe1f8:   0000ffff09b0e200 00007fff8d1c4c70
0x00000001b03fe208:   00007fff8cc88356 000001faa7017600
0x00000001b03fe218:   0000000692ce0013 0000000100000000
0x00000001b03fe228:   0000000000000015 000001faef1268f8
0x00000001b03fe238:   00007fff8ccd2887 000001faef1268f8 

Instructions: (pc=0x00007fff8c97c1a6)
0x00007fff8c97c0a6:   48 8b 05 c3 32 cc 00 48 8b 48 60 48 8b 04 d1 48
0x00007fff8c97c0b6:   85 c0 75 08 48 8b 05 b7 32 cc 00 c3 48 8b 05 a7
0x00007fff8c97c0c6:   32 cc 00 c3 cc cc cc cc cc cc 8b 05 e2 0e c1 00
0x00007fff8c97c0d6:   c3 cc cc cc cc cc cc cc cc cc 0f b6 05 33 25 c1
0x00007fff8c97c0e6:   00 48 8b d1 84 c0 74 16 44 8b 41 08 8b 0d c0 0e
0x00007fff8c97c0f6:   c1 00 49 d3 e0 4c 03 05 ae 0e c1 00 eb 04 4c 8b
0x00007fff8c97c106:   41 08 45 8b 48 08 45 85 c9 7e 0e 41 f6 c1 01 75
0x00007fff8c97c116:   53 41 c1 f9 03 49 63 c1 c3 79 49 84 c0 41 b8 0c
0x00007fff8c97c126:   00 00 00 8b 05 f9 1f c1 00 b9 10 00 00 00 41 0f
0x00007fff8c97c136:   45 c8 ff c8 4c 63 c0 41 8b c1 48 c1 f8 10 0f b6
0x00007fff8c97c146:   c0 48 63 14 11 41 8b c9 83 e1 3f 48 d3 e2 49 8d
0x00007fff8c97c156:   0c 10 49 f7 d0 48 03 c1 49 c1 e8 03 48 c1 e8 03
0x00007fff8c97c166:   49 23 c0 c3 49 8b 00 49 8b c8 48 ff a0 00 01 00
0x00007fff8c97c176:   00 cc cc cc cc cc cc cc cc cc 8b 44 24 30 45 03
0x00007fff8c97c186:   c9 44 2b 4c 24 28 83 c0 0b 44 03 ca 45 03 c8 41
0x00007fff8c97c196:   03 c1 c3 cc cc cc cc cc cc cc 4c 8b c2 48 8b d1
0x00007fff8c97c1a6:   45 8b 48 08 45 85 c9 7e 0e 41 f6 c1 01 75 56 41
0x00007fff8c97c1b6:   c1 f9 03 49 63 c1 c3 79 4c 80 3d 54 24 c1 00 00
0x00007fff8c97c1c6:   b8 0c 00 00 00 b9 10 00 00 00 0f 45 c8 8b 05 4f
0x00007fff8c97c1d6:   1f c1 00 ff c8 4c 63 c0 41 8b c1 48 c1 f8 10 48
0x00007fff8c97c1e6:   63 14 11 41 8b c9 83 e1 3f 0f b6 c0 48 d3 e2 49
0x00007fff8c97c1f6:   8d 0c 10 49 f7 d0 48 03 c1 49 c1 e8 03 48 c1 e8
0x00007fff8c97c206:   03 49 23 c0 c3 49 8b 00 49 8b c8 48 ff a0 00 01
0x00007fff8c97c216:   00 00 cc cc cc cc cc cc cc cc 48 8b 41 08 0f b7
0x00007fff8c97c226:   48 2c 0f b7 40 2a 83 c0 48 03 c1 c3 cc cc cc cc
0x00007fff8c97c236:   cc cc cc cc cc cc cc cc cc cc 48 89 5c 24 08 57
0x00007fff8c97c246:   48 83 ec 20 0f b6 05 6f 1a cc 00 48 8b fa 48 8b
0x00007fff8c97c256:   d9 84 c0 74 4f 48 85 15 16 12 cc 00 74 38 48 8b
0x00007fff8c97c266:   ca e8 a4 6b 8c 00 48 8b d0 48 85 db 74 25 48 85
0x00007fff8c97c276:   c0 74 20 48 8b c7 f0 48 0f b1 13 74 16 48 85 05
0x00007fff8c97c286:   ee 11 cc 00 74 0d 48 8b c8 f0 48 0f b1 13 48 3b
0x00007fff8c97c296:   c1 75 ea 48 8b fa 48 8b c7 48 8b 5c 24 30 48 83 


Stack slot to memory mapping:

stack at sp + 0 slots: 0x00007fff8ccc440b jvm.dll
stack at sp + 1 slots: 0x0000000a3a239511 is an unknown value
stack at sp + 2 slots: 0x00007fff8d007013 jvm.dll
stack at sp + 3 slots: 0x000000000000012f is an unknown value
stack at sp + 4 slots: 0x00007fff8d0272ef jvm.dll
stack at sp + 5 slots: 0x000000000000012f is an unknown value
stack at sp + 6 slots: 0x00007fff8cc88356 jvm.dll
stack at sp + 7 slots: 0x000001fa92ce0168 points into unknown readable memory: 0x0a074b82cd98dc60 | 60 dc 98 cd 82 4b 07 0a


---------------  P R O C E S S  ---------------

Threads class SMR info:
_java_thread_list=0x000001faef156540, length=29, elements={
0x000001faa630c180, 0x000001faa630cbe0, 0x000001faa66e80d0, 0x000001faa66e8740,
0x000001faa66e9bc0, 0x000001faa66ec9e0, 0x000001faa66f0cf0, 0x000001faa678a8e0,
0x000001faa6879b80, 0x000001faa68c1ac0, 0x000001faa68c6160, 0x000001faec262030,
0x000001faec498f40, 0x000001faec4a3300, 0x000001faec4a95b0, 0x000001faecad35b0,
0x000001faecaf0730, 0x000001faec7704d0, 0x000001faec7732c0, 0x000001faef471560,
0x000001faef471bf0, 0x000001faef46ee00, 0x000001faef4701b0, 0x000001faef470ed0,
0x000001faef46f490, 0x000001faef472fa0, 0x000001faef46fb20, 0x000001faef473cc0,
0x000001faef470840
}

Java Threads: ( => current thread )
  0x000001faa630c180 JavaThread "Reference Handler"          daemon [_thread_blocked, id=14624, stack(0x00000001b0a00000,0x00000001b0b00000) (1024K)]
  0x000001faa630cbe0 JavaThread "Finalizer"                  daemon [_thread_blocked, id=10036, stack(0x00000001b0b00000,0x00000001b0c00000) (1024K)]
  0x000001faa66e80d0 JavaThread "Signal Dispatcher"          daemon [_thread_blocked, id=15544, stack(0x00000001b0c00000,0x00000001b0d00000) (1024K)]
  0x000001faa66e8740 JavaThread "Attach Listener"            daemon [_thread_blocked, id=15764, stack(0x00000001b0d00000,0x00000001b0e00000) (1024K)]
  0x000001faa66e9bc0 JavaThread "Service Thread"             daemon [_thread_blocked, id=16036, stack(0x00000001b0e00000,0x00000001b0f00000) (1024K)]
  0x000001faa66ec9e0 JavaThread "Monitor Deflation Thread"   daemon [_thread_blocked, id=8572, stack(0x00000001b0f00000,0x00000001b1000000) (1024K)]
  0x000001faa66f0cf0 JavaThread "C1 CompilerThread0"         daemon [_thread_blocked, id=14044, stack(0x00000001b1000000,0x00000001b1100000) (1024K)]
  0x000001faa678a8e0 JavaThread "Common-Cleaner"             daemon [_thread_blocked, id=14720, stack(0x00000001b1100000,0x00000001b1200000) (1024K)]
  0x000001faa6879b80 JavaThread "JDWP Transport Listener: dt_socket" daemon [_thread_blocked, id=13664, stack(0x00000001b1400000,0x00000001b1500000) (1024K)]
  0x000001faa68c1ac0 JavaThread "JDWP Event Helper Thread"   daemon [_thread_blocked, id=4504, stack(0x00000001b1500000,0x00000001b1600000) (1024K)]
  0x000001faa68c6160 JavaThread "JDWP Command Reader"        daemon [_thread_in_native, id=8676, stack(0x00000001b1600000,0x00000001b1700000) (1024K)]
  0x000001faec262030 JavaThread "Notification Thread"        daemon [_thread_blocked, id=14552, stack(0x00000001b1700000,0x00000001b1800000) (1024K)]
  0x000001faec498f40 JavaThread "RMI TCP Accept-0"           daemon [_thread_in_native, id=4624, stack(0x00000001b1f00000,0x00000001b2000000) (1024K)]
  0x000001faec4a3300 JavaThread "RMI TCP Accept-51007"       daemon [_thread_in_native, id=8772, stack(0x00000001b2000000,0x00000001b2100000) (1024K)]
  0x000001faec4a95b0 JavaThread "RMI TCP Accept-0"           daemon [_thread_in_native, id=7796, stack(0x00000001b2100000,0x00000001b2200000) (1024K)]
  0x000001faecad35b0 JavaThread "RMI Scheduler(0)"           daemon [_thread_blocked, id=8296, stack(0x00000001b2500000,0x00000001b2600000) (1024K)]
  0x000001faecaf0730 JavaThread "JMX server connection timeout 41" daemon [_thread_blocked, id=9720, stack(0x00000001b2700000,0x00000001b2800000) (1024K)]
  0x000001faec7704d0 JavaThread "Live Reload Server"         daemon [_thread_in_native, id=13192, stack(0x00000001b3300000,0x00000001b3400000) (1024K)]
  0x000001faec7732c0 JavaThread "DestroyJavaVM"                     [_thread_blocked, id=16084, stack(0x00000001b0200000,0x00000001b0300000) (1024K)]
  0x000001faef471560 JavaThread "RMI TCP Connection(idle)"   daemon [_thread_blocked, id=2172, stack(0x00000001b1200000,0x00000001b1300000) (1024K)]
  0x000001faef471bf0 JavaThread "Thread-7"                          [_thread_blocked, id=5600, stack(0x00000001aff00000,0x00000001b0000000) (1024K)]
  0x000001faef46ee00 JavaThread "File Watcher"               daemon [_thread_blocked, id=396, stack(0x00000001b0000000,0x00000001b0100000) (1024K)]
  0x000001faef4701b0 JavaThread "File Watcher"               daemon [_thread_blocked, id=15228, stack(0x00000001b1300000,0x00000001b1400000) (1024K)]
  0x000001faef470ed0 JavaThread "restartedMain"                     [_thread_blocked, id=100, stack(0x00000001b0100000,0x00000001b0200000) (1024K)]
  0x000001faef46f490 JavaThread "Catalina-utility-1"                [_thread_blocked, id=4408, stack(0x00000001b2400000,0x00000001b2500000) (1024K)]
  0x000001faef472fa0 JavaThread "Catalina-utility-2"                [_thread_blocked, id=15876, stack(0x00000001b2600000,0x00000001b2700000) (1024K)]
  0x000001faef46fb20 JavaThread "container-2"                       [_thread_blocked, id=3580, stack(0x00000001b2800000,0x00000001b2900000) (1024K)]
  0x000001faef473cc0 JavaThread "PostgreSQL-JDBC-Cleaner"    daemon [_thread_blocked, id=3840, stack(0x00000001b2b00000,0x00000001b2c00000) (1024K)]
  0x000001faef470840 JavaThread "HikariPool-5 housekeeper"   daemon [_thread_blocked, id=5460, stack(0x00000001b2c00000,0x00000001b2d00000) (1024K)]
Total: 29

Other Threads:
  0x000001faa62ea280 VMThread "VM Thread"                           [id=2420, stack(0x00000001b0900000,0x00000001b0a00000) (1024K)]
  0x000001faa62d5390 WatcherThread "VM Periodic Task Thread"        [id=7644, stack(0x00000001b0800000,0x00000001b0900000) (1024K)]
=>0x000001fa92d39b00 WorkerThread "GC Thread#0"                     [id=5308, stack(0x00000001b0300000,0x00000001b0400000) (1024K)]
  0x000001faec3b2ad0 WorkerThread "GC Thread#1"                     [id=8956, stack(0x00000001b1800000,0x00000001b1900000) (1024K)]
  0x000001faec3b2e70 WorkerThread "GC Thread#2"                     [id=4792, stack(0x00000001b1900000,0x00000001b1a00000) (1024K)]
  0x000001faec3ab250 WorkerThread "GC Thread#3"                     [id=2920, stack(0x00000001b1a00000,0x00000001b1b00000) (1024K)]
  0x000001faec3ab5f0 WorkerThread "GC Thread#4"                     [id=14844, stack(0x00000001b1b00000,0x00000001b1c00000) (1024K)]
  0x000001faec3ab990 WorkerThread "GC Thread#5"                     [id=6460, stack(0x00000001b1c00000,0x00000001b1d00000) (1024K)]
  0x000001faec3dacc0 WorkerThread "GC Thread#6"                     [id=10316, stack(0x00000001b1d00000,0x00000001b1e00000) (1024K)]
  0x000001faec3db060 WorkerThread "GC Thread#7"                     [id=7968, stack(0x00000001b1e00000,0x00000001b1f00000) (1024K)]
  0x000001fa92d46690 ConcurrentGCThread "G1 Main Marker"            [id=4028, stack(0x00000001b0400000,0x00000001b0500000) (1024K)]
  0x000001fa92d476e0 WorkerThread "G1 Conc#0"                       [id=9036, stack(0x00000001b0500000,0x00000001b0600000) (1024K)]
  0x000001faecb614d0 WorkerThread "G1 Conc#1"                       [id=2252, stack(0x00000001b2a00000,0x00000001b2b00000) (1024K)]
  0x000001faa61a1070 ConcurrentGCThread "G1 Refine#0"               [id=16724, stack(0x00000001b0600000,0x00000001b0700000) (1024K)]
  0x000001faa61a28a0 ConcurrentGCThread "G1 Service"                [id=13596, stack(0x00000001b0700000,0x00000001b0800000) (1024K)]
Total: 15

Threads with active compile tasks:
Total: 0

VM state: at safepoint (normal execution)

VM Mutex/Monitor currently owned by a thread:  ([mutex/lock_event])
[0x00007fff8d612128] Threads_lock - owner thread: 0x000001faa62ea280
[0x00007fff8d612228] Heap_lock - owner thread: 0x000001faef46ee00

Heap address: 0x0000000704600000, size: 4026 MB, Compressed Oops mode: Zero based, Oop shift amount: 3

CDS archive(s) mapped at: [0x000001faa7000000-0x000001faa7c90000-0x000001faa7c90000), size 13172736, SharedBaseAddress: 0x000001faa7000000, ArchiveRelocationMode: 1.
Compressed class space mapped at: 0x000001faa8000000-0x000001fae8000000, reserved size: 1073741824
Narrow klass base: 0x000001faa7000000, Narrow klass shift: 0, Narrow klass range: 0x100000000

GC Precious Log:
 CardTable entry size: 512
 Card Set container configuration: InlinePtr #cards 4 size 8 Array Of Cards #cards 16 size 48 Howl #buckets 8 coarsen threshold 3686 Howl Bitmap #cards 512 size 80 coarsen threshold 460 Card regions per heap region 1 cards per card region 4096
 CPUs: 8 total, 8 available
 Memory: 16101M
 Large Page Support: Disabled
 NUMA Support: Disabled
 Compressed Oops: Enabled (Zero based)
 Heap Region Size: 2M
 Heap Min Capacity: 8M
 Heap Initial Capacity: 252M
 Heap Max Capacity: 4026M
 Pre-touch: Disabled
 Parallel Workers: 8
 Concurrent Workers: 2
 Concurrent Refinement Workers: 8
 Periodic GC: Disabled

Heap:
 garbage-first heap   total 98304K, used 80366K [0x0000000704600000, 0x0000000800000000)
  region size 2048K, 23 young (47104K), 2 survivors (4096K)
 Metaspace       used 74661K, committed 75456K, reserved 1114112K
  class space    used 10226K, committed 10560K, reserved 1048576K

Heap Regions: E=young(eden), S=young(survivor), O=old, HS=humongous(starts), HC=humongous(continues), CS=collection set, F=free, TAMS=top-at-mark-start, PB=parsable bottom
|   0|0x0000000704600000, 0x0000000704800000, 0x0000000704800000|100%| O|  |TAMS 0x0000000704800000| PB 0x0000000704600000| Untracked 
|   1|0x0000000704800000, 0x0000000704a00000, 0x0000000704a00000|100%| O|  |TAMS 0x0000000704a00000| PB 0x0000000704800000| Untracked 
|   2|0x0000000704a00000, 0x0000000704c00000, 0x0000000704c00000|100%| O|  |TAMS 0x0000000704c00000| PB 0x0000000704a00000| Untracked 
|   3|0x0000000704c00000, 0x0000000704dffff8, 0x0000000704e00000| 99%| O|  |TAMS 0x0000000704dffff8| PB 0x0000000704c00000| Untracked 
|   4|0x0000000704e00000, 0x0000000704fffff8, 0x0000000705000000| 99%| O|  |TAMS 0x0000000704fffff8| PB 0x0000000704e00000| Untracked 
|   5|0x0000000705000000, 0x00000007051ffff0, 0x0000000705200000| 99%| O|  |TAMS 0x00000007051ffff0| PB 0x0000000705000000| Untracked 
|   6|0x0000000705200000, 0x00000007053ff280, 0x0000000705400000| 99%| O|  |TAMS 0x00000007053ff280| PB 0x0000000705200000| Untracked 
|   7|0x0000000705400000, 0x0000000705600000, 0x0000000705600000|100%| O|  |TAMS 0x0000000705600000| PB 0x0000000705400000| Untracked 
|   8|0x0000000705600000, 0x00000007057adb88, 0x0000000705800000| 83%| O|  |TAMS 0x00000007057adb88| PB 0x0000000705600000| Untracked 
|   9|0x0000000705800000, 0x0000000705981748, 0x0000000705a00000| 75%| O|  |TAMS 0x0000000705981748| PB 0x0000000705800000| Untracked 
|  10|0x0000000705a00000, 0x0000000705b83f50, 0x0000000705c00000| 75%| O|  |TAMS 0x0000000705b83f50| PB 0x0000000705a00000| Untracked 
|  11|0x0000000705c00000, 0x0000000705e00000, 0x0000000705e00000|100%| O|  |TAMS 0x0000000705e00000| PB 0x0000000705c00000| Untracked 
|  12|0x0000000705e00000, 0x0000000706000000, 0x0000000706000000|100%| O|  |TAMS 0x0000000706000000| PB 0x0000000705e00000| Untracked 
|  13|0x0000000706000000, 0x0000000706200000, 0x0000000706200000|100%| O|  |TAMS 0x0000000706200000| PB 0x0000000706000000| Untracked 
|  14|0x0000000706200000, 0x0000000706400000, 0x0000000706400000|100%| O|  |TAMS 0x0000000706200000| PB 0x0000000706200000| Untracked 
|  15|0x0000000706400000, 0x0000000706600000, 0x0000000706600000|100%| O|  |TAMS 0x0000000706600000| PB 0x0000000706400000| Untracked 
|  16|0x0000000706600000, 0x0000000706800000, 0x0000000706800000|100%| O|  |TAMS 0x0000000706778718| PB 0x0000000706600000| Untracked 
|  17|0x0000000706800000, 0x0000000706973ca0, 0x0000000706a00000| 72%| O|  |TAMS 0x0000000706800000| PB 0x0000000706800000| Untracked 
|  18|0x0000000706a00000, 0x0000000706a51030, 0x0000000706c00000| 15%| E|CS|TAMS 0x0000000706a00000| PB 0x0000000706a00000| Complete 
|  19|0x0000000706c00000, 0x0000000706c00000, 0x0000000706e00000|  0%| F|  |TAMS 0x0000000706c00000| PB 0x0000000706c00000| Untracked 
|  20|0x0000000706e00000, 0x0000000707000000, 0x0000000707000000|100%| E|CS|TAMS 0x0000000706e00000| PB 0x0000000706e00000| Complete 
|  21|0x0000000707000000, 0x0000000707200000, 0x0000000707200000|100%| E|CS|TAMS 0x0000000707000000| PB 0x0000000707000000| Complete 
|  22|0x0000000707200000, 0x0000000707200000, 0x0000000707400000|  0%| F|  |TAMS 0x0000000707200000| PB 0x0000000707200000| Untracked 
|  23|0x0000000707400000, 0x0000000707400000, 0x0000000707600000|  0%| F|  |TAMS 0x0000000707400000| PB 0x0000000707400000| Untracked 
|  24|0x0000000707600000, 0x0000000707800000, 0x0000000707800000|100%| E|CS|TAMS 0x0000000707600000| PB 0x0000000707600000| Complete 
|  25|0x0000000707800000, 0x000000070790ee80, 0x0000000707a00000| 52%| S|  |TAMS 0x0000000707800000| PB 0x0000000707800000| Complete 
|  26|0x0000000707a00000, 0x0000000707c00000, 0x0000000707c00000|100%| S|  |TAMS 0x0000000707a00000| PB 0x0000000707a00000| Complete 
|  27|0x0000000707c00000, 0x0000000707e00000, 0x0000000707e00000|100%| E|CS|TAMS 0x0000000707c00000| PB 0x0000000707c00000| Complete 
|  28|0x0000000707e00000, 0x0000000708000000, 0x0000000708000000|100%| E|CS|TAMS 0x0000000707e00000| PB 0x0000000707e00000| Complete 
|  29|0x0000000708000000, 0x0000000708200000, 0x0000000708200000|100%| E|CS|TAMS 0x0000000708000000| PB 0x0000000708000000| Complete 
|  30|0x0000000708200000, 0x0000000708400000, 0x0000000708400000|100%| E|CS|TAMS 0x0000000708200000| PB 0x0000000708200000| Complete 
|  31|0x0000000708400000, 0x0000000708600000, 0x0000000708600000|100%| E|CS|TAMS 0x0000000708400000| PB 0x0000000708400000| Complete 
|  32|0x0000000708600000, 0x0000000708800000, 0x0000000708800000|100%| E|CS|TAMS 0x0000000708600000| PB 0x0000000708600000| Complete 
|  33|0x0000000708800000, 0x0000000708a00000, 0x0000000708a00000|100%| E|CS|TAMS 0x0000000708800000| PB 0x0000000708800000| Complete 
|  34|0x0000000708a00000, 0x0000000708c00000, 0x0000000708c00000|100%| E|CS|TAMS 0x0000000708a00000| PB 0x0000000708a00000| Complete 
|  35|0x0000000708c00000, 0x0000000708e00000, 0x0000000708e00000|100%| E|CS|TAMS 0x0000000708c00000| PB 0x0000000708c00000| Complete 
|  36|0x0000000708e00000, 0x0000000709000000, 0x0000000709000000|100%| E|CS|TAMS 0x0000000708e00000| PB 0x0000000708e00000| Complete 
|  37|0x0000000709000000, 0x0000000709200000, 0x0000000709200000|100%| E|CS|TAMS 0x0000000709000000| PB 0x0000000709000000| Complete 
|  38|0x0000000709200000, 0x0000000709400000, 0x0000000709400000|100%| E|CS|TAMS 0x0000000709200000| PB 0x0000000709200000| Complete 
|  39|0x0000000709400000, 0x0000000709600000, 0x0000000709600000|100%| E|CS|TAMS 0x0000000709400000| PB 0x0000000709400000| Complete 
|  40|0x0000000709600000, 0x0000000709800000, 0x0000000709800000|100%| E|CS|TAMS 0x0000000709600000| PB 0x0000000709600000| Complete 
|  41|0x0000000709800000, 0x0000000709a00000, 0x0000000709a00000|100%| E|CS|TAMS 0x0000000709800000| PB 0x0000000709800000| Complete 
|  42|0x0000000709a00000, 0x0000000709c00000, 0x0000000709c00000|100%| E|CS|TAMS 0x0000000709a00000| PB 0x0000000709a00000| Complete 
|  43|0x0000000709c00000, 0x0000000709e00000, 0x0000000709e00000|100%| E|CS|TAMS 0x0000000709c00000| PB 0x0000000709c00000| Complete 
|  44|0x0000000709e00000, 0x000000070a000000, 0x000000070a000000|100%| E|CS|TAMS 0x0000000709e00000| PB 0x0000000709e00000| Complete 
|  45|0x000000070a000000, 0x000000070a200000, 0x000000070a200000|100%| E|CS|TAMS 0x000000070a000000| PB 0x000000070a000000| Complete 
|  46|0x000000070a200000, 0x000000070a400000, 0x000000070a400000|100%| E|CS|TAMS 0x000000070a200000| PB 0x000000070a200000| Complete 
|  47|0x000000070a400000, 0x000000070a600000, 0x000000070a600000|100%| E|CS|TAMS 0x000000070a400000| PB 0x000000070a400000| Complete 

Card table byte_map: [0x000001fa9f4f0000,0x000001fa9fcd0000] _byte_map_base: 0x000001fa9bccd000

Marking Bits: (CMBitMap*) 0x000001fa92d3a110
 Bits: [0x000001fa9fcd0000, 0x000001faa3bb8000)

Polling page: 0x000001fa91450000

Metaspace:

Usage:
  Non-class:     62.92 MB used.
      Class:      9.99 MB used.
       Both:     72.91 MB used.

Virtual space:
  Non-class space:       64.00 MB reserved,      63.38 MB (>99%) committed,  1 nodes.
      Class space:        1.00 GB reserved,      10.31 MB (  1%) committed,  1 nodes.
             Both:        1.06 GB reserved,      73.69 MB (  7%) committed. 

Chunk freelists:
   Non-Class:  489.00 KB
       Class:  5.50 MB
        Both:  5.98 MB

MaxMetaspaceSize: unlimited
CompressedClassSpaceSize: 1.00 GB
Initial GC threshold: 21.00 MB
Current GC threshold: 122.19 MB
CDS: on
 - commit_granule_bytes: 65536.
 - commit_granule_words: 8192.
 - virtual_space_node_default_size: 8388608.
 - enlarge_chunks_in_place: 1.
 - use_allocation_guard: 0.


Internal statistics:

num_allocs_failed_limit: 6.
num_arena_births: 1828.
num_arena_deaths: 856.
num_vsnodes_births: 2.
num_vsnodes_deaths: 0.
num_space_committed: 1180.
num_space_uncommitted: 1.
num_chunks_returned_to_freelist: 1031.
num_chunks_taken_from_freelist: 4922.
num_chunk_merges: 222.
num_chunk_splits: 3066.
num_chunks_enlarged: 2284.
num_inconsistent_stats: 0.

CodeCache: size=49152Kb used=15053Kb max_used=16702Kb free=34098Kb
 bounds [0x000001fa9b490000, 0x000001fa9c4e0000, 0x000001fa9e490000]
 total_blobs=8140 nmethods=7430 adapters=633
 compilation: enabled
              stopped_count=0, restarted_count=0
 full_count=0

Compilation events (20 events):
Event: 3128.161 Thread 0x000001faa66f0cf0 9953       1       org.apache.catalina.valves.ValveBase::backgroundProcess (1 bytes)
Event: 3128.161 Thread 0x000001faa66f0cf0 nmethod 9953 0x000001fa9c4cf610 code [0x000001fa9c4cf7a0, 0x000001fa9c4cf868]
Event: 3218.312 Thread 0x000001faa66f0cf0 9954       1       com.zaxxer.hikari.util.ClockSource::plusMillis (11 bytes)
Event: 3218.313 Thread 0x000001faa66f0cf0 nmethod 9954 0x000001fa9c4cf290 code [0x000001fa9c4cf440, 0x000001fa9c4cf530]
Event: 3218.313 Thread 0x000001faa66f0cf0 9955       1       com.zaxxer.hikari.util.ClockSource$NanosecondClockSource::plusMillis0 (10 bytes)
Event: 3218.314 Thread 0x000001faa66f0cf0 nmethod 9955 0x000001fa9c4cef10 code [0x000001fa9c4cf0c0, 0x000001fa9c4cf1c0]
Event: 3238.193 Thread 0x000001faa66f0cf0 9957  s!   1       org.apache.catalina.core.ContainerBase::backgroundProcess (172 bytes)
Event: 3238.196 Thread 0x000001faa66f0cf0 nmethod 9957 0x000001fa9c4cda90 code [0x000001fa9c4cdd20, 0x000001fa9c4ce858]
Event: 3238.196 Thread 0x000001faa66f0cf0 9956   !   1       org.apache.catalina.core.ContainerBase$ContainerBackgroundProcessor::processChildren (202 bytes)
Event: 3238.198 Thread 0x000001faa66f0cf0 nmethod 9956 0x000001fa9c4cbb10 code [0x000001fa9c4cbe40, 0x000001fa9c4ccf58]
Event: 3238.198 Thread 0x000001faa66f0cf0 9958       1       org.apache.catalina.core.StandardPipeline::getFirst (17 bytes)
Event: 3238.198 Thread 0x000001faa66f0cf0 nmethod 9958 0x000001fa9c4cb810 code [0x000001fa9c4cb9a0, 0x000001fa9c4cbaa8]
Event: 3278.245 Thread 0x000001faa66f0cf0 9959       1       org.apache.catalina.webresources.AbstractFileResourceSet::gc (1 bytes)
Event: 3278.245 Thread 0x000001faa66f0cf0 nmethod 9959 0x000001fa9c4cb510 code [0x000001fa9c4cb6a0, 0x000001fa9c4cb768]
Event: 3318.270 Thread 0x000001faa66f0cf0 9962       1       org.apache.catalina.webresources.StandardRoot::gc (70 bytes)
Event: 3318.271 Thread 0x000001faa66f0cf0 nmethod 9962 0x000001fa9c4cad90 code [0x000001fa9c4cafa0, 0x000001fa9c4cb2c0]
Event: 3318.271 Thread 0x000001faa66f0cf0 9960       1       java.util.Comparator::comparingLong (18 bytes)
Event: 3318.272 Thread 0x000001faa66f0cf0 nmethod 9960 0x000001fa9c4ca710 code [0x000001fa9c4ca8e0, 0x000001fa9c4cab90]
Event: 3318.272 Thread 0x000001faa66f0cf0 9961       1       java.util.Comparator$$Lambda/0x000001faa82d5628::<init> (10 bytes)
Event: 3318.272 Thread 0x000001faa66f0cf0 nmethod 9961 0x000001fa9c4ca410 code [0x000001fa9c4ca5a0, 0x000001fa9c4ca6b8]

GC Heap History (20 events):
Event: 2131.257 GC heap after
{Heap after GC invocations=38 (full 2):
 garbage-first heap   total 81920K, used 29998K [0x0000000704600000, 0x0000000800000000)
  region size 2048K, 2 young (4096K), 2 survivors (4096K)
 Metaspace       used 73441K, committed 74176K, reserved 1114112K
  class space    used 10075K, committed 10432K, reserved 1048576K
}
Event: 2235.031 GC heap before
{Heap before GC invocations=38 (full 2):
 garbage-first heap   total 81920K, used 70958K [0x0000000704600000, 0x0000000800000000)
  region size 2048K, 22 young (45056K), 2 survivors (4096K)
 Metaspace       used 73764K, committed 74560K, reserved 1114112K
  class space    used 10150K, committed 10496K, reserved 1048576K
}
Event: 2235.035 GC heap after
{Heap after GC invocations=39 (full 2):
 garbage-first heap   total 81920K, used 30164K [0x0000000704600000, 0x0000000800000000)
  region size 2048K, 2 young (4096K), 2 survivors (4096K)
 Metaspace       used 73764K, committed 74560K, reserved 1114112K
  class space    used 10150K, committed 10496K, reserved 1048576K
}
Event: 2235.464 GC heap before
{Heap before GC invocations=39 (full 2):
 garbage-first heap   total 81920K, used 71124K [0x0000000704600000, 0x0000000800000000)
  region size 2048K, 22 young (45056K), 2 survivors (4096K)
 Metaspace       used 73838K, committed 74624K, reserved 1114112K
  class space    used 10161K, committed 10496K, reserved 1048576K
}
Event: 2235.470 GC heap after
{Heap after GC invocations=40 (full 2):
 garbage-first heap   total 81920K, used 32613K [0x0000000704600000, 0x0000000800000000)
  region size 2048K, 3 young (6144K), 3 survivors (6144K)
 Metaspace       used 73838K, committed 74624K, reserved 1114112K
  class space    used 10161K, committed 10496K, reserved 1048576K
}
Event: 2235.923 GC heap before
{Heap before GC invocations=40 (full 2):
 garbage-first heap   total 81920K, used 65381K [0x0000000704600000, 0x0000000800000000)
  region size 2048K, 20 young (40960K), 3 survivors (6144K)
 Metaspace       used 73995K, committed 74816K, reserved 1114112K
  class space    used 10180K, committed 10560K, reserved 1048576K
}
Event: 2235.927 GC heap after
{Heap after GC invocations=41 (full 2):
 garbage-first heap   total 81920K, used 34130K [0x0000000704600000, 0x0000000800000000)
  region size 2048K, 3 young (6144K), 3 survivors (6144K)
 Metaspace       used 73995K, committed 74816K, reserved 1114112K
  class space    used 10180K, committed 10560K, reserved 1048576K
}
Event: 2236.107 GC heap before
{Heap before GC invocations=42 (full 2):
 garbage-first heap   total 81920K, used 66898K [0x0000000704600000, 0x0000000800000000)
  region size 2048K, 19 young (38912K), 3 survivors (6144K)
 Metaspace       used 74040K, committed 74880K, reserved 1114112K
  class space    used 10167K, committed 10560K, reserved 1048576K
}
Event: 2236.110 GC heap after
{Heap after GC invocations=43 (full 2):
 garbage-first heap   total 81920K, used 34863K [0x0000000704600000, 0x0000000800000000)
  region size 2048K, 2 young (4096K), 2 survivors (4096K)
 Metaspace       used 74040K, committed 74880K, reserved 1114112K
  class space    used 10167K, committed 10560K, reserved 1048576K
}
Event: 2236.575 GC heap before
{Heap before GC invocations=43 (full 2):
 garbage-first heap   total 81920K, used 69679K [0x0000000704600000, 0x0000000800000000)
  region size 2048K, 19 young (38912K), 2 survivors (4096K)
 Metaspace       used 74229K, committed 75072K, reserved 1114112K
  class space    used 10178K, committed 10560K, reserved 1048576K
}
Event: 2236.578 GC heap after
{Heap after GC invocations=44 (full 2):
 garbage-first heap   total 81920K, used 34587K [0x0000000704600000, 0x0000000800000000)
  region size 2048K, 2 young (4096K), 2 survivors (4096K)
 Metaspace       used 74229K, committed 75072K, reserved 1114112K
  class space    used 10178K, committed 10560K, reserved 1048576K
}
Event: 2539.886 GC heap before
{Heap before GC invocations=44 (full 2):
 garbage-first heap   total 81920K, used 69403K [0x0000000704600000, 0x0000000800000000)
  region size 2048K, 19 young (38912K), 2 survivors (4096K)
 Metaspace       used 74252K, committed 75072K, reserved 1114112K
  class space    used 10182K, committed 10560K, reserved 1048576K
}
Event: 2539.893 GC heap after
{Heap after GC invocations=45 (full 2):
 garbage-first heap   total 81920K, used 33919K [0x0000000704600000, 0x0000000800000000)
  region size 2048K, 2 young (4096K), 2 survivors (4096K)
 Metaspace       used 74252K, committed 75072K, reserved 1114112K
  class space    used 10182K, committed 10560K, reserved 1048576K
}
Event: 2917.569 GC heap before
{Heap before GC invocations=46 (full 2):
 garbage-first heap   total 81920K, used 68735K [0x0000000704600000, 0x0000000800000000)
  region size 2048K, 19 young (38912K), 2 survivors (4096K)
 Metaspace       used 74188K, committed 75072K, reserved 1114112K
  class space    used 10167K, committed 10560K, reserved 1048576K
}
Event: 2917.572 GC heap after
{Heap after GC invocations=47 (full 2):
 garbage-first heap   total 98304K, used 34885K [0x0000000704600000, 0x0000000800000000)
  region size 2048K, 2 young (4096K), 2 survivors (4096K)
 Metaspace       used 74188K, committed 75072K, reserved 1114112K
  class space    used 10167K, committed 10560K, reserved 1048576K
}
Event: 2918.035 GC heap before
{Heap before GC invocations=47 (full 2):
 garbage-first heap   total 98304K, used 84037K [0x0000000704600000, 0x0000000800000000)
  region size 2048K, 26 young (53248K), 2 survivors (4096K)
 Metaspace       used 74298K, committed 75072K, reserved 1114112K
  class space    used 10189K, committed 10560K, reserved 1048576K
}
Event: 2918.040 GC heap after
{Heap after GC invocations=48 (full 2):
 garbage-first heap   total 98304K, used 35188K [0x0000000704600000, 0x0000000800000000)
  region size 2048K, 3 young (6144K), 3 survivors (6144K)
 Metaspace       used 74298K, committed 75072K, reserved 1114112K
  class space    used 10189K, committed 10560K, reserved 1048576K
}
Event: 2918.614 GC heap before
{Heap before GC invocations=48 (full 2):
 garbage-first heap   total 98304K, used 82292K [0x0000000704600000, 0x0000000800000000)
  region size 2048K, 26 young (53248K), 3 survivors (6144K)
 Metaspace       used 74575K, committed 75328K, reserved 1114112K
  class space    used 10219K, committed 10560K, reserved 1048576K
}
Event: 2918.619 GC heap after
{Heap after GC invocations=49 (full 2):
 garbage-first heap   total 98304K, used 37358K [0x0000000704600000, 0x0000000800000000)
  region size 2048K, 4 young (8192K), 4 survivors (8192K)
 Metaspace       used 74575K, committed 75328K, reserved 1114112K
  class space    used 10219K, committed 10560K, reserved 1048576K
}
Event: 3339.880 GC heap before
{Heap before GC invocations=49 (full 2):
 garbage-first heap   total 98304K, used 80366K [0x0000000704600000, 0x0000000800000000)
  region size 2048K, 25 young (51200K), 4 survivors (8192K)
 Metaspace       used 74661K, committed 75456K, reserved 1114112K
  class space    used 10226K, committed 10560K, reserved 1048576K
}

Dll operation events (12 events):
Event: 0.008 Loaded shared library C:\pleiades\2024-06\java\21\bin\java.dll
Event: 0.221 Loaded shared library C:\pleiades\2024-06\java\21\bin\zip.dll
Event: 0.226 Loaded shared library C:\pleiades\2024-06\java\21\bin\instrument.dll
Event: 0.230 Loaded shared library C:\pleiades\2024-06\java\21\bin\net.dll
Event: 0.231 Loaded shared library C:\pleiades\2024-06\java\21\bin\nio.dll
Event: 0.233 Loaded shared library C:\pleiades\2024-06\java\21\bin\zip.dll
Event: 0.358 Loaded shared library C:\pleiades\2024-06\java\21\bin\jimage.dll
Event: 0.407 Loaded shared library C:\pleiades\2024-06\java\21\bin\management.dll
Event: 0.416 Loaded shared library C:\pleiades\2024-06\java\21\bin\management_ext.dll
Event: 0.583 Loaded shared library C:\pleiades\2024-06\java\21\bin\verify.dll
Event: 0.676 Loaded shared library C:\pleiades\2024-06\java\21\bin\extnet.dll
Event: 1.995 Loaded shared library C:\pleiades\2024-06\java\21\bin\sunmscapi.dll

Deoptimization events (20 events):
Event: 3093.974 Thread 0x000001faef471560 DEOPT PACKING pc=0x000001fa9c0e30f4 sp=0x00000001b12fdb80
Event: 3093.974 Thread 0x000001faef471560 DEOPT UNPACKING pc=0x000001fa9b4e4e42 sp=0x00000001b12fd0e8 mode 1
Event: 3093.975 Thread 0x000001faef471560 DEOPT PACKING pc=0x000001fa9baa723c sp=0x00000001b12fd6c0
Event: 3093.975 Thread 0x000001faef471560 DEOPT UNPACKING pc=0x000001fa9b4e4e42 sp=0x00000001b12fcc28 mode 1
Event: 3093.975 Thread 0x000001faef471560 DEOPT PACKING pc=0x000001fa9c0e30f4 sp=0x00000001b12fd730
Event: 3093.975 Thread 0x000001faef471560 DEOPT UNPACKING pc=0x000001fa9b4e4e42 sp=0x00000001b12fcc98 mode 1
Event: 3093.975 Thread 0x000001faef471560 DEOPT PACKING pc=0x000001fa9c0e30f4 sp=0x00000001b12fd730
Event: 3093.975 Thread 0x000001faef471560 DEOPT UNPACKING pc=0x000001fa9b4e4e42 sp=0x00000001b12fcc98 mode 1
Event: 3093.975 Thread 0x000001faef471560 DEOPT PACKING pc=0x000001fa9c0e30f4 sp=0x00000001b12fd730
Event: 3093.975 Thread 0x000001faef471560 DEOPT UNPACKING pc=0x000001fa9b4e4e42 sp=0x00000001b12fcc98 mode 1
Event: 3093.975 Thread 0x000001faef471560 DEOPT PACKING pc=0x000001fa9c0e30f4 sp=0x00000001b12fd730
Event: 3093.975 Thread 0x000001faef471560 DEOPT UNPACKING pc=0x000001fa9b4e4e42 sp=0x00000001b12fcc98 mode 1
Event: 3093.975 Thread 0x000001faef471560 DEOPT PACKING pc=0x000001fa9c0e30f4 sp=0x00000001b12fd730
Event: 3093.975 Thread 0x000001faef471560 DEOPT UNPACKING pc=0x000001fa9b4e4e42 sp=0x00000001b12fcc98 mode 1
Event: 3093.975 Thread 0x000001faef471560 DEOPT PACKING pc=0x000001fa9c0e30f4 sp=0x00000001b12fd730
Event: 3093.975 Thread 0x000001faef471560 DEOPT UNPACKING pc=0x000001fa9b4e4e42 sp=0x00000001b12fcc98 mode 1
Event: 3093.976 Thread 0x000001faef471560 DEOPT PACKING pc=0x000001fa9c0e30f4 sp=0x00000001b12fd730
Event: 3093.976 Thread 0x000001faef471560 DEOPT UNPACKING pc=0x000001fa9b4e4e42 sp=0x00000001b12fcc98 mode 1
Event: 3194.384 Thread 0x000001faef470ed0 DEOPT PACKING pc=0x000001fa9b846034 sp=0x00000001b01fdbd0
Event: 3194.384 Thread 0x000001faef470ed0 DEOPT UNPACKING pc=0x000001fa9b4e4e42 sp=0x00000001b01fd088 mode 0

Classes loaded (20 events):
Event: 1889.017 Loading class java/util/WeakHashMap$HashIterator done
Event: 1889.017 Loading class java/util/WeakHashMap$KeyIterator done
Event: 1889.065 Loading class java/lang/ref/Finalizer$2
Event: 1889.065 Loading class java/lang/ref/Finalizer$2 done
Event: 1889.067 Loading class java/lang/ref/Finalizer$1
Event: 1889.067 Loading class java/lang/ref/Finalizer$1 done
Event: 1889.527 Loading class java/util/WeakHashMap$EntrySet
Event: 1889.527 Loading class java/util/WeakHashMap$EntrySet done
Event: 1889.527 Loading class java/util/WeakHashMap$EntryIterator
Event: 1889.527 Loading class java/util/WeakHashMap$EntryIterator done
Event: 1892.435 Loading class java/time/DurationEditor
Event: 1892.435 Loading class java/time/DurationEditor done
Event: 1892.914 Loading class java/util/concurrent/locks/ReentrantReadWriteLock$Sync$HoldCounter
Event: 1892.914 Loading class java/util/concurrent/locks/ReentrantReadWriteLock$Sync$HoldCounter done
Event: 2131.341 Loading class java/time/DurationEditor
Event: 2131.341 Loading class java/time/DurationEditor done
Event: 2131.524 Loading class jdk/internal/loader/BootLoader$PackageHelper
Event: 2131.524 Loading class jdk/internal/loader/BootLoader$PackageHelper done
Event: 2236.583 Loading class java/time/DurationEditor
Event: 2236.583 Loading class java/time/DurationEditor done

Classes unloaded (20 events):
Event: 2539.927 Thread 0x000001faa62ea280 Unloading class 0x000001faa8510800 'java/lang/invoke/LambdaForm$MH+0x000001faa8510800'
Event: 2539.927 Thread 0x000001faa62ea280 Unloading class 0x000001faa8512400 'java/lang/invoke/LambdaForm$MH+0x000001faa8512400'
Event: 2539.927 Thread 0x000001faa62ea280 Unloading class 0x000001faa8512000 'java/lang/invoke/LambdaForm$MH+0x000001faa8512000'
Event: 2539.927 Thread 0x000001faa62ea280 Unloading class 0x000001faa85a0400 'java/lang/invoke/LambdaForm$MH+0x000001faa85a0400'
Event: 2539.927 Thread 0x000001faa62ea280 Unloading class 0x000001faa862d400 'java/lang/invoke/LambdaForm$MH+0x000001faa862d400'
Event: 2539.927 Thread 0x000001faa62ea280 Unloading class 0x000001faa8834000 'java/lang/invoke/LambdaForm$MH+0x000001faa8834000'
Event: 2539.927 Thread 0x000001faa62ea280 Unloading class 0x000001faa84a4c00 'java/lang/invoke/LambdaForm$MH+0x000001faa84a4c00'
Event: 2539.927 Thread 0x000001faa62ea280 Unloading class 0x000001faa84a4800 'jdk/internal/reflect/GeneratedSerializationConstructorAccessor57'
Event: 2539.927 Thread 0x000001faa62ea280 Unloading class 0x000001faa84f8c00 'jdk/internal/reflect/GeneratedSerializationConstructorAccessor56'
Event: 2539.927 Thread 0x000001faa62ea280 Unloading class 0x000001faa84f8800 'jdk/internal/reflect/GeneratedSerializationConstructorAccessor55'
Event: 2539.927 Thread 0x000001faa62ea280 Unloading class 0x000001faa844c800 'java/lang/invoke/LambdaForm$MH+0x000001faa844c800'
Event: 2539.927 Thread 0x000001faa62ea280 Unloading class 0x000001faa80c9c00 'java/lang/invoke/LambdaForm$MH+0x000001faa80c9c00'
Event: 2539.927 Thread 0x000001faa62ea280 Unloading class 0x000001faa80c9800 'java/lang/invoke/LambdaForm$MH+0x000001faa80c9800'
Event: 2539.927 Thread 0x000001faa62ea280 Unloading class 0x000001faa84e8400 'java/lang/invoke/LambdaForm$MH+0x000001faa84e8400'
Event: 2539.927 Thread 0x000001faa62ea280 Unloading class 0x000001faa8858000 'java/lang/invoke/LambdaForm$DMH+0x000001faa8858000'
Event: 2539.927 Thread 0x000001faa62ea280 Unloading class 0x000001faa8009c00 'java/lang/invoke/LambdaForm$MH+0x000001faa8009c00'
Event: 2539.927 Thread 0x000001faa62ea280 Unloading class 0x000001faa8006c00 'java/lang/invoke/LambdaForm$DMH+0x000001faa8006c00'
Event: 2539.927 Thread 0x000001faa62ea280 Unloading class 0x000001faa8128c00 'java/lang/invoke/LambdaForm$DMH+0x000001faa8128c00'
Event: 2539.927 Thread 0x000001faa62ea280 Unloading class 0x000001faa80cbc00 'java/lang/invoke/LambdaForm$MH+0x000001faa80cbc00'
Event: 2539.927 Thread 0x000001faa62ea280 Unloading class 0x000001faa8928c00 'java/lang/invoke/LambdaForm$MH+0x000001faa8928c00'

Classes redefined (0 events):
No events

Internal exceptions (20 events):
Event: 2236.671 Thread 0x000001faef4701b0 Exception <a 'java/lang/InterruptedException'{0x000000070894e838}: sleep interrupted> (0x000000070894e838) 
thrown [s\src\hotspot\share\prims\jvm.cpp, line 3074]
Event: 2236.681 Thread 0x000001faef470ed0 Exception <a 'java/lang/NoClassDefFoundError'{0x00000007088f3008}: jakarta/validation/ValidationException> (0x00000007088f3008) 
thrown [s\src\hotspot\share\classfile\systemDictionary.cpp, line 301]
Event: 2236.682 Thread 0x000001faef470ed0 Exception <a 'java/lang/NoClassDefFoundError'{0x00000007088f5768}: liquibase/exception/ChangeLogParseException> (0x00000007088f5768) 
thrown [s\src\hotspot\share\classfile\systemDictionary.cpp, line 301]
Event: 2493.977 Thread 0x000001faef471560 Exception <a 'java/lang/NoSuchMethodError'{0x00000007076ded60}: static [B.<clinit>()V> (0x00000007076ded60) 
thrown [s\src\hotspot\share\prims\jni.cpp, line 1111]
Event: 2917.299 Thread 0x000001faef470ed0 Exception <a 'sun/nio/fs/WindowsException'{0x0000000707a259a8}> (0x0000000707a259a8) 
thrown [s\src\hotspot\share\prims\jni.cpp, line 520]
Event: 2917.820 Thread 0x000001faef470ed0 Exception <a 'java/lang/NoClassDefFoundError'{0x0000000709569530}: org/flywaydb/core/Flyway> (0x0000000709569530) 
thrown [s\src\hotspot\share\oops\constantPool.cpp, line 873]
Event: 2917.821 Thread 0x000001faef470ed0 Exception <a 'java/lang/NoClassDefFoundError'{0x0000000709569b90}: liquibase/integration/spring/SpringLiquibase> (0x0000000709569b90) 
thrown [s\src\hotspot\share\oops\constantPool.cpp, line 873]
Event: 2917.824 Thread 0x000001faef470ed0 Exception <a 'java/lang/NoClassDefFoundError'{0x0000000709588458}: org/springframework/batch/core/repository/JobRepository> (0x0000000709588458) 
thrown [s\src\hotspot\share\oops\constantPool.cpp, line 873]
Event: 2917.825 Thread 0x000001faef470ed0 Exception <a 'java/lang/NoClassDefFoundError'{0x0000000709588ab0}: org/quartz/Scheduler> (0x0000000709588ab0) 
thrown [s\src\hotspot\share\oops\constantPool.cpp, line 873]
Event: 2917.826 Thread 0x000001faef470ed0 Exception <a 'java/lang/NoClassDefFoundError'{0x0000000709589130}: org/springframework/session/jdbc/JdbcIndexedSessionRepository> (0x0000000709589130) 
thrown [s\src\hotspot\share\oops\constantPool.cpp, line 873]
Event: 2917.832 Thread 0x000001faef470ed0 Exception <a 'java/lang/NoClassDefFoundError'{0x00000007095ef280}: org/jooq/DSLContext> (0x00000007095ef280) 
thrown [s\src\hotspot\share\oops\constantPool.cpp, line 873]
Event: 2917.846 Thread 0x000001faef470ed0 Exception <a 'java/lang/ArrayIndexOutOfBoundsException'{0x000000070931b798}> (0x000000070931b798) 
thrown [s\src\hotspot\share\runtime\sharedRuntime.cpp, line 625]
Event: 2917.846 Thread 0x000001faef470ed0 Exception <a 'java/lang/ArrayIndexOutOfBoundsException'{0x000000070931bd70}> (0x000000070931bd70) 
thrown [s\src\hotspot\share\runtime\sharedRuntime.cpp, line 625]
Event: 2917.847 Thread 0x000001faef470ed0 Exception <a 'java/lang/ArrayIndexOutOfBoundsException'{0x000000070932a888}> (0x000000070932a888) 
thrown [s\src\hotspot\share\runtime\sharedRuntime.cpp, line 625]
Event: 2917.847 Thread 0x000001faef470ed0 Exception <a 'java/lang/ArrayIndexOutOfBoundsException'{0x000000070932ae60}> (0x000000070932ae60) 
thrown [s\src\hotspot\share\runtime\sharedRuntime.cpp, line 625]
Event: 2917.963 Thread 0x000001faef470ed0 Exception <a 'java/lang/NoSuchMethodError'{0x0000000707e1b1d0}: 'int java.lang.invoke.DirectMethodHandle$Holder.invokeVirtual(java.lang.Object, java.lang.Object, java.lang.Object, java.lang.Object)'> (0x0000000707e1b1d0) 
thrown [s\src\hotspot\share\interpreter\linkResolver.cpp, line 773]
Event: 2917.963 Thread 0x000001faef470ed0 Exception <a 'java/lang/NoSuchMethodError'{0x0000000707e1e798}: 'int java.lang.invoke.DelegatingMethodHandle$Holder.reinvoke_L(java.lang.Object, java.lang.Object, java.lang.Object, java.lang.Object)'> (0x0000000707e1e798) 
thrown [s\src\hotspot\share\interpreter\linkResolver.cpp, line 773]
Event: 2917.973 Thread 0x000001faef470ed0 Exception <a 'java/io/FileNotFoundException'{0x0000000707e802c8}> (0x0000000707e802c8) 
thrown [s\src\hotspot\share\prims\jni.cpp, line 520]
Event: 2918.000 Thread 0x000001faef470ed0 Exception <a 'java/io/FileNotFoundException'{0x0000000707a39cf0}> (0x0000000707a39cf0) 
thrown [s\src\hotspot\share\prims\jni.cpp, line 520]
Event: 3093.976 Thread 0x000001faef471560 Exception <a 'java/lang/NoSuchMethodError'{0x0000000708d8bdd8}: static [B.<clinit>()V> (0x0000000708d8bdd8) 
thrown [s\src\hotspot\share\prims\jni.cpp, line 1111]

ZGC Phase Switch (0 events):
No events

VM Operations (20 events):
Event: 3235.007 Executing VM operation: get/set locals done
Event: 3235.008 Executing VM operation: get/set locals
Event: 3235.008 Executing VM operation: get/set locals done
Event: 3235.008 Executing VM operation: get/set locals
Event: 3235.008 Executing VM operation: get/set locals done
Event: 3235.008 Executing VM operation: get/set locals
Event: 3235.008 Executing VM operation: get/set locals done
Event: 3235.009 Executing VM operation: get/set locals
Event: 3235.009 Executing VM operation: get/set locals done
Event: 3235.009 Executing VM operation: get/set locals
Event: 3235.009 Executing VM operation: get/set locals done
Event: 3235.010 Executing VM operation: get/set locals
Event: 3235.010 Executing VM operation: get/set locals done
Event: 3235.010 Executing VM operation: get/set locals
Event: 3235.010 Executing VM operation: get/set locals done
Event: 3235.011 Executing VM operation: get/set locals
Event: 3235.011 Executing VM operation: get/set locals done
Event: 3249.113 Executing VM operation: Cleanup
Event: 3249.113 Executing VM operation: Cleanup done
Event: 3339.880 Executing VM operation: G1CollectForAllocation (G1 Evacuation Pause)

Events (20 events):
Event: 2539.937 Thread 0x000001faa62ea280 flushing nmethod 0x000001fa9b605110
Event: 2539.937 Thread 0x000001faa62ea280 flushing nmethod 0x000001fa9b604e10
Event: 2539.937 Thread 0x000001faa62ea280 flushing nmethod 0x000001fa9b60e110
Event: 2539.937 Thread 0x000001faa62ea280 flushing nmethod 0x000001fa9b604b10
Event: 2917.284 Thread 0x000001faef470ed0 Thread added: 0x000001faef470ed0
Event: 2917.360 Thread 0x000001faef46fb20 Thread added: 0x000001faef46fb20
Event: 2917.491 Thread 0x000001faef46fb20 Thread exited: 0x000001faef46fb20
Event: 2917.965 Thread 0x000001faa67fd430 Thread added: 0x000001faa67fd430
Event: 2917.965 Thread 0x000001faa67fe8a0 Thread added: 0x000001faa67fe8a0
Event: 2918.001 Thread 0x000001faef46f490 Thread added: 0x000001faef46f490
Event: 2918.001 Thread 0x000001faef472fa0 Thread added: 0x000001faef472fa0
Event: 2918.002 Thread 0x000001faef46fb20 Thread added: 0x000001faef46fb20
Event: 2918.107 Thread 0x000001faef473cc0 Thread added: 0x000001faef473cc0
Event: 2918.108 Thread 0x000001faef470840 Thread added: 0x000001faef470840
Event: 2918.221 Thread 0x000001faef474350 Thread added: 0x000001faef474350
Event: 2918.944 Thread 0x000001faa67fdb00 Thread added: 0x000001faa67fdb00
Event: 2924.219 Thread 0x000001faa67fdb00 Thread exited: 0x000001faa67fdb00
Event: 2924.313 Thread 0x000001faef474350 Thread exited: 0x000001faef474350
Event: 2929.227 Thread 0x000001faa67fe8a0 Thread exited: 0x000001faa67fe8a0
Event: 2929.227 Thread 0x000001faa67fd430 Thread exited: 0x000001faa67fd430


Dynamic libraries:
0x00007ff7293f0000 - 0x00007ff7293fe000 	C:\pleiades\2024-06\java\21\bin\javaw.exe
0x00007fffe1900000 - 0x00007fffe1b60000 	C:\WINDOWS\SYSTEM32\ntdll.dll
0x00007fffdf9b0000 - 0x00007fffdfa77000 	C:\WINDOWS\System32\KERNEL32.DLL
0x00007fffdf1f0000 - 0x00007fffdf5bb000 	C:\WINDOWS\System32\KERNELBASE.dll
0x00007fffded50000 - 0x00007fffdee9b000 	C:\WINDOWS\System32\ucrtbase.dll
0x00007fffd6f20000 - 0x00007fffd6f38000 	C:\pleiades\2024-06\java\21\bin\jli.dll
0x00007fffd6990000 - 0x00007fffd69ab000 	C:\pleiades\2024-06\java\21\bin\VCRUNTIME140.dll
0x00007fffdf700000 - 0x00007fffdf8cc000 	C:\WINDOWS\System32\USER32.dll
0x00007fffcabb0000 - 0x00007fffcae47000 	C:\WINDOWS\WinSxS\amd64_microsoft.windows.common-controls_6595b64144ccf1df_6.0.26100.3624_none_3e086962e3345f24\COMCTL32.dll
0x00007fffdeba0000 - 0x00007fffdebc7000 	C:\WINDOWS\System32\win32u.dll
0x00007fffe07a0000 - 0x00007fffe0849000 	C:\WINDOWS\System32\msvcrt.dll
0x00007fffe1600000 - 0x00007fffe162a000 	C:\WINDOWS\System32\GDI32.dll
0x00007fffdef40000 - 0x00007fffdf071000 	C:\WINDOWS\System32\gdi32full.dll
0x00007fffdf5c0000 - 0x00007fffdf663000 	C:\WINDOWS\System32\msvcp_win.dll
0x00007fffe0f80000 - 0x00007fffe0faf000 	C:\WINDOWS\System32\IMM32.DLL
0x00007fffd6980000 - 0x00007fffd698c000 	C:\pleiades\2024-06\java\21\bin\vcruntime140_1.dll
0x00007fffcb5e0000 - 0x00007fffcb66e000 	C:\pleiades\2024-06\java\21\bin\msvcp140.dll
0x00007fff8c970000 - 0x00007fff8d6f2000 	C:\pleiades\2024-06\java\21\bin\server\jvm.dll
0x00007fffdf8d0000 - 0x00007fffdf983000 	C:\WINDOWS\System32\ADVAPI32.dll
0x00007fffe05f0000 - 0x00007fffe0696000 	C:\WINDOWS\System32\sechost.dll
0x00007fffdfba0000 - 0x00007fffdfcb6000 	C:\WINDOWS\System32\RPCRT4.dll
0x00007fffe1410000 - 0x00007fffe1484000 	C:\WINDOWS\System32\WS2_32.dll
0x00007fffde960000 - 0x00007fffde9be000 	C:\WINDOWS\SYSTEM32\POWRPROF.dll
0x00007fffcd7b0000 - 0x00007fffcd7e6000 	C:\WINDOWS\SYSTEM32\WINMM.dll
0x00007fffd6250000 - 0x00007fffd625b000 	C:\WINDOWS\SYSTEM32\VERSION.dll
0x00007fffde930000 - 0x00007fffde944000 	C:\WINDOWS\SYSTEM32\UMPDC.dll
0x00007fffdd8b0000 - 0x00007fffdd8ca000 	C:\WINDOWS\SYSTEM32\kernel.appcore.dll
0x00007fffda240000 - 0x00007fffda24a000 	C:\pleiades\2024-06\java\21\bin\jimage.dll
0x00007fffdc4f0000 - 0x00007fffdc731000 	C:\WINDOWS\SYSTEM32\DBGHELP.DLL
0x00007fffe0fc0000 - 0x00007fffe1343000 	C:\WINDOWS\System32\combase.dll
0x00007fffdfcc0000 - 0x00007fffdfd96000 	C:\WINDOWS\System32\OLEAUT32.dll
0x00007fff8c250000 - 0x00007fff8c289000 	C:\WINDOWS\SYSTEM32\dbgcore.DLL
0x00007fffdeea0000 - 0x00007fffdef39000 	C:\WINDOWS\System32\bcryptPrimitives.dll
0x00007fffd9a10000 - 0x00007fffd9a4c000 	C:\pleiades\2024-06\java\21\bin\jdwp.dll
0x00007fffd8200000 - 0x00007fffd820f000 	C:\pleiades\2024-06\java\21\bin\instrument.dll
0x00007fffd6ee0000 - 0x00007fffd6eff000 	C:\pleiades\2024-06\java\21\bin\java.dll
0x00007fffe0850000 - 0x00007fffe0f79000 	C:\WINDOWS\System32\SHELL32.dll
0x00007fffdf080000 - 0x00007fffdf1e8000 	C:\WINDOWS\System32\wintypes.dll
0x00007fffdc760000 - 0x00007fffdcfb2000 	C:\WINDOWS\SYSTEM32\windows.storage.dll
0x00007fffdfda0000 - 0x00007fffdfe8d000 	C:\WINDOWS\System32\SHCORE.dll
0x00007fffe13a0000 - 0x00007fffe1404000 	C:\WINDOWS\System32\shlwapi.dll
0x00007fffde9f0000 - 0x00007fffdea1f000 	C:\WINDOWS\SYSTEM32\profapi.dll
0x00007fffd9a00000 - 0x00007fffd9a0b000 	C:\pleiades\2024-06\java\21\bin\dt_socket.dll
0x00007fffdd2c0000 - 0x00007fffdd2f3000 	C:\WINDOWS\SYSTEM32\IPHLPAPI.DLL
0x00007fffdddb0000 - 0x00007fffdde1a000 	C:\WINDOWS\system32\mswsock.dll
0x00007fffdd350000 - 0x00007fffdd475000 	C:\WINDOWS\SYSTEM32\DNSAPI.dll
0x00007fffe0410000 - 0x00007fffe041a000 	C:\WINDOWS\System32\NSI.dll
0x00007fffd6240000 - 0x00007fffd624b000 	C:\Windows\System32\rasadhlp.dll
0x00007fffd5700000 - 0x00007fffd5785000 	C:\WINDOWS\System32\fwpuclnt.dll
0x00007fffd6dd0000 - 0x00007fffd6de8000 	C:\pleiades\2024-06\java\21\bin\zip.dll
0x00007fffd72d0000 - 0x00007fffd72e0000 	C:\pleiades\2024-06\java\21\bin\net.dll
0x00007fffd6f50000 - 0x00007fffd706d000 	C:\WINDOWS\SYSTEM32\WINHTTP.dll
0x00007fffd6db0000 - 0x00007fffd6dc6000 	C:\pleiades\2024-06\java\21\bin\nio.dll
0x00007fffda4e0000 - 0x00007fffda4ea000 	C:\pleiades\2024-06\java\21\bin\management.dll
0x00007fffda4d0000 - 0x00007fffda4db000 	C:\pleiades\2024-06\java\21\bin\management_ext.dll
0x00007fffdf9a0000 - 0x00007fffdf9a8000 	C:\WINDOWS\System32\PSAPI.DLL
0x00007fff90530000 - 0x00007fff90548000 	C:\WINDOWS\system32\napinsp.dll
0x00007fff90510000 - 0x00007fff90522000 	C:\WINDOWS\System32\winrnr.dll
0x00007fff904d0000 - 0x00007fff90500000 	C:\WINDOWS\system32\nlansp_c.dll
0x00007fffd5b80000 - 0x00007fffd5b96000 	C:\WINDOWS\system32\wshbth.dll
0x00007fffd6970000 - 0x00007fffd6980000 	C:\pleiades\2024-06\java\21\bin\verify.dll
0x00007fffde160000 - 0x00007fffde17c000 	C:\WINDOWS\SYSTEM32\CRYPTSP.dll
0x00007fffdd810000 - 0x00007fffdd84a000 	C:\WINDOWS\system32\rsaenh.dll
0x00007fffdde50000 - 0x00007fffdde7b000 	C:\WINDOWS\SYSTEM32\USERENV.dll
0x00007fffde2f0000 - 0x00007fffde316000 	C:\WINDOWS\SYSTEM32\bcrypt.dll
0x00007fffddfe0000 - 0x00007fffddfec000 	C:\WINDOWS\SYSTEM32\CRYPTBASE.dll
0x00007fffda250000 - 0x00007fffda259000 	C:\pleiades\2024-06\java\21\bin\extnet.dll
0x00007fffd5950000 - 0x00007fffd595e000 	C:\pleiades\2024-06\java\21\bin\sunmscapi.dll
0x00007fffdebd0000 - 0x00007fffded47000 	C:\WINDOWS\System32\CRYPT32.dll
0x00007fffde2b0000 - 0x00007fffde2e0000 	C:\WINDOWS\SYSTEM32\ncrypt.dll
0x00007fffde260000 - 0x00007fffde29f000 	C:\WINDOWS\SYSTEM32\NTASN1.dll
0x00007fffaec90000 - 0x00007fffaec98000 	C:\WINDOWS\system32\wshunix.dll

dbghelp: loaded successfully - version: 4.0.5 - missing functions: none
symbol engine: initialized successfully - sym options: 0x614 - pdb path: .;C:\pleiades\2024-06\java\21\bin;C:\WINDOWS\SYSTEM32;C:\WINDOWS\WinSxS\amd64_microsoft.windows.common-controls_6595b64144ccf1df_6.0.26100.3624_none_3e086962e3345f24;C:\pleiades\2024-06\java\21\bin\server

VM Arguments:
jvm_args: -XX:+ShowCodeDetailsInExceptionMessages -agentlib:jdwp=transport=dt_socket,suspend=y,address=localhost:51008 -Dcom.sun.management.jmxremote -Dcom.sun.management.jmxremote.port=51007 -Dcom.sun.management.jmxremote.authenticate=false -Dcom.sun.management.jmxremote.ssl=false -Djava.rmi.server.hostname=localhost -Dspring.jmx.enabled=true -Dmanagement.endpoints.jmx.exposure.include=* -Dspring.application.admin.enabled=true -XX:TieredStopAtLevel=1 -Dspring.boot.project.name=spring-chap8-ec -javaagent:C:\pleiades\2024-06\eclipse\configuration\org.eclipse.osgi\251\0\.cp\lib\javaagent-shaded.jar -Dfile.encoding=UTF-8 -Dstdout.encoding=UTF-8 -Dstderr.encoding=UTF-8 
java_command: com.example.demo.SpringChap8EcApplication --spring.output.ansi.enabled=always
java_class_path (initial): C:\training\spring-workspace\spring-chap8-ec\bin\main;C:\Users\student\.gradle\caches\modules-2\files-2.1\org.springframework.boot\spring-boot-starter-data-jpa\3.4.1\f06be4354c339f3f880a5c66a6913cd2366eb225\spring-boot-starter-data-jpa-3.4.1.jar;C:\Users\student\.gradle\caches\modules-2\files-2.1\org.springframework.boot\spring-boot-starter-thymeleaf\3.4.1\a2903c33815dbc9c65c97f83e32dcea2d9935429\spring-boot-starter-thymeleaf-3.4.1.jar;C:\Users\student\.gradle\caches\modules-2\files-2.1\org.springframework.boot\spring-boot-starter-web\3.4.1\ff7227fc62338e0f6eba3f9f94c12eb952d4da95\spring-boot-starter-web-3.4.1.jar;C:\Users\student\.gradle\caches\modules-2\files-2.1\org.springframework.boot\spring-boot-starter-jdbc\3.4.1\307db83ee5f33fe810565cf980f73747b8f8f43b\spring-boot-starter-jdbc-3.4.1.jar;C:\Users\student\.gradle\caches\modules-2\files-2.1\org.springframework.boot\spring-boot-starter-json\3.4.1\c1d084f65d8d9f2de9daccab47c4f452fb0464de\spring-boot-starter-json-3.4.1.jar;C:\Users\student\.gradle\caches\modules-2\files-2.1\org.springframework.boot\spring-boot-starter\3.4.1\2c97b6fdc451ea69cd04dcfa54980439b7c7cb34\spring-boot-starter-3.4.1.jar;C:\Users\student\.gradle\caches\modules-2\files-2.1\org.hibernate.orm\hibernate-core\6.6.4.Final\95c6d2d58c40dbbfbbd58084941e5cbca4ddef2f\hibernate-core-6.6.4.Final.jar;C:\Users\student\.gradle\caches\modules-2\files-2.1\org.springframework.data\spring-data-jpa\3.4.1\1c704fa9169ea3745775568e733fddd0132070b2\spring-data-jpa-3.4.1.jar;C:\Users\student\.gradle\caches\modules-2\files-2.1\org.springframework\spring-aspects\6.2.1\50350218608abf215ae40ef00c87cc666737e199\spring-aspects-6.2.1.jar;C:\Users\student\.gradle\caches\modules-2\files-2.1\org.thymeleaf\thymeleaf-spring6\3.1.3.RELEASE\4b276ea2bd536a18e44b40ff1d9f4848965ff59c\thymeleaf-spring6-3.1.3.RELEASE.jar;C:\Users\student\.gradle\caches\modules-2\files-2.1\org.springframework.boot\spring-boot-starter-tomcat\3.4.1\ac4bb51582c57cfb0d2beb102a76fe1a4d8b8b21\spring-boot-starter-tomcat-3.4.1.jar;C:\Users\student\.gradle\caches\modules-2\files-2.1\org.springframework\spring-webmvc\6.2.1\44bdf7e5641d44044ac52d7bb5c1fc46004e7754\spring-webmvc-6.2.1.jar;C:\Users\student\.gradle\caches\modules-2\files-2.1\org.springframework\spring-web\6.2.1\877acb94c5b3a0c92e652b6bebdfdc7c60922ac8\spring-web-6.2.1.jar;C:\Users\student\.gradle\caches\modules-2\files-2.1\org.springframework.boot\spring-boot-autoconfigure\3.4.1\f17b54cc5816ec8f06d0aca9df11c330ead97f2a\spring-boot-autoconfigure-3.4.1.jar;C:\Users\student\.gradle\caches\modules-2\files-2.1\org.springframework.boot\spring-boot\3.4.1\5fb9890a5eb7c4e86c8f5c0f6960b79240daf3d5\spring-boot-3.4.1.jar;C:\Users\student\.gradle\caches\modules-2\files-2.1\org.springframework.boot\spring-boot-starter-logging\3.4.1\5cd01e208b15113c7f88b3ea40e843ea9989f38a\spring-boot-starter-logging-3.4.1.jar;C:\Users\student\.gradle\caches\modules-2\files-2.1\jakarta.annotation\jakarta.annotation-api\2.1.1\48b9bda22b091b1f48b13af03fe36db3be6e1ae3\jakarta.annotation-api-2.1.1.jar;C:\Users\student\.gradle\caches\modules-2\files-2.1\org.springframework\spring-orm\6.2.1\7fd75b4984d92c3c5e46ee94365cfc79d2daa821\spring-orm-6.2.1.jar;C:\Users\student\.gradle\caches\modules-2\files-2.1\org.springframework\spring-jdbc\6.2.1\def8d3d9bebafc36c19f8407645eddde32454c8a\spring-jdbc-6.2.1.jar;C:\Users\student\.gradle\caches\modules-2\files-2.1\org.springframework.data\spring-data-commons\3.4.1\3ae5f19bc2b1b30de85b0610ae25818c2e7c295a\spring-data-commons-3.4.1.jar;C:\Users\student\.gradle\caches\modules-2\files-2.1\org.springframework\spring-context\6.2.1\f56c7431b03860bfdb016e68f484c5c35531ef2e\spring-context-6.2.1.jar;C:\Users\student\.gradle\caches\modules-2\files-2.1\org.springframework\spring-aop\6.2.1\a9384de38fc00751084446ba014a0c4962240244\spring-aop-6.2.1.jar;C:\Users\student\.gradle\caches\modules-2\files-2.1\org.springframework\spring-tx\6.2.1\5ffde4fee85ff021ad613b9e86a9be893fb52572\spring-tx-6.2.1.jar;C:\Users\student\.gradle\caches\modules-2\files-2.1\org.springframework\spring-beans\6.2.1\ab57ec03ba6900075bf28e3cd70ccce173205b8d\spring-beans-6.2.1.jar;C:\Users\student\.gradle\caches\modules-2\files-2.1\org.springframework\spring-expression\6.2.1\91fcf6b9501705c31c8337e2713fe823bb512b24\spring-expression-6.2.1.jar;C:\Users\student\.gradle\caches\modules-2\files-2.1\org.springframework\spring-core\6.2.1\f42e6b51d9c0c2fcf95df9e5848470d173adc9af\spring-core-6.2.1.jar;C:\Users\student\.gradle\caches\modules-2\files-2.1\org.yaml\snakeyaml\2.3\936b36210e27320f920536f695cf1af210c44586\snakeyaml-2.3.jar;C:\Users\student\.gradle\caches\modules-2\files-2.1\com.zaxxer\HikariCP\5.1.0\8c96e36c14461fc436bb02b264b96ef3ca5dca8c\HikariCP-5.1.0.jar;C:\Users\student\.gradle\caches\modules-2\files-2.1\jakarta.persistence\jakarta.persistence-api\3.1.0\66901fa1c373c6aff65c13791cc11da72060a8d6\jakarta.persistence-api-3.1.0.jar;C:\Users\student\.gradle\caches\modules-2\files-2.1\jakarta.transaction\jakarta.transaction-api\2.0.1\51a520e3fae406abb84e2e1148e6746ce3f80a1a\jakarta.transaction-api-2.0.1.jar;C:\Users\student\.gradle\caches\modules-2\files-2.1\org.antlr\antlr4-runtime\4.13.0\5a02e48521624faaf5ff4d99afc88b01686af655\antlr4-runtime-4.13.0.jar;C:\Users\student\.gradle\caches\modules-2\files-2.1\org.thymeleaf\thymeleaf\3.1.3.RELEASE\51474f2a90b282ee97dabcd159c7faf24790f373\thymeleaf-3.1.3.RELEASE.jar;C:\Users\student\.gradle\caches\modules-2\files-2.1\ch.qos.logback\logback-classic\1.5.12\3790d1a62e868f7915776dfb392bd9a29ce8d954\logback-classic-1.5.12.jar;C:\Users\student\.gradle\caches\modules-2\files-2.1\org.apache.logging.log4j\log4j-to-slf4j\2.24.3\da1143e2a2531ee1c2d90baa98eb50a28a39d5a7\log4j-to-slf4j-2.24.3.jar;C:\Users\student\.gradle\caches\modules-2\files-2.1\org.slf4j\jul-to-slf4j\2.0.16\6d57da3e961daac65bcca0dd3def6cd11e48a24a\jul-to-slf4j-2.0.16.jar;C:\Users\student\.gradle\caches\modules-2\files-2.1\org.slf4j\slf4j-api\2.0.16\172931663a09a1fa515567af5fbef00897d3c04\slf4j-api-2.0.16.jar;C:\Users\student\.gradle\caches\modules-2\files-2.1\org.aspectj\aspectjweaver\1.9.22.1\bca243d0af0db4758fbae45c5f4995cb5dabb612\aspectjweaver-1.9.22.1.jar;C:\Users\student\.gradle\caches\modules-2\files-2.1\com.fasterxml.jackson.datatype\jackson-datatype-jsr310\2.18.2\7b6ff96adf421f4c6edbd694e797dd8fe434510a\jackson-datatype-jsr310-2.18.2.jar;C:\Users\student\.gradle\caches\modules-2\files-2.1\com.fasterxml.jackson.module\jackson-module-parameter-names\2.18.2\72960cb3277347a748911d100c3302d60e8a616a\jackson-module-parameter-names-2.18.2.jar;C:\Users\student\.gradle\caches\modules-2\files-2.1\com.fasterxml.jackson.core\jackson-annotations\2.18.2\985d77751ebc7fce5db115a986bc9aa82f973f4a\jackson-annotations-2.18.2.jar;C:\Users\student\.gradle\caches\modules-2\files-2.1\com.fasterxml.jackson.core\jackson-core\2.18.2\fb64ccac5c27dca8819418eb4e443a9f496d9ee7\jackson-core-2.18.2.jar;C:\Users\student\.gradle\caches\modules-2\files-2.1\com.fasterxml.jackson.datatype\jackson-datatype-jdk8\2.18.2\9ed6d538ebcc66864e114a7040953dce6ab6ea53\jackson-datatype-jdk8-2.18.2.jar;C:\Users\student\.gradle\caches\modules-2\files-2.1\com.fasterxml.jackson.core\jackson-databind\2.18.2\deef8697b92141fb6caf7aa86966cff4eec9b04f\jackson-databind-2.18.2.jar;C:\Users\student\.gradle\caches\modules-2\files-2.1\org.apache.tomcat.embed\tomcat-embed-websocket\10.1.34\eef6d430f34b6e393b8d9e40f10db9043732b4e5\tomcat-embed-websocket-10.1.34.jar;C:\Users\student\.gradle\caches\modules-2\files-2.1\org.apache.tomcat.embed\tomcat-embed-core\10.1.34\f610f84be607fbc82e393cc220f0ad45f92afc91\tomcat-embed-core-10.1.34.jar;C:\Users\student\.gradle\caches\modules-2\files-2.1\org.apache.tomcat.embed\tomcat-embed-el\10.1.34\d2b2daca3bc999c62e58ae36b45ba0582530fb25\tomcat-embed-el-10.1.34.jar;C:\Users\student\.gradle\caches\modules-2\files-2.1\io.micrometer\micrometer-observation\1.14.2\a9cad29cc04c0f7e30e3e58b454d4cd47ccc54bd\micrometer-observation-1.14.2.jar;C:\Users\student\.gradle\caches\modules-2\files-2.1\org.springframework\spring-jcl\6.2.1\a5d662d64470aff0ae51d210147bb6ede31a8ea3\spring-jcl-6.2.1.jar;C:\Users\student\.gradle\caches\modules-2\files-2.1\org.attoparser\attoparser\2.0.7.RELEASE\e5d0e988d9124139d645bb5872b24dfa23e283cc\attoparser-2.0.7.RELEASE.jar;C:\Users\student\.gradle\caches\modules-2\files-2.1\org.unbescape\unbescape\1.1.6.RELEASE\7b90360afb2b860e09e8347112800d12c12b2a13\unbescape-1.1.6.RELEASE.jar;C:\Users\student\.gradle\caches\modules-2\files-2.1\io.micrometer\micrometer-commons\1.14.2\69c454dbec59c7842cf59a534b7ec03618d75b91\micrometer-commons-1.14.2.jar;C:\Users\student\.gradle\caches\modules-2\files-2.1\ch.qos.logback\logback-core\1.5.12\65b1fa25fe8d8e4bdc140e79eb67ac6741f775e2\logback-core-1.5.12.jar;C:\Users\student\.gradle\caches\modules-2\files-2.1\org.apache.logging.log4j\log4j-api\2.24.3\b02c125db8b6d295adf72ae6e71af5d83bce2370\log4j-api-2.24.3.jar;C:\Users\student\.gradle\caches\modules-2\files-2.1\org.springframework.boot\spring-boot-devtools\3.4.1\3bdbab471c56ce1fece521e9db67102d018006c4\spring-boot-devtools-3.4.1.jar;C:\Users\student\.gradle\caches\modules-2\files-2.1\org.postgresql\postgresql\42.7.4\264310fd7b2cd76738787dc0b9f7ea2e3b11adc1\postgresql-42.7.4.jar;C:\Users\student\.gradle\caches\modules-2\files-2.1\org.checkerframework\checker-qual\3.42.0\638ec33f363a94d41a4f03c3e7d3dcfba64e402d\checker-qual-3.42.0.jar;C:\Users\student\.gradle\caches\modules-2\files-2.1\org.jboss.logging\jboss-logging\3.6.1.Final\886afbb445b4016a37c8960a7aef6ebd769ce7e5\jboss-logging-3.6.1.Final.jar;C:\Users\student\.gradle\caches\modules-2\files-2.1\org.hibernate.common\hibernate-commons-annotations\7.0.3.Final\e183c4be8bb41d12e9f19b374e00c34a0a85f439\hibernate-commons-annotations-7.0.3.Final.jar;C:\Users\student\.gradle\caches\modules-2\files-2.1\io.smallrye\jandex\3.2.0\f17ad860f62a08487b9edabde608f8ac55c62fa7\jandex-3.2.0.jar;C:\Users\student\.gradle\caches\modules-2\files-2.1\com.fasterxml\classmate\1.7.0\e98374da1f2143ac8e6e0a95036994bb19137a3\classmate-1.7.0.jar;C:\Users\student\.gradle\caches\modules-2\files-2.1\net.bytebuddy\byte-buddy\1.15.11\f61886478e0f9ee4c21d09574736f0ff45e0a46c\byte-buddy-1.15.11.jar;C:\Users\student\.gradle\caches\modules-2\files-2.1\org.glassfish.jaxb\jaxb-runtime\4.0.5\ca84c2a7169b5293e232b9d00d1e4e36d4c3914a\jaxb-runtime-4.0.5.jar;C:\Users\student\.gradle\caches\modules-2\files-2.1\org.glassfish.jaxb\jaxb-core\4.0.5\7b4b11ea5542eea4ad55e1080b23be436795b3\jaxb-core-4.0.5.jar;C:\Users\student\.gradle\caches\modules-2\files-2.1\jakarta.xml.bind\jakarta.xml.bind-api\4.0.2\6cd5a999b834b63238005b7144136379dc36cad2\jakarta.xml.bind-api-4.0.2.jar;C:\Users\student\.gradle\caches\modules-2\files-2.1\jakarta.inject\jakarta.inject-api\2.0.1\4c28afe1991a941d7702fe1362c365f0a8641d1e\jakarta.inject-api-2.0.1.jar;C:\Users\student\.gradle\caches\modules-2\files-2.1\org.eclipse.angus\angus-activation\2.0.2\41f1e0ddd157c856926ed149ab837d110955a9fc\angus-activation-2.0.2.jar;C:\Users\student\.gradle\caches\modules-2\files-2.1\jakarta.activation\jakarta.activation-api\2.1.3\fa165bd70cda600368eee31555222776a46b881f\jakarta.activation-api-2.1.3.jar;C:\Users\student\.gradle\caches\modules-2\files-2.1\org.glassfish.jaxb\txw2\4.0.5\f36a4ef12120a9bb06d766d6a0e54b144fd7ed98\txw2-4.0.5.jar;C:\Users\student\.gradle\caches\modules-2\files-2.1\com.sun.istack\istack-commons-runtime\4.1.2\18ec117c85f3ba0ac65409136afa8e42bc74e739\istack-commons-runtime-4.1.2.jar
Launcher Type: SUN_STANDARD

[Global flags]
     intx CICompilerCount                          = 4                                         {product} {ergonomic}
     uint ConcGCThreads                            = 2                                         {product} {ergonomic}
     uint G1ConcRefinementThreads                  = 8                                         {product} {ergonomic}
   size_t G1HeapRegionSize                         = 2097152                                   {product} {ergonomic}
    uintx GCDrainStackTargetSize                   = 64                                        {product} {ergonomic}
   size_t InitialHeapSize                          = 264241152                                 {product} {ergonomic}
     bool ManagementServer                         = true                                      {product} {command line}
   size_t MarkStackSize                            = 4194304                                   {product} {ergonomic}
   size_t MaxHeapSize                              = 4221566976                                {product} {ergonomic}
   size_t MaxNewSize                               = 2531262464                                {product} {ergonomic}
   size_t MinHeapDeltaBytes                        = 2097152                                   {product} {ergonomic}
   size_t MinHeapSize                              = 8388608                                   {product} {ergonomic}
    uintx NonNMethodCodeHeapSize                   = 4096                                   {pd product} {ergonomic}
    uintx NonProfiledCodeHeapSize                  = 0                                      {pd product} {ergonomic}
     bool ProfileInterpreter                       = false                                  {pd product} {command line}
    uintx ProfiledCodeHeapSize                     = 0                                      {pd product} {ergonomic}
     bool ShowCodeDetailsInExceptionMessages       = true                                   {manageable} {command line}
   size_t SoftMaxHeapSize                          = 4221566976                             {manageable} {ergonomic}
     intx TieredStopAtLevel                        = 1                                         {product} {command line}
     bool UseCompressedOops                        = true                           {product lp64_product} {ergonomic}
     bool UseG1GC                                  = true                                      {product} {ergonomic}
     bool UseLargePagesIndividualAllocation        = false                                  {pd product} {ergonomic}

Logging:
Log output configuration:
 #0: stdout all=warning uptime,level,tags foldmultilines=false
 #1: stderr all=off uptime,level,tags foldmultilines=false

Environment Variables:
PATH=C:/pleiades/2024-06/java/21/bin/server;C:/pleiades/2024-06/java/21/bin;C:\WINDOWS\system32;C:\WINDOWS;C:\WINDOWS\System32\Wbem;C:\WINDOWS\System32\WindowsPowerShell\v1.0\;C:\WINDOWS\System32\OpenSSH\;C:\Program Files\Git\cmd;C:\Program Files (x86)\Microsoft SQL Server\160\Tools\Binn\;C:\Program Files\Microsoft SQL Server\160\Tools\Binn\;C:\Program Files\Microsoft SQL Server\Client SDK\ODBC\170\Tools\Binn\;C:\Program Files\Microsoft SQL Server\160\DTS\Binn\;C:\Program Files (x86)\Microsoft SQL Server\160\DTS\Binn\;C:\Program Files\Microsoft SQL Server\150\Tools\Binn\;C:\Program Files\dotnet\;C:\Program Files\PostgreSQL\16\bin;C:\Users\student\AppData\Local\Programs\Eclipse Adoptium\jdk-21.0.5.11-hotspot\bin;C:\Ruby33-x64\bin;C:\Users\student\AppData\Local\Programs\Python\Python312\Scripts\;C:\Users\student\AppData\Local\Programs\Python\Python312\;C:\Users\student\AppData\Local\Microsoft\WindowsApps;C:\Users\student\AppData\Local\Programs\Microsoft VS Code\bin;C:\Users\student\.dotnet\tools;;C:\pleiades\2024-06\eclipse;
USERNAME=student
OS=Windows_NT
PROCESSOR_IDENTIFIER=Intel64 Family 6 Model 142 Stepping 12, GenuineIntel
TMP=C:\Users\student\AppData\Local\Temp
TEMP=C:\Users\student\AppData\Local\Temp




Periodic native trim disabled

---------------  S Y S T E M  ---------------

OS:
 Windows 11 , 64 bit Build 26100 (10.0.26100.3624)
OS uptime: 0 days 6:01 hours
Hyper-V role detected

CPU: total 8 (initial active 8) (4 cores per cpu, 2 threads per core) family 6 model 142 stepping 12 microcode 0xfc, cx8, cmov, fxsr, ht, mmx, 3dnowpref, sse, sse2, sse3, ssse3, sse4.1, sse4.2, popcnt, lzcnt, tsc, tscinvbit, avx, avx2, aes, erms, clmul, bmi1, bmi2, adx, fma, vzeroupper, clflush, clflushopt, hv, rdtscp, f16c
Processor Information for all 8 processors :
  Max Mhz: 2112, Current Mhz: 1609, Mhz Limit: 1605

Memory: 4k page, system-wide physical 16101M (8204M free)
TotalPageFile size 17125M (AvailPageFile size 7043M)
current process WorkingSet (physical memory assigned to process): 280M, peak: 294M
current process commit charge ("private bytes"): 317M, peak: 373M

vm_info: OpenJDK 64-Bit Server VM (21.0.3+9-LTS) for windows-amd64 JRE (21.0.3+9-LTS), built on 2024-04-16T00:00:00Z by "admin" with MS VC++ 17.7 (VS2022)

END.
